Port monitor named: Port2_h1.prt

nx        = 13
ny        = 13
nz        = 54

nu        = 13
nv        = 13
iu        = 1
iv        = 1

idir      = 2
dcut      = 0.000000e+000
icut      = 1
type      = 1
frequency = 6.000000e+010

fcutoff   = 0.000000e+000
alpha     = 0.000000e+000
beta      = 2.141457e+003
accuracy  = 1.591023e-014

type          = TEM
wave imp.     = 2.212236e+002
wave imp.sig. = 6.253339e-006
line imp.     = 2.212237e+002

ref. port     = 0

0.000000e+000  -6.772722e-009  9.357482e-009  -2.420763e-008  -2.008168e-008  -1.064627e-008  -3.024209e-009  2.867414e-009  5.292545e-009  -1.035065e-008  -8.868437e-008  -1.871653e-008  0.000000e+000  
0.000000e+000  -4.324331e-008  5.886544e-008  -8.935905e-008  -6.261260e-008  -3.113025e-008  -8.307552e-009  1.013789e-008  2.392052e-008  -3.196036e-009  -3.399746e-007  -2.729900e-008  0.000000e+000  
0.000000e+000  -2.705001e-007  -7.204222e-007  -2.680141e-007  -1.184071e-007  -5.192119e-008  -1.247939e-008  2.182147e-008  6.991526e-008  1.777879e-007  5.500283e-007  1.626098e-007  0.000000e+000  
0.000000e+000  -1.395210e-007  -2.571653e-007  -1.795991e-007  -1.022350e-007  -4.983120e-008  -1.234300e-008  2.204689e-008  6.533429e-008  1.305988e-007  2.116773e-007  1.059837e-007  0.000000e+000  
0.000000e+000  -5.776373e-008  -9.875059e-008  -9.098128e-008  -6.110481e-008  -3.282242e-008  -9.110451e-009  1.337481e-008  3.877656e-008  6.759652e-008  8.507262e-008  4.972527e-008  0.000000e+000  
0.000000e+000  -1.258284e-008  -2.344422e-008  -2.446782e-008  -1.838166e-008  -1.124334e-008  -4.650293e-009  1.786038e-009  8.799296e-009  1.593839e-008  1.907784e-008  1.166374e-008  0.000000e+000  
0.000000e+000  1.859559e-008  3.563871e-008  3.493231e-008  2.329013e-008  1.087978e-008  0.000000e+000  -1.037841e-008  -2.130141e-008  -3.172158e-008  -3.476154e-008  -2.101944e-008  0.000000e+000  
0.000000e+000  7.238891e-008  1.215848e-007  1.052708e-007  6.572962e-008  3.150751e-008  4.009735e-009  -2.196376e-008  -5.190565e-008  -8.676172e-008  -1.081875e-007  -6.291422e-008  0.000000e+000  
0.000000e+000  1.682593e-007  3.177477e-007  1.988337e-007  1.028508e-007  4.541028e-008  6.532050e-009  -2.958222e-008  -7.759518e-008  -1.552314e-007  -2.582281e-007  -1.271363e-007  0.000000e+000  
0.000000e+000  3.075128e-007  9.256898e-007  2.694659e-007  1.014293e-007  4.075227e-008  6.287586e-009  -2.529891e-008  -7.366292e-008  -1.983394e-007  -6.734816e-007  -1.863487e-007  0.000000e+000  
0.000000e+000  -2.211230e-007  -7.998255e-007  -1.248893e-007  -1.308612e-009  1.159622e-008  3.340493e-009  -5.410749e-009  2.126039e-009  9.193967e-008  5.858991e-007  1.172552e-007  0.000000e+000  
0.000000e+000  -8.297060e-008  -1.815710e-007  -6.041017e-008  -1.055621e-008  8.764837e-010  9.559042e-010  4.409228e-010  8.444148e-009  4.582358e-008  1.408199e-007  5.161673e-008  0.000000e+000  
0.000000e+000  0.000000e+000  0.000000e+000  0.000000e+000  0.000000e+000  0.000000e+000  0.000000e+000  0.000000e+000  0.000000e+000  0.000000e+000  0.000000e+000  0.000000e+000  0.000000e+000  

2.689331e+001  2.689331e+001  2.689331e+001  2.689331e+001  2.689331e+001  2.689331e+001  2.689331e+001  2.689331e+001  2.689331e+001  2.689331e+001  2.689331e+001  2.689331e+001  0.000000e+000  
2.689331e+001  2.689331e+001  2.689331e+001  2.689331e+001  2.689331e+001  2.689331e+001  2.689331e+001  2.689331e+001  2.689331e+001  2.689331e+001  2.689331e+001  2.689331e+001  0.000000e+000  
2.689331e+001  2.689331e+001  2.689331e+001  2.689331e+001  2.689331e+001  2.689331e+001  2.689331e+001  2.689331e+001  2.689331e+001  2.689331e+001  2.689331e+001  2.689331e+001  0.000000e+000  
2.689331e+001  2.689331e+001  2.689331e+001  2.689331e+001  2.689331e+001  2.689331e+001  2.689331e+001  2.689331e+001  2.689331e+001  2.689331e+001  2.689331e+001  2.689331e+001  0.000000e+000  
2.689331e+001  2.689331e+001  2.689331e+001  2.689331e+001  2.689331e+001  2.689331e+001  2.689331e+001  2.689331e+001  2.689331e+001  2.689331e+001  2.689331e+001  2.689331e+001  0.000000e+000  
2.689331e+001  2.689331e+001  2.689331e+001  2.689331e+001  2.689331e+001  2.689331e+001  2.689331e+001  2.689331e+001  2.689331e+001  2.689331e+001  2.689331e+001  2.689331e+001  0.000000e+000  
2.689331e+001  2.689331e+001  2.689331e+001  2.689331e+001  2.689331e+001  2.689331e+001  2.689331e+001  2.689331e+001  2.689331e+001  2.689331e+001  2.689331e+001  2.689331e+001  0.000000e+000  
2.689330e+001  2.689330e+001  2.689331e+001  2.689331e+001  2.689331e+001  2.689331e+001  2.689331e+001  2.689331e+001  2.689331e+001  2.689331e+001  2.689331e+001  2.689331e+001  0.000000e+000  
2.689330e+001  2.689330e+001  2.689330e+001  2.689331e+001  2.689331e+001  2.689331e+001  2.689331e+001  2.689331e+001  2.689331e+001  2.689331e+001  2.689331e+001  2.689331e+001  0.000000e+000  
2.689330e+001  2.689330e+001  2.689330e+001  2.689330e+001  2.689331e+001  2.689331e+001  2.689331e+001  2.689331e+001  2.689331e+001  2.689331e+001  2.689331e+001  2.689331e+001  0.000000e+000  
2.689331e+001  2.689331e+001  2.689330e+001  2.689330e+001  2.689331e+001  2.689331e+001  2.689331e+001  2.689331e+001  2.689331e+001  2.689331e+001  2.689331e+001  2.689331e+001  0.000000e+000  
2.689330e+001  2.689330e+001  2.689330e+001  2.689330e+001  2.689331e+001  2.689331e+001  2.689331e+001  2.689331e+001  2.689331e+001  2.689331e+001  2.689331e+001  2.689331e+001  0.000000e+000  
2.689330e+001  2.689330e+001  2.689330e+001  2.689330e+001  2.689330e+001  2.689331e+001  2.689331e+001  2.689331e+001  2.689331e+001  2.689331e+001  2.689331e+001  2.689331e+001  0.000000e+000  

0.000000e+000  0.000000e+000  0.000000e+000  0.000000e+000  0.000000e+000  0.000000e+000  0.000000e+000  0.000000e+000  0.000000e+000  0.000000e+000  0.000000e+000  0.000000e+000  0.000000e+000  
0.000000e+000  0.000000e+000  0.000000e+000  0.000000e+000  0.000000e+000  0.000000e+000  0.000000e+000  0.000000e+000  0.000000e+000  0.000000e+000  0.000000e+000  0.000000e+000  0.000000e+000  
0.000000e+000  0.000000e+000  0.000000e+000  0.000000e+000  0.000000e+000  0.000000e+000  0.000000e+000  0.000000e+000  0.000000e+000  0.000000e+000  0.000000e+000  0.000000e+000  0.000000e+000  
0.000000e+000  0.000000e+000  0.000000e+000  0.000000e+000  0.000000e+000  0.000000e+000  0.000000e+000  0.000000e+000  0.000000e+000  0.000000e+000  0.000000e+000  0.000000e+000  0.000000e+000  
0.000000e+000  0.000000e+000  0.000000e+000  0.000000e+000  0.000000e+000  0.000000e+000  0.000000e+000  0.000000e+000  0.000000e+000  0.000000e+000  0.000000e+000  0.000000e+000  0.000000e+000  
0.000000e+000  0.000000e+000  0.000000e+000  0.000000e+000  0.000000e+000  0.000000e+000  0.000000e+000  0.000000e+000  0.000000e+000  0.000000e+000  0.000000e+000  0.000000e+000  0.000000e+000  
0.000000e+000  0.000000e+000  0.000000e+000  0.000000e+000  0.000000e+000  0.000000e+000  0.000000e+000  0.000000e+000  0.000000e+000  0.000000e+000  0.000000e+000  0.000000e+000  0.000000e+000  
0.000000e+000  0.000000e+000  0.000000e+000  0.000000e+000  0.000000e+000  0.000000e+000  0.000000e+000  0.000000e+000  0.000000e+000  0.000000e+000  0.000000e+000  0.000000e+000  0.000000e+000  
0.000000e+000  0.000000e+000  0.000000e+000  0.000000e+000  0.000000e+000  0.000000e+000  0.000000e+000  0.000000e+000  0.000000e+000  0.000000e+000  0.000000e+000  0.000000e+000  0.000000e+000  
0.000000e+000  0.000000e+000  0.000000e+000  0.000000e+000  0.000000e+000  0.000000e+000  0.000000e+000  0.000000e+000  0.000000e+000  0.000000e+000  0.000000e+000  0.000000e+000  0.000000e+000  
0.000000e+000  0.000000e+000  0.000000e+000  0.000000e+000  0.000000e+000  0.000000e+000  0.000000e+000  0.000000e+000  0.000000e+000  0.000000e+000  0.000000e+000  0.000000e+000  0.000000e+000  
0.000000e+000  0.000000e+000  0.000000e+000  0.000000e+000  0.000000e+000  0.000000e+000  0.000000e+000  0.000000e+000  0.000000e+000  0.000000e+000  0.000000e+000  0.000000e+000  0.000000e+000  
0.000000e+000  0.000000e+000  0.000000e+000  0.000000e+000  0.000000e+000  0.000000e+000  0.000000e+000  0.000000e+000  0.000000e+000  0.000000e+000  0.000000e+000  0.000000e+000  0.000000e+000  

0.000000e+000  0.000000e+000  0.000000e+000  0.000000e+000  0.000000e+000  0.000000e+000  0.000000e+000  0.000000e+000  0.000000e+000  0.000000e+000  0.000000e+000  0.000000e+000  0.000000e+000  
0.000000e+000  0.000000e+000  0.000000e+000  0.000000e+000  0.000000e+000  0.000000e+000  0.000000e+000  0.000000e+000  0.000000e+000  0.000000e+000  0.000000e+000  0.000000e+000  0.000000e+000  
0.000000e+000  0.000000e+000  0.000000e+000  0.000000e+000  0.000000e+000  0.000000e+000  0.000000e+000  0.000000e+000  0.000000e+000  0.000000e+000  0.000000e+000  0.000000e+000  0.000000e+000  
0.000000e+000  0.000000e+000  0.000000e+000  0.000000e+000  0.000000e+000  0.000000e+000  0.000000e+000  0.000000e+000  0.000000e+000  0.000000e+000  0.000000e+000  0.000000e+000  0.000000e+000  
0.000000e+000  0.000000e+000  0.000000e+000  0.000000e+000  0.000000e+000  0.000000e+000  0.000000e+000  0.000000e+000  0.000000e+000  0.000000e+000  0.000000e+000  0.000000e+000  0.000000e+000  
0.000000e+000  0.000000e+000  0.000000e+000  0.000000e+000  0.000000e+000  0.000000e+000  0.000000e+000  0.000000e+000  0.000000e+000  0.000000e+000  0.000000e+000  0.000000e+000  0.000000e+000  
0.000000e+000  0.000000e+000  0.000000e+000  0.000000e+000  0.000000e+000  0.000000e+000  0.000000e+000  0.000000e+000  0.000000e+000  0.000000e+000  0.000000e+000  0.000000e+000  0.000000e+000  
0.000000e+000  0.000000e+000  0.000000e+000  0.000000e+000  0.000000e+000  0.000000e+000  0.000000e+000  0.000000e+000  0.000000e+000  0.000000e+000  0.000000e+000  0.000000e+000  0.000000e+000  
0.000000e+000  0.000000e+000  0.000000e+000  0.000000e+000  0.000000e+000  0.000000e+000  0.000000e+000  0.000000e+000  0.000000e+000  0.000000e+000  0.000000e+000  0.000000e+000  0.000000e+000  
0.000000e+000  0.000000e+000  0.000000e+000  0.000000e+000  0.000000e+000  0.000000e+000  0.000000e+000  0.000000e+000  0.000000e+000  0.000000e+000  0.000000e+000  0.000000e+000  0.000000e+000  
0.000000e+000  0.000000e+000  0.000000e+000  0.000000e+000  0.000000e+000  0.000000e+000  0.000000e+000  0.000000e+000  0.000000e+000  0.000000e+000  0.000000e+000  0.000000e+000  0.000000e+000  
0.000000e+000  0.000000e+000  0.000000e+000  0.000000e+000  0.000000e+000  0.000000e+000  0.000000e+000  0.000000e+000  0.000000e+000  0.000000e+000  0.000000e+000  0.000000e+000  0.000000e+000  
0.000000e+000  0.000000e+000  0.000000e+000  0.000000e+000  0.000000e+000  0.000000e+000  0.000000e+000  0.000000e+000  0.000000e+000  0.000000e+000  0.000000e+000  0.000000e+000  0.000000e+000  

0.000000e+000  0.000000e+000  0.000000e+000  0.000000e+000  0.000000e+000  0.000000e+000  0.000000e+000  0.000000e+000  0.000000e+000  0.000000e+000  0.000000e+000  0.000000e+000  0.000000e+000  
0.000000e+000  0.000000e+000  0.000000e+000  0.000000e+000  0.000000e+000  0.000000e+000  0.000000e+000  0.000000e+000  0.000000e+000  0.000000e+000  0.000000e+000  0.000000e+000  0.000000e+000  
0.000000e+000  0.000000e+000  0.000000e+000  0.000000e+000  0.000000e+000  0.000000e+000  0.000000e+000  0.000000e+000  0.000000e+000  0.000000e+000  0.000000e+000  0.000000e+000  0.000000e+000  
0.000000e+000  0.000000e+000  0.000000e+000  0.000000e+000  0.000000e+000  0.000000e+000  0.000000e+000  0.000000e+000  0.000000e+000  0.000000e+000  0.000000e+000  0.000000e+000  0.000000e+000  
0.000000e+000  0.000000e+000  0.000000e+000  0.000000e+000  0.000000e+000  0.000000e+000  0.000000e+000  0.000000e+000  0.000000e+000  0.000000e+000  0.000000e+000  0.000000e+000  0.000000e+000  
0.000000e+000  0.000000e+000  0.000000e+000  0.000000e+000  0.000000e+000  0.000000e+000  0.000000e+000  0.000000e+000  0.000000e+000  0.000000e+000  0.000000e+000  0.000000e+000  0.000000e+000  
0.000000e+000  0.000000e+000  0.000000e+000  0.000000e+000  0.000000e+000  0.000000e+000  0.000000e+000  0.000000e+000  0.000000e+000  0.000000e+000  0.000000e+000  0.000000e+000  0.000000e+000  
0.000000e+000  0.000000e+000  0.000000e+000  0.000000e+000  0.000000e+000  0.000000e+000  0.000000e+000  0.000000e+000  0.000000e+000  0.000000e+000  0.000000e+000  0.000000e+000  0.000000e+000  
0.000000e+000  0.000000e+000  0.000000e+000  0.000000e+000  0.000000e+000  0.000000e+000  0.000000e+000  0.000000e+000  0.000000e+000  0.000000e+000  0.000000e+000  0.000000e+000  0.000000e+000  
0.000000e+000  0.000000e+000  0.000000e+000  0.000000e+000  0.000000e+000  0.000000e+000  0.000000e+000  0.000000e+000  0.000000e+000  0.000000e+000  0.000000e+000  0.000000e+000  0.000000e+000  
0.000000e+000  0.000000e+000  0.000000e+000  0.000000e+000  0.000000e+000  0.000000e+000  0.000000e+000  0.000000e+000  0.000000e+000  0.000000e+000  0.000000e+000  0.000000e+000  0.000000e+000  
0.000000e+000  0.000000e+000  0.000000e+000  0.000000e+000  0.000000e+000  0.000000e+000  0.000000e+000  0.000000e+000  0.000000e+000  0.000000e+000  0.000000e+000  0.000000e+000  0.000000e+000  
0.000000e+000  0.000000e+000  0.000000e+000  0.000000e+000  0.000000e+000  0.000000e+000  0.000000e+000  0.000000e+000  0.000000e+000  0.000000e+000  0.000000e+000  0.000000e+000  0.000000e+000  

-1.872415e-007  -2.197856e-007  -3.181956e-007  -3.558901e-007  -3.662862e-007  -3.700642e-007  -3.728000e-007  -3.760797e-007  -3.798692e-007  -3.796821e-007  -3.590527e-007  -3.559220e-007  -0.000000e+000  
-5.291801e-007  -6.131767e-007  -9.903192e-007  -1.079802e-006  -1.101799e-006  -1.110655e-006  -1.118159e-006  -1.128013e-006  -1.141374e-006  -1.148671e-006  -1.067995e-006  -1.066006e-006  -0.000000e+000  
4.036790e-007  4.225100e-007  5.414287e-007  5.514301e-007  5.451222e-007  5.364699e-007  5.250628e-007  5.076336e-007  4.769906e-007  4.121969e-007  2.391491e-007  1.891227e-007  -0.000000e+000  
5.821309e-007  5.950549e-007  6.289570e-007  6.419532e-007  6.405063e-007  6.325095e-007  6.196851e-007  6.003573e-007  5.699134e-007  5.204064e-007  4.510113e-007  4.180669e-007  -0.000000e+000  
7.315058e-007  7.356501e-007  7.441734e-007  7.469188e-007  7.424409e-007  7.333758e-007  7.208112e-007  7.041975e-007  6.818991e-007  6.525856e-007  6.219075e-007  6.053157e-007  -0.000000e+000  
8.715550e-007  8.702295e-007  8.668717e-007  8.591078e-007  8.489624e-007  8.377419e-007  8.259860e-007  8.137220e-007  8.009004e-007  7.879341e-007  7.772596e-007  7.715653e-007  -0.000000e+000  
1.015423e-006  1.007033e-006  9.933048e-007  9.736775e-007  9.565589e-007  9.426435e-007  9.316697e-007  9.238046e-007  9.200458e-007  9.216186e-007  9.271032e-007  9.306083e-007  -0.000000e+000  
1.172732e-006  1.156613e-006  1.121887e-006  1.085739e-006  1.060952e-006  1.044604e-006  1.034244e-006  1.029781e-006  1.033860e-006  1.051069e-006  1.079043e-006  1.094087e-006  -0.000000e+000  
1.367148e-006  1.331592e-006  1.244947e-006  1.186439e-006  1.156909e-006  1.140575e-006  1.130923e-006  1.127215e-006  1.134543e-006  1.168109e-006  1.245266e-006  1.276606e-006  -0.000000e+000  
1.641563e-006  1.582532e-006  1.322542e-006  1.258161e-006  1.239668e-006  1.229863e-006  1.221658e-006  1.213613e-006  1.208987e-006  1.237020e-006  1.463731e-006  1.498791e-006  -0.000000e+000  
2.523288e-007  3.622289e-007  7.987785e-007  9.193630e-007  9.464287e-007  9.494819e-007  9.440052e-007  9.287857e-007  8.852532e-007  7.386694e-007  2.028538e-007  7.019367e-008  -0.000000e+000  
1.070895e-007  1.458676e-007  2.473386e-007  2.972629e-007  3.122886e-007  3.152106e-007  3.132598e-007  3.059610e-007  2.848630e-007  2.249561e-007  9.211446e-008  4.057702e-008  -0.000000e+000  
-0.000000e+000  -0.000000e+000  -0.000000e+000  -0.000000e+000  -0.000000e+000  -0.000000e+000  -0.000000e+000  -0.000000e+000  -0.000000e+000  -0.000000e+000  -0.000000e+000  -0.000000e+000  -0.000000e+000  

