Port monitor named: Port2_e1.prt

nx        = 13
ny        = 13
nz        = 54

nu        = 13
nv        = 13
iu        = 1
iv        = 1

idir      = 2
dcut      = 0.000000e+000
icut      = 1
type      = 0
frequency = 6.000000e+010

fcutoff   = 0.000000e+000
alpha     = 0.000000e+000
beta      = 2.141457e+003
accuracy  = 1.591023e-014

type          = TEM
wave imp.     = 2.212236e+002
wave imp.sig. = 6.253339e-006
line imp.     = 2.212237e+002

ref. port     = 0

5.949436e+003  5.949436e+003  5.949436e+003  5.949436e+003  5.949436e+003  5.949436e+003  5.949436e+003  5.949436e+003  5.949436e+003  5.949436e+003  5.949436e+003  5.949436e+003  0.000000e+000  
5.949436e+003  5.949436e+003  5.949436e+003  5.949436e+003  5.949436e+003  5.949436e+003  5.949436e+003  5.949436e+003  5.949436e+003  5.949436e+003  5.949436e+003  5.949436e+003  0.000000e+000  
5.949436e+003  5.949436e+003  5.949436e+003  5.949436e+003  5.949436e+003  5.949436e+003  5.949436e+003  5.949436e+003  5.949436e+003  5.949436e+003  5.949436e+003  5.949436e+003  0.000000e+000  
5.949436e+003  5.949436e+003  5.949435e+003  5.949436e+003  5.949436e+003  5.949436e+003  5.949436e+003  5.949436e+003  5.949436e+003  5.949436e+003  5.949436e+003  5.949436e+003  0.000000e+000  
5.949436e+003  5.949436e+003  5.949435e+003  5.949436e+003  5.949436e+003  5.949436e+003  5.949436e+003  5.949436e+003  5.949436e+003  5.949436e+003  5.949436e+003  5.949436e+003  0.000000e+000  
5.949436e+003  5.949436e+003  5.949435e+003  5.949435e+003  5.949435e+003  5.949436e+003  5.949436e+003  5.949436e+003  5.949436e+003  5.949436e+003  5.949436e+003  5.949436e+003  0.000000e+000  
5.949436e+003  5.949436e+003  5.949435e+003  5.949435e+003  5.949435e+003  5.949435e+003  5.949436e+003  5.949436e+003  5.949436e+003  5.949436e+003  5.949436e+003  5.949436e+003  0.000000e+000  
5.949436e+003  5.949436e+003  5.949435e+003  5.949435e+003  5.949435e+003  5.949435e+003  5.949435e+003  5.949435e+003  5.949436e+003  5.949436e+003  5.949436e+003  5.949436e+003  0.000000e+000  
5.949435e+003  5.949435e+003  5.949435e+003  5.949435e+003  5.949435e+003  5.949435e+003  5.949435e+003  5.949435e+003  5.949435e+003  5.949435e+003  5.949436e+003  5.949436e+003  0.000000e+000  
5.949435e+003  5.949435e+003  5.949435e+003  5.949435e+003  5.949435e+003  5.949435e+003  5.949435e+003  5.949435e+003  5.949435e+003  5.949435e+003  5.949435e+003  5.949435e+003  0.000000e+000  
5.949435e+003  5.949435e+003  5.949435e+003  5.949435e+003  5.949435e+003  5.949435e+003  5.949435e+003  5.949435e+003  5.949435e+003  5.949435e+003  5.949435e+003  5.949435e+003  0.000000e+000  
5.949435e+003  5.949435e+003  5.949435e+003  5.949435e+003  5.949435e+003  5.949435e+003  5.949435e+003  5.949435e+003  5.949435e+003  5.949435e+003  5.949435e+003  5.949435e+003  0.000000e+000  
5.949435e+003  5.949435e+003  5.949435e+003  5.949435e+003  5.949435e+003  5.949435e+003  5.949435e+003  5.949435e+003  5.949435e+003  5.949435e+003  5.949435e+003  5.949435e+003  0.000000e+000  

0.000000e+000  2.391303e-005  5.215015e-005  2.266140e-005  9.216164e-006  4.089675e-006  1.925517e-006  8.716558e-007  5.683760e-007  2.204305e-006  9.590782e-006  2.522928e-006  0.000000e+000  
0.000000e+000  6.741516e-005  1.947675e-004  6.085367e-005  2.395131e-005  1.095242e-005  5.283126e-006  2.281395e-006  8.431849e-007  4.057158e-006  3.599019e-005  5.012213e-006  0.000000e+000  
0.000000e+000  4.687135e-005  9.385543e-005  5.469883e-005  2.909056e-005  1.545881e-005  7.998137e-006  3.174948e-006  -1.397786e-006  -9.581849e-006  -3.755336e-005  -1.013331e-005  0.000000e+000  
0.000000e+000  2.196499e-005  3.821206e-005  3.376465e-005  2.328112e-005  1.469544e-005  8.618662e-006  3.996766e-006  -4.756426e-007  -6.161191e-006  -1.309218e-005  -6.429440e-006  0.000000e+000  
0.000000e+000  9.924042e-006  1.715023e-005  1.886660e-005  1.557384e-005  1.142316e-005  7.784305e-006  4.669098e-006  1.659643e-006  -1.495097e-006  -3.906182e-006  -2.430294e-006  0.000000e+000  
0.000000e+000  3.953146e-006  7.035996e-006  8.977668e-006  8.724491e-006  7.639035e-006  6.426306e-006  5.235676e-006  3.940213e-006  2.427343e-006  9.688624e-007  3.609305e-007  0.000000e+000  
0.000000e+000  0.000000e+000  1.408050e-007  1.283610e-006  2.707411e-006  3.982191e-006  5.046208e-006  5.907088e-006  6.438190e-006  6.295392e-006  5.023791e-006  2.839544e-006  0.000000e+000  
0.000000e+000  -4.656429e-006  -7.765204e-006  -6.691466e-006  -3.160642e-006  5.361069e-007  3.869247e-006  6.908277e-006  9.610069e-006  1.129224e-005  1.033415e-005  6.147518e-006  0.000000e+000  
0.000000e+000  -1.273555e-005  -2.255553e-005  -1.712361e-005  -9.194625e-006  -2.546365e-006  2.986392e-006  8.246708e-006  1.380156e-005  1.892937e-005  1.961707e-005  1.193725e-005  0.000000e+000  
0.000000e+000  -2.737472e-005  -6.154008e-005  -3.005281e-005  -1.394788e-005  -4.513339e-006  2.375983e-006  9.290598e-006  1.842010e-005  3.100660e-005  3.877618e-005  2.311526e-005  0.000000e+000  
0.000000e+000  -2.677049e-005  -6.358164e-005  -2.773597e-005  -1.213726e-005  -3.967213e-006  1.775588e-006  8.184666e-006  1.951710e-005  4.696221e-005  1.308680e-004  4.258258e-005  0.000000e+000  
0.000000e+000  -8.351712e-006  -1.573856e-005  -9.557816e-006  -4.563566e-006  -1.535396e-006  6.840877e-007  3.253712e-006  7.818592e-006  1.736831e-005  3.342685e-005  1.520188e-005  0.000000e+000  
0.000000e+000  0.000000e+000  0.000000e+000  0.000000e+000  0.000000e+000  0.000000e+000  0.000000e+000  0.000000e+000  0.000000e+000  0.000000e+000  0.000000e+000  0.000000e+000  0.000000e+000  

0.000000e+000  0.000000e+000  0.000000e+000  0.000000e+000  0.000000e+000  0.000000e+000  0.000000e+000  0.000000e+000  0.000000e+000  0.000000e+000  0.000000e+000  0.000000e+000  0.000000e+000  
0.000000e+000  0.000000e+000  0.000000e+000  0.000000e+000  0.000000e+000  0.000000e+000  0.000000e+000  0.000000e+000  0.000000e+000  0.000000e+000  0.000000e+000  0.000000e+000  0.000000e+000  
0.000000e+000  0.000000e+000  0.000000e+000  0.000000e+000  0.000000e+000  0.000000e+000  0.000000e+000  0.000000e+000  0.000000e+000  0.000000e+000  0.000000e+000  0.000000e+000  0.000000e+000  
0.000000e+000  0.000000e+000  0.000000e+000  0.000000e+000  0.000000e+000  0.000000e+000  0.000000e+000  0.000000e+000  0.000000e+000  0.000000e+000  0.000000e+000  0.000000e+000  0.000000e+000  
0.000000e+000  0.000000e+000  0.000000e+000  0.000000e+000  0.000000e+000  0.000000e+000  0.000000e+000  0.000000e+000  0.000000e+000  0.000000e+000  0.000000e+000  0.000000e+000  0.000000e+000  
0.000000e+000  0.000000e+000  0.000000e+000  0.000000e+000  0.000000e+000  0.000000e+000  0.000000e+000  0.000000e+000  0.000000e+000  0.000000e+000  0.000000e+000  0.000000e+000  0.000000e+000  
0.000000e+000  0.000000e+000  0.000000e+000  0.000000e+000  0.000000e+000  0.000000e+000  0.000000e+000  0.000000e+000  0.000000e+000  0.000000e+000  0.000000e+000  0.000000e+000  0.000000e+000  
0.000000e+000  0.000000e+000  0.000000e+000  0.000000e+000  0.000000e+000  0.000000e+000  0.000000e+000  0.000000e+000  0.000000e+000  0.000000e+000  0.000000e+000  0.000000e+000  0.000000e+000  
0.000000e+000  0.000000e+000  0.000000e+000  0.000000e+000  0.000000e+000  0.000000e+000  0.000000e+000  0.000000e+000  0.000000e+000  0.000000e+000  0.000000e+000  0.000000e+000  0.000000e+000  
0.000000e+000  0.000000e+000  0.000000e+000  0.000000e+000  0.000000e+000  0.000000e+000  0.000000e+000  0.000000e+000  0.000000e+000  0.000000e+000  0.000000e+000  0.000000e+000  0.000000e+000  
0.000000e+000  0.000000e+000  0.000000e+000  0.000000e+000  0.000000e+000  0.000000e+000  0.000000e+000  0.000000e+000  0.000000e+000  0.000000e+000  0.000000e+000  0.000000e+000  0.000000e+000  
0.000000e+000  0.000000e+000  0.000000e+000  0.000000e+000  0.000000e+000  0.000000e+000  0.000000e+000  0.000000e+000  0.000000e+000  0.000000e+000  0.000000e+000  0.000000e+000  0.000000e+000  
0.000000e+000  0.000000e+000  0.000000e+000  0.000000e+000  0.000000e+000  0.000000e+000  0.000000e+000  0.000000e+000  0.000000e+000  0.000000e+000  0.000000e+000  0.000000e+000  0.000000e+000  

0.000000e+000  0.000000e+000  0.000000e+000  0.000000e+000  0.000000e+000  0.000000e+000  0.000000e+000  0.000000e+000  0.000000e+000  0.000000e+000  0.000000e+000  0.000000e+000  0.000000e+000  
0.000000e+000  0.000000e+000  0.000000e+000  0.000000e+000  0.000000e+000  0.000000e+000  0.000000e+000  0.000000e+000  0.000000e+000  0.000000e+000  0.000000e+000  0.000000e+000  0.000000e+000  
0.000000e+000  0.000000e+000  0.000000e+000  0.000000e+000  0.000000e+000  0.000000e+000  0.000000e+000  0.000000e+000  0.000000e+000  0.000000e+000  0.000000e+000  0.000000e+000  0.000000e+000  
0.000000e+000  0.000000e+000  0.000000e+000  0.000000e+000  0.000000e+000  0.000000e+000  0.000000e+000  0.000000e+000  0.000000e+000  0.000000e+000  0.000000e+000  0.000000e+000  0.000000e+000  
0.000000e+000  0.000000e+000  0.000000e+000  0.000000e+000  0.000000e+000  0.000000e+000  0.000000e+000  0.000000e+000  0.000000e+000  0.000000e+000  0.000000e+000  0.000000e+000  0.000000e+000  
0.000000e+000  0.000000e+000  0.000000e+000  0.000000e+000  0.000000e+000  0.000000e+000  0.000000e+000  0.000000e+000  0.000000e+000  0.000000e+000  0.000000e+000  0.000000e+000  0.000000e+000  
0.000000e+000  0.000000e+000  0.000000e+000  0.000000e+000  0.000000e+000  0.000000e+000  0.000000e+000  0.000000e+000  0.000000e+000  0.000000e+000  0.000000e+000  0.000000e+000  0.000000e+000  
0.000000e+000  0.000000e+000  0.000000e+000  0.000000e+000  0.000000e+000  0.000000e+000  0.000000e+000  0.000000e+000  0.000000e+000  0.000000e+000  0.000000e+000  0.000000e+000  0.000000e+000  
0.000000e+000  0.000000e+000  0.000000e+000  0.000000e+000  0.000000e+000  0.000000e+000  0.000000e+000  0.000000e+000  0.000000e+000  0.000000e+000  0.000000e+000  0.000000e+000  0.000000e+000  
0.000000e+000  0.000000e+000  0.000000e+000  0.000000e+000  0.000000e+000  0.000000e+000  0.000000e+000  0.000000e+000  0.000000e+000  0.000000e+000  0.000000e+000  0.000000e+000  0.000000e+000  
0.000000e+000  0.000000e+000  0.000000e+000  0.000000e+000  0.000000e+000  0.000000e+000  0.000000e+000  0.000000e+000  0.000000e+000  0.000000e+000  0.000000e+000  0.000000e+000  0.000000e+000  
0.000000e+000  0.000000e+000  0.000000e+000  0.000000e+000  0.000000e+000  0.000000e+000  0.000000e+000  0.000000e+000  0.000000e+000  0.000000e+000  0.000000e+000  0.000000e+000  0.000000e+000  
0.000000e+000  0.000000e+000  0.000000e+000  0.000000e+000  0.000000e+000  0.000000e+000  0.000000e+000  0.000000e+000  0.000000e+000  0.000000e+000  0.000000e+000  0.000000e+000  0.000000e+000  

0.000000e+000  0.000000e+000  0.000000e+000  0.000000e+000  0.000000e+000  0.000000e+000  0.000000e+000  0.000000e+000  0.000000e+000  0.000000e+000  0.000000e+000  0.000000e+000  0.000000e+000  
0.000000e+000  0.000000e+000  0.000000e+000  0.000000e+000  0.000000e+000  0.000000e+000  0.000000e+000  0.000000e+000  0.000000e+000  0.000000e+000  0.000000e+000  0.000000e+000  0.000000e+000  
0.000000e+000  0.000000e+000  0.000000e+000  0.000000e+000  0.000000e+000  0.000000e+000  0.000000e+000  0.000000e+000  0.000000e+000  0.000000e+000  0.000000e+000  0.000000e+000  0.000000e+000  
0.000000e+000  0.000000e+000  0.000000e+000  0.000000e+000  0.000000e+000  0.000000e+000  0.000000e+000  0.000000e+000  0.000000e+000  0.000000e+000  0.000000e+000  0.000000e+000  0.000000e+000  
0.000000e+000  0.000000e+000  0.000000e+000  0.000000e+000  0.000000e+000  0.000000e+000  0.000000e+000  0.000000e+000  0.000000e+000  0.000000e+000  0.000000e+000  0.000000e+000  0.000000e+000  
0.000000e+000  0.000000e+000  0.000000e+000  0.000000e+000  0.000000e+000  0.000000e+000  0.000000e+000  0.000000e+000  0.000000e+000  0.000000e+000  0.000000e+000  0.000000e+000  0.000000e+000  
0.000000e+000  0.000000e+000  0.000000e+000  0.000000e+000  0.000000e+000  0.000000e+000  0.000000e+000  0.000000e+000  0.000000e+000  0.000000e+000  0.000000e+000  0.000000e+000  0.000000e+000  
0.000000e+000  0.000000e+000  0.000000e+000  0.000000e+000  0.000000e+000  0.000000e+000  0.000000e+000  0.000000e+000  0.000000e+000  0.000000e+000  0.000000e+000  0.000000e+000  0.000000e+000  
0.000000e+000  0.000000e+000  0.000000e+000  0.000000e+000  0.000000e+000  0.000000e+000  0.000000e+000  0.000000e+000  0.000000e+000  0.000000e+000  0.000000e+000  0.000000e+000  0.000000e+000  
0.000000e+000  0.000000e+000  0.000000e+000  0.000000e+000  0.000000e+000  0.000000e+000  0.000000e+000  0.000000e+000  0.000000e+000  0.000000e+000  0.000000e+000  0.000000e+000  0.000000e+000  
0.000000e+000  0.000000e+000  0.000000e+000  0.000000e+000  0.000000e+000  0.000000e+000  0.000000e+000  0.000000e+000  0.000000e+000  0.000000e+000  0.000000e+000  0.000000e+000  0.000000e+000  
0.000000e+000  0.000000e+000  0.000000e+000  0.000000e+000  0.000000e+000  0.000000e+000  0.000000e+000  0.000000e+000  0.000000e+000  0.000000e+000  0.000000e+000  0.000000e+000  0.000000e+000  
0.000000e+000  0.000000e+000  0.000000e+000  0.000000e+000  0.000000e+000  0.000000e+000  0.000000e+000  0.000000e+000  0.000000e+000  0.000000e+000  0.000000e+000  0.000000e+000  0.000000e+000  

0.000000e+000  -6.949763e-005  -1.245960e-004  -1.419326e-004  -1.342522e-004  -1.196727e-004  -1.025855e-004  -8.368253e-005  -6.260300e-005  -3.900855e-005  -1.553810e-005  -6.846002e-006  0.000000e+000  
0.000000e+000  -7.669766e-005  -1.420125e-004  -1.474916e-004  -1.357856e-004  -1.202298e-004  -1.029891e-004  -8.416628e-005  -6.316167e-005  -3.898109e-005  -1.231682e-005  -6.326395e-006  0.000000e+000  
0.000000e+000  -9.527975e-005  -2.087585e-004  -1.606890e-004  -1.390299e-004  -1.215358e-004  -1.040958e-004  -8.561952e-005  -6.513234e-005  -4.005721e-005  2.814411e-007  -5.996513e-006  0.000000e+000  
0.000000e+000  -8.903060e-005  -1.771897e-004  -1.584764e-004  -1.404253e-004  -1.234499e-004  -1.066193e-004  -8.947529e-005  -7.191123e-005  -5.439113e-005  -4.025277e-005  -1.844686e-005  0.000000e+000  
0.000000e+000  -8.474217e-005  -1.681896e-004  -1.556013e-004  -1.407454e-004  -1.252190e-004  -1.094563e-004  -9.375106e-005  -7.864615e-005  -6.534325e-005  -5.650764e-005  -2.664596e-005  0.000000e+000  
0.000000e+000  -8.336671e-005  -1.659271e-004  -1.549939e-004  -1.417361e-004  -1.272244e-004  -1.122359e-004  -9.742640e-005  -8.357907e-005  -7.182810e-005  -6.369357e-005  -3.077528e-005  0.000000e+000  
0.000000e+000  -8.393022e-005  -1.668182e-004  -1.567116e-004  -1.439804e-004  -1.297066e-004  -1.148366e-004  -1.001395e-004  -8.641551e-005  -7.469656e-005  -6.619393e-005  -3.219245e-005  0.000000e+000  
0.000000e+000  -8.591236e-005  -1.706849e-004  -1.610535e-004  -1.477675e-004  -1.327850e-004  -1.172643e-004  -1.018794e-004  -8.724706e-005  -7.434860e-005  -6.490924e-005  -3.132012e-005  0.000000e+000  
0.000000e+000  -9.138482e-005  -1.799033e-004  -1.690504e-004  -1.532508e-004  -1.364018e-004  -1.195560e-004  -1.028669e-004  -8.634474e-005  -7.054144e-005  -5.835664e-005  -2.757603e-005  0.000000e+000  
0.000000e+000  -1.031835e-004  -2.029047e-004  -1.819938e-004  -1.597836e-004  -1.400152e-004  -1.216912e-004  -1.036871e-004  -8.472372e-005  -6.311575e-005  -4.028371e-005  -1.977605e-005  0.000000e+000  
0.000000e+000  -1.227719e-004  -2.719239e-004  -1.962363e-004  -1.638747e-004  -1.421844e-004  -1.235062e-004  -1.054670e-004  -8.574718e-005  -5.691426e-005  1.282041e-005  -1.105040e-005  0.000000e+000  
0.000000e+000  -9.035537e-005  -1.689104e-004  -1.725242e-004  -1.585524e-004  -1.415840e-004  -1.245832e-004  -1.084597e-004  -9.430762e-005  -8.573889e-005  -9.874213e-005  -4.039788e-005  0.000000e+000  
0.000000e+000  -7.891709e-005  -1.449661e-004  -1.627069e-004  -1.555977e-004  -1.410095e-004  -1.249667e-004  -1.098950e-004  -9.845633e-005  -9.751930e-005  -1.264010e-004  -5.179930e-005  0.000000e+000  

