Port monitor named: Port1_e1.prt

nx        = 13
ny        = 13
nz        = 60

nu        = 13
nv        = 13
iu        = 1
iv        = 1

idir      = 2
dcut      = 1.424914e-002
icut      = 60
type      = 0
frequency = 6.000000e+010

fcutoff   = 0.000000e+000
alpha     = 0.000000e+000
beta      = 1.257507e+003
accuracy  = 5.546155e-014

type          = TEM
wave imp.     = 3.767303e+002
wave imp.sig. = 6.752661e-006
line imp.     = 3.767303e+002

ref. port     = 0

7.763816e+003  7.763816e+003  7.763816e+003  7.763816e+003  7.763816e+003  7.763816e+003  7.763816e+003  7.763816e+003  7.763816e+003  7.763816e+003  7.763816e+003  7.763816e+003  0.000000e+000  
7.763816e+003  7.763816e+003  7.763816e+003  7.763816e+003  7.763816e+003  7.763816e+003  7.763816e+003  7.763816e+003  7.763816e+003  7.763816e+003  7.763816e+003  7.763816e+003  0.000000e+000  
7.763816e+003  7.763816e+003  7.763816e+003  7.763816e+003  7.763816e+003  7.763816e+003  7.763816e+003  7.763816e+003  7.763816e+003  7.763816e+003  7.763816e+003  7.763816e+003  0.000000e+000  
7.763817e+003  7.763817e+003  7.763816e+003  7.763816e+003  7.763816e+003  7.763816e+003  7.763816e+003  7.763816e+003  7.763816e+003  7.763816e+003  7.763816e+003  7.763816e+003  0.000000e+000  
7.763817e+003  7.763817e+003  7.763816e+003  7.763816e+003  7.763816e+003  7.763816e+003  7.763816e+003  7.763816e+003  7.763816e+003  7.763816e+003  7.763816e+003  7.763816e+003  0.000000e+000  
7.763817e+003  7.763817e+003  7.763816e+003  7.763816e+003  7.763816e+003  7.763816e+003  7.763816e+003  7.763816e+003  7.763816e+003  7.763816e+003  7.763816e+003  7.763816e+003  0.000000e+000  
7.763817e+003  7.763817e+003  7.763816e+003  7.763816e+003  7.763816e+003  7.763816e+003  7.763816e+003  7.763816e+003  7.763816e+003  7.763816e+003  7.763816e+003  7.763816e+003  0.000000e+000  
7.763817e+003  7.763817e+003  7.763816e+003  7.763816e+003  7.763816e+003  7.763816e+003  7.763816e+003  7.763816e+003  7.763816e+003  7.763816e+003  7.763816e+003  7.763816e+003  0.000000e+000  
7.763817e+003  7.763817e+003  7.763816e+003  7.763816e+003  7.763816e+003  7.763816e+003  7.763816e+003  7.763816e+003  7.763816e+003  7.763816e+003  7.763816e+003  7.763816e+003  0.000000e+000  
7.763817e+003  7.763817e+003  7.763816e+003  7.763816e+003  7.763816e+003  7.763816e+003  7.763816e+003  7.763816e+003  7.763816e+003  7.763816e+003  7.763816e+003  7.763816e+003  0.000000e+000  
7.763817e+003  7.763817e+003  7.763816e+003  7.763816e+003  7.763816e+003  7.763816e+003  7.763816e+003  7.763816e+003  7.763816e+003  7.763816e+003  7.763816e+003  7.763816e+003  0.000000e+000  
7.763817e+003  7.763817e+003  7.763816e+003  7.763816e+003  7.763816e+003  7.763816e+003  7.763816e+003  7.763816e+003  7.763816e+003  7.763816e+003  7.763817e+003  7.763817e+003  0.000000e+000  
7.763817e+003  7.763817e+003  7.763816e+003  7.763816e+003  7.763816e+003  7.763816e+003  7.763816e+003  7.763816e+003  7.763816e+003  7.763816e+003  7.763817e+003  7.763817e+003  0.000000e+000  

0.000000e+000  -2.361153e-006  -9.633258e-006  8.974675e-007  1.906757e-006  4.669491e-007  -1.576281e-006  -5.095616e-006  -1.430418e-005  -4.364724e-005  -1.230338e-004  -4.319121e-005  0.000000e+000  
0.000000e+000  -2.172566e-006  -4.033384e-005  6.924260e-006  6.808593e-006  1.669236e-006  -4.072791e-006  -1.275819e-005  -3.396402e-005  -1.087000e-004  -4.487297e-004  -1.089571e-004  0.000000e+000  
0.000000e+000  4.304918e-005  1.191891e-004  4.077648e-005  1.572691e-005  3.506833e-006  -5.558222e-006  -1.538066e-005  -2.879975e-005  -4.263054e-005  4.646489e-006  -2.887243e-005  0.000000e+000  
0.000000e+000  2.286115e-005  4.230815e-005  2.803612e-005  1.359938e-005  2.556952e-006  -6.583346e-006  -1.493096e-005  -2.219097e-005  -2.445501e-005  -1.186816e-005  -1.173483e-005  0.000000e+000  
0.000000e+000  1.035494e-005  1.755827e-005  1.546048e-005  8.077554e-006  -2.950664e-007  -8.401149e-006  -1.556888e-005  -2.057815e-005  -2.113037e-005  -1.521438e-005  -9.280396e-006  0.000000e+000  
0.000000e+000  4.939893e-006  8.291686e-006  8.169976e-006  3.545416e-006  -3.413621e-006  -1.115730e-005  -1.836527e-005  -2.342236e-005  -2.427395e-005  -1.936503e-005  -1.106126e-005  0.000000e+000  
0.000000e+000  3.098056e-006  5.204387e-006  5.382322e-006  1.347757e-006  -5.747533e-006  -1.444917e-005  -2.331252e-005  -3.047208e-005  -3.317803e-005  -2.820926e-005  -1.633207e-005  0.000000e+000  
0.000000e+000  3.487546e-006  5.694989e-006  6.807160e-006  2.210826e-006  -6.475097e-006  -1.757933e-005  -2.996358e-005  -4.197541e-005  -4.975681e-005  -4.594028e-005  -2.724109e-005  0.000000e+000  
0.000000e+000  6.757335e-006  8.824338e-006  1.394051e-005  7.163483e-006  -4.784356e-006  -1.942946e-005  -3.698705e-005  -5.770917e-005  -7.793353e-005  -8.190431e-005  -4.896096e-005  0.000000e+000  
0.000000e+000  2.058033e-005  9.534915e-006  3.296706e-005  1.728695e-005  -3.963506e-007  -1.836710e-005  -4.084599e-005  -7.394069e-005  -1.223638e-004  -1.613140e-004  -9.095313e-005  0.000000e+000  
0.000000e+000  1.008401e-004  2.819869e-004  8.787593e-005  2.873990e-005  4.019356e-006  -1.310607e-005  -3.446452e-005  -7.479358e-005  -1.732725e-004  -4.710045e-004  -1.552266e-004  0.000000e+000  
0.000000e+000  3.361128e-005  6.721906e-005  3.290803e-005  1.232668e-005  2.174235e-006  -4.809908e-006  -1.346930e-005  -2.965077e-005  -6.375189e-005  -1.206130e-004  -5.516792e-005  0.000000e+000  
0.000000e+000  0.000000e+000  0.000000e+000  0.000000e+000  0.000000e+000  0.000000e+000  0.000000e+000  0.000000e+000  0.000000e+000  0.000000e+000  0.000000e+000  0.000000e+000  0.000000e+000  

0.000000e+000  0.000000e+000  0.000000e+000  0.000000e+000  0.000000e+000  0.000000e+000  0.000000e+000  0.000000e+000  0.000000e+000  0.000000e+000  0.000000e+000  0.000000e+000  0.000000e+000  
0.000000e+000  0.000000e+000  0.000000e+000  0.000000e+000  0.000000e+000  0.000000e+000  0.000000e+000  0.000000e+000  0.000000e+000  0.000000e+000  0.000000e+000  0.000000e+000  0.000000e+000  
0.000000e+000  0.000000e+000  0.000000e+000  0.000000e+000  0.000000e+000  0.000000e+000  0.000000e+000  0.000000e+000  0.000000e+000  0.000000e+000  0.000000e+000  0.000000e+000  0.000000e+000  
0.000000e+000  0.000000e+000  0.000000e+000  0.000000e+000  0.000000e+000  0.000000e+000  0.000000e+000  0.000000e+000  0.000000e+000  0.000000e+000  0.000000e+000  0.000000e+000  0.000000e+000  
0.000000e+000  0.000000e+000  0.000000e+000  0.000000e+000  0.000000e+000  0.000000e+000  0.000000e+000  0.000000e+000  0.000000e+000  0.000000e+000  0.000000e+000  0.000000e+000  0.000000e+000  
0.000000e+000  0.000000e+000  0.000000e+000  0.000000e+000  0.000000e+000  0.000000e+000  0.000000e+000  0.000000e+000  0.000000e+000  0.000000e+000  0.000000e+000  0.000000e+000  0.000000e+000  
0.000000e+000  0.000000e+000  0.000000e+000  0.000000e+000  0.000000e+000  0.000000e+000  0.000000e+000  0.000000e+000  0.000000e+000  0.000000e+000  0.000000e+000  0.000000e+000  0.000000e+000  
0.000000e+000  0.000000e+000  0.000000e+000  0.000000e+000  0.000000e+000  0.000000e+000  0.000000e+000  0.000000e+000  0.000000e+000  0.000000e+000  0.000000e+000  0.000000e+000  0.000000e+000  
0.000000e+000  0.000000e+000  0.000000e+000  0.000000e+000  0.000000e+000  0.000000e+000  0.000000e+000  0.000000e+000  0.000000e+000  0.000000e+000  0.000000e+000  0.000000e+000  0.000000e+000  
0.000000e+000  0.000000e+000  0.000000e+000  0.000000e+000  0.000000e+000  0.000000e+000  0.000000e+000  0.000000e+000  0.000000e+000  0.000000e+000  0.000000e+000  0.000000e+000  0.000000e+000  
0.000000e+000  0.000000e+000  0.000000e+000  0.000000e+000  0.000000e+000  0.000000e+000  0.000000e+000  0.000000e+000  0.000000e+000  0.000000e+000  0.000000e+000  0.000000e+000  0.000000e+000  
0.000000e+000  0.000000e+000  0.000000e+000  0.000000e+000  0.000000e+000  0.000000e+000  0.000000e+000  0.000000e+000  0.000000e+000  0.000000e+000  0.000000e+000  0.000000e+000  0.000000e+000  
0.000000e+000  0.000000e+000  0.000000e+000  0.000000e+000  0.000000e+000  0.000000e+000  0.000000e+000  0.000000e+000  0.000000e+000  0.000000e+000  0.000000e+000  0.000000e+000  0.000000e+000  

0.000000e+000  0.000000e+000  0.000000e+000  0.000000e+000  0.000000e+000  0.000000e+000  0.000000e+000  0.000000e+000  0.000000e+000  0.000000e+000  0.000000e+000  0.000000e+000  0.000000e+000  
0.000000e+000  0.000000e+000  0.000000e+000  0.000000e+000  0.000000e+000  0.000000e+000  0.000000e+000  0.000000e+000  0.000000e+000  0.000000e+000  0.000000e+000  0.000000e+000  0.000000e+000  
0.000000e+000  0.000000e+000  0.000000e+000  0.000000e+000  0.000000e+000  0.000000e+000  0.000000e+000  0.000000e+000  0.000000e+000  0.000000e+000  0.000000e+000  0.000000e+000  0.000000e+000  
0.000000e+000  0.000000e+000  0.000000e+000  0.000000e+000  0.000000e+000  0.000000e+000  0.000000e+000  0.000000e+000  0.000000e+000  0.000000e+000  0.000000e+000  0.000000e+000  0.000000e+000  
0.000000e+000  0.000000e+000  0.000000e+000  0.000000e+000  0.000000e+000  0.000000e+000  0.000000e+000  0.000000e+000  0.000000e+000  0.000000e+000  0.000000e+000  0.000000e+000  0.000000e+000  
0.000000e+000  0.000000e+000  0.000000e+000  0.000000e+000  0.000000e+000  0.000000e+000  0.000000e+000  0.000000e+000  0.000000e+000  0.000000e+000  0.000000e+000  0.000000e+000  0.000000e+000  
0.000000e+000  0.000000e+000  0.000000e+000  0.000000e+000  0.000000e+000  0.000000e+000  0.000000e+000  0.000000e+000  0.000000e+000  0.000000e+000  0.000000e+000  0.000000e+000  0.000000e+000  
0.000000e+000  0.000000e+000  0.000000e+000  0.000000e+000  0.000000e+000  0.000000e+000  0.000000e+000  0.000000e+000  0.000000e+000  0.000000e+000  0.000000e+000  0.000000e+000  0.000000e+000  
0.000000e+000  0.000000e+000  0.000000e+000  0.000000e+000  0.000000e+000  0.000000e+000  0.000000e+000  0.000000e+000  0.000000e+000  0.000000e+000  0.000000e+000  0.000000e+000  0.000000e+000  
0.000000e+000  0.000000e+000  0.000000e+000  0.000000e+000  0.000000e+000  0.000000e+000  0.000000e+000  0.000000e+000  0.000000e+000  0.000000e+000  0.000000e+000  0.000000e+000  0.000000e+000  
0.000000e+000  0.000000e+000  0.000000e+000  0.000000e+000  0.000000e+000  0.000000e+000  0.000000e+000  0.000000e+000  0.000000e+000  0.000000e+000  0.000000e+000  0.000000e+000  0.000000e+000  
0.000000e+000  0.000000e+000  0.000000e+000  0.000000e+000  0.000000e+000  0.000000e+000  0.000000e+000  0.000000e+000  0.000000e+000  0.000000e+000  0.000000e+000  0.000000e+000  0.000000e+000  
0.000000e+000  0.000000e+000  0.000000e+000  0.000000e+000  0.000000e+000  0.000000e+000  0.000000e+000  0.000000e+000  0.000000e+000  0.000000e+000  0.000000e+000  0.000000e+000  0.000000e+000  

0.000000e+000  0.000000e+000  0.000000e+000  0.000000e+000  0.000000e+000  0.000000e+000  0.000000e+000  0.000000e+000  0.000000e+000  0.000000e+000  0.000000e+000  0.000000e+000  0.000000e+000  
0.000000e+000  0.000000e+000  0.000000e+000  0.000000e+000  0.000000e+000  0.000000e+000  0.000000e+000  0.000000e+000  0.000000e+000  0.000000e+000  0.000000e+000  0.000000e+000  0.000000e+000  
0.000000e+000  0.000000e+000  0.000000e+000  0.000000e+000  0.000000e+000  0.000000e+000  0.000000e+000  0.000000e+000  0.000000e+000  0.000000e+000  0.000000e+000  0.000000e+000  0.000000e+000  
0.000000e+000  0.000000e+000  0.000000e+000  0.000000e+000  0.000000e+000  0.000000e+000  0.000000e+000  0.000000e+000  0.000000e+000  0.000000e+000  0.000000e+000  0.000000e+000  0.000000e+000  
0.000000e+000  0.000000e+000  0.000000e+000  0.000000e+000  0.000000e+000  0.000000e+000  0.000000e+000  0.000000e+000  0.000000e+000  0.000000e+000  0.000000e+000  0.000000e+000  0.000000e+000  
0.000000e+000  0.000000e+000  0.000000e+000  0.000000e+000  0.000000e+000  0.000000e+000  0.000000e+000  0.000000e+000  0.000000e+000  0.000000e+000  0.000000e+000  0.000000e+000  0.000000e+000  
0.000000e+000  0.000000e+000  0.000000e+000  0.000000e+000  0.000000e+000  0.000000e+000  0.000000e+000  0.000000e+000  0.000000e+000  0.000000e+000  0.000000e+000  0.000000e+000  0.000000e+000  
0.000000e+000  0.000000e+000  0.000000e+000  0.000000e+000  0.000000e+000  0.000000e+000  0.000000e+000  0.000000e+000  0.000000e+000  0.000000e+000  0.000000e+000  0.000000e+000  0.000000e+000  
0.000000e+000  0.000000e+000  0.000000e+000  0.000000e+000  0.000000e+000  0.000000e+000  0.000000e+000  0.000000e+000  0.000000e+000  0.000000e+000  0.000000e+000  0.000000e+000  0.000000e+000  
0.000000e+000  0.000000e+000  0.000000e+000  0.000000e+000  0.000000e+000  0.000000e+000  0.000000e+000  0.000000e+000  0.000000e+000  0.000000e+000  0.000000e+000  0.000000e+000  0.000000e+000  
0.000000e+000  0.000000e+000  0.000000e+000  0.000000e+000  0.000000e+000  0.000000e+000  0.000000e+000  0.000000e+000  0.000000e+000  0.000000e+000  0.000000e+000  0.000000e+000  0.000000e+000  
0.000000e+000  0.000000e+000  0.000000e+000  0.000000e+000  0.000000e+000  0.000000e+000  0.000000e+000  0.000000e+000  0.000000e+000  0.000000e+000  0.000000e+000  0.000000e+000  0.000000e+000  
0.000000e+000  0.000000e+000  0.000000e+000  0.000000e+000  0.000000e+000  0.000000e+000  0.000000e+000  0.000000e+000  0.000000e+000  0.000000e+000  0.000000e+000  0.000000e+000  0.000000e+000  

0.000000e+000  5.849884e-006  3.441434e-006  1.621038e-005  9.480014e-006  -6.746893e-006  -2.850679e-005  -5.475843e-005  -8.691497e-005  -1.317158e-004  -2.130091e-004  -9.235456e-005  0.000000e+000  
0.000000e+000  9.979818e-006  1.200402e-005  2.054333e-005  1.159076e-005  -5.518615e-006  -2.750842e-005  -5.344676e-005  -8.410429e-005  -1.236074e-004  -1.902326e-004  -8.439587e-005  0.000000e+000  
0.000000e+000  2.206380e-005  4.349382e-005  3.265046e-005  1.732625e-005  -2.119262e-006  -2.475549e-005  -5.003701e-005  -7.736375e-005  -1.034433e-004  -1.071570e-004  -6.437595e-005  0.000000e+000  
0.000000e+000  4.138099e-005  8.708129e-005  5.454534e-005  2.936423e-005  5.637715e-006  -1.842165e-005  -4.321821e-005  -6.829115e-005  -9.183618e-005  -1.107748e-004  -5.712246e-005  0.000000e+000  
0.000000e+000  5.097908e-005  1.042760e-004  6.908532e-005  3.994772e-005  1.372766e-005  -1.135066e-005  -3.612299e-005  -6.074665e-005  -8.483530e-005  -1.081337e-004  -5.426056e-005  0.000000e+000  
0.000000e+000  5.536483e-005  1.119354e-004  7.757266e-005  4.761376e-005  2.067590e-005  -4.586078e-006  -2.917600e-005  -5.373740e-005  -7.862449e-005  -1.041130e-004  -5.188892e-005  0.000000e+000  
0.000000e+000  5.703468e-005  1.149624e-004  8.165539e-005  5.225897e-005  2.594791e-005  1.506700e-006  -2.225746e-005  -4.640247e-005  -7.181230e-005  -9.906693e-005  -4.909322e-005  0.000000e+000  
0.000000e+000  5.669752e-005  1.145293e-004  8.182809e-005  5.381857e-005  2.935033e-005  6.922399e-006  -1.495800e-005  -3.780280e-005  -6.315536e-005  -9.218497e-005  -4.518328e-005  0.000000e+000  
0.000000e+000  5.380704e-005  1.097386e-004  7.730876e-005  5.183715e-005  3.071251e-005  1.179049e-005  -6.694142e-006  -2.669534e-005  -5.082142e-005  -8.180653e-005  -3.897195e-005  0.000000e+000  
0.000000e+000  4.613586e-005  9.684418e-005  6.583117e-005  4.550878e-005  2.987191e-005  1.622131e-005  3.086218e-006  -1.146280e-005  -3.162854e-005  -6.503817e-005  -2.787220e-005  0.000000e+000  
0.000000e+000  2.817848e-005  6.474268e-005  4.366304e-005  3.449485e-005  2.704521e-005  2.013650e-005  1.428064e-005  9.386342e-006  8.080300e-007  -3.769471e-005  -5.009715e-006  0.000000e+000  
0.000000e+000  -3.624398e-006  -1.931301e-005  1.395829e-005  2.326203e-005  2.407844e-005  2.273279e-005  2.342392e-005  3.101179e-005  5.476235e-005  1.211486e-004  4.471771e-005  0.000000e+000  
0.000000e+000  -1.397949e-005  -3.960790e-005  3.190880e-006  1.873499e-005  2.282005e-005  2.371981e-005  2.711798e-005  3.986663e-005  7.502922e-005  1.614924e-004  6.273199e-005  0.000000e+000  

