Port monitor named: Port2_h1.prt

nx        = 19
ny        = 19
nz        = 60

nu        = 13
nv        = 13
iu        = 4
iv        = 4

idir      = 2
dcut      = 0.000000e+000
icut      = 4
type      = 1
frequency = 6.000000e+010

fcutoff   = 3.755075e+010
alpha     = 0.000000e+000
beta      = 1.670223e+003
accuracy  = 2.005883e-014

type          = UNDEF
wave imp.     = 1.810780e+002
wave imp.sig. = 1.875603e-001
line imp.     = 0.000000e+000

ref. port     = 0

-1.934423e+000  -9.882884e-001  -8.140965e-001  -1.050380e+000  -1.502645e+000  -2.057336e+000  -2.650208e+000  -3.226792e+000  -3.736184e+000  -4.131992e+000  -4.374482e+000  -4.434109e+000  -4.324415e+000  
-6.341802e+000  -6.291644e+000  -6.379144e+000  -6.763802e+000  -7.289850e+000  -7.860710e+000  -8.411715e+000  -8.889534e+000  -9.246394e+000  -9.439905e+000  -9.434331e+000  -9.238295e+000  -8.845947e+000  
-1.199104e+001  -1.243092e+001  -1.284425e+001  -1.348534e+001  -1.413069e+001  -1.472885e+001  -1.522931e+001  -1.558608e+001  -1.575780e+001  -1.570851e+001  -1.540899e+001  -1.491486e+001  -1.419788e+001  
-1.797211e+001  -1.872742e+001  -1.940913e+001  -2.032066e+001  -2.110196e+001  -2.172899e+001  -2.216929e+001  -2.238971e+001  -2.235958e+001  -2.205268e+001  -2.144884e+001  -2.065254e+001  -1.961023e+001  
-2.252823e+001  -2.348661e+001  -2.434231e+001  -2.543839e+001  -2.630865e+001  -2.693999e+001  -2.731325e+001  -2.740792e+001  -2.720493e+001  -2.668847e+001  -2.584748e+001  -2.482360e+001  -2.354217e+001  
-2.527057e+001  -2.634115e+001  -2.728694e+001  -2.846879e+001  -2.936194e+001  -2.995934e+001  -3.025215e+001  -3.023153e+001  -2.988994e+001  -2.922195e+001  -2.822491e+001  -2.706334e+001  -2.564734e+001  
-2.598895e+001  -2.708118e+001  -2.803453e+001  -2.919913e+001  -3.004105e+001  -3.055900e+001  -3.075358e+001  -3.062709e+001  -3.018338e+001  -2.942726e+001  -2.836371e+001  -2.716418e+001  -2.572959e+001  
-2.464678e+001  -2.567115e+001  -2.655137e+001  -2.759702e+001  -2.831243e+001  -2.870322e+001  -2.877956e+001  -2.855489e+001  -2.804458e+001  -2.726410e+001  -2.622609e+001  -2.509238e+001  -2.375937e+001  
-2.137778e+001  -2.225109e+001  -2.298345e+001  -2.381570e+001  -2.433389e+001  -2.455184e+001  -2.448958e+001  -2.417176e+001  -2.362580e+001  -2.287929e+001  -2.195504e+001  -2.099113e+001  -1.988022e+001  
-1.647371e+001  -1.712483e+001  -1.764516e+001  -1.818280e+001  -1.844288e+001  -1.844809e+001  -1.822825e+001  -1.781877e+001  -1.725921e+001  -1.659176e+001  -1.585712e+001  -1.516715e+001  -1.441116e+001  
-1.070133e+001  -1.109058e+001  -1.136330e+001  -1.156343e+001  -1.153597e+001  -1.131167e+001  -1.092844e+001  -1.043016e+001  -9.866002e+000  -9.292085e+000  -8.777724e+000  -8.443071e+000  -8.233933e+000  
-4.712023e+000  -4.821635e+000  -4.832650e+000  -4.682458e+000  -4.362038e+000  -3.907880e+000  -3.363737e+000  -2.778851e+000  -2.206544e+000  -1.707129e+000  -1.368756e+000  -1.382397e+000  -2.225512e+000  
0.000000e+000  0.000000e+000  0.000000e+000  0.000000e+000  0.000000e+000  0.000000e+000  0.000000e+000  0.000000e+000  0.000000e+000  0.000000e+000  0.000000e+000  0.000000e+000  0.000000e+000  

1.934422e+000  6.341801e+000  1.199104e+001  1.797210e+001  2.252823e+001  2.527056e+001  2.598894e+001  2.464677e+001  2.137777e+001  1.647371e+001  1.070133e+001  4.712023e+000  0.000000e+000  
9.882876e-001  6.291642e+000  1.243092e+001  1.872742e+001  2.348661e+001  2.634114e+001  2.708118e+001  2.567114e+001  2.225109e+001  1.712483e+001  1.109058e+001  4.821635e+000  0.000000e+000  
8.140958e-001  6.379143e+000  1.284425e+001  1.940912e+001  2.434230e+001  2.728694e+001  2.803452e+001  2.655137e+001  2.298345e+001  1.764516e+001  1.136330e+001  4.832650e+000  0.000000e+000  
1.050379e+000  6.763801e+000  1.348534e+001  2.032065e+001  2.543839e+001  2.846878e+001  2.919913e+001  2.759702e+001  2.381569e+001  1.818280e+001  1.156343e+001  4.682458e+000  0.000000e+000  
1.502645e+000  7.289848e+000  1.413069e+001  2.110196e+001  2.630864e+001  2.936194e+001  3.004105e+001  2.831242e+001  2.433389e+001  1.844288e+001  1.153597e+001  4.362038e+000  0.000000e+000  
2.057335e+000  7.860709e+000  1.472885e+001  2.172899e+001  2.693998e+001  2.995933e+001  3.055899e+001  2.870321e+001  2.455183e+001  1.844809e+001  1.131166e+001  3.907880e+000  0.000000e+000  
2.650208e+000  8.411714e+000  1.522931e+001  2.216929e+001  2.731325e+001  3.025215e+001  3.075357e+001  2.877956e+001  2.448957e+001  1.822825e+001  1.092843e+001  3.363736e+000  0.000000e+000  
3.226791e+000  8.889533e+000  1.558608e+001  2.238970e+001  2.740792e+001  3.023153e+001  3.062709e+001  2.855489e+001  2.417175e+001  1.781876e+001  1.043016e+001  2.778851e+000  0.000000e+000  
3.736184e+000  9.246392e+000  1.575779e+001  2.235958e+001  2.720493e+001  2.988994e+001  3.018338e+001  2.804458e+001  2.362580e+001  1.725921e+001  9.866000e+000  2.206543e+000  0.000000e+000  
4.131992e+000  9.439903e+000  1.570851e+001  2.205267e+001  2.668847e+001  2.922195e+001  2.942725e+001  2.726410e+001  2.287929e+001  1.659176e+001  9.292083e+000  1.707128e+000  0.000000e+000  
4.374482e+000  9.434330e+000  1.540898e+001  2.144884e+001  2.584748e+001  2.822490e+001  2.836371e+001  2.622608e+001  2.195503e+001  1.585711e+001  8.777722e+000  1.368755e+000  0.000000e+000  
4.434109e+000  9.238294e+000  1.491486e+001  2.065254e+001  2.482359e+001  2.706334e+001  2.716417e+001  2.509238e+001  2.099112e+001  1.516714e+001  8.443069e+000  1.382396e+000  0.000000e+000  
4.324414e+000  8.845946e+000  1.419788e+001  1.961023e+001  2.354216e+001  2.564734e+001  2.572959e+001  2.375936e+001  1.988022e+001  1.441116e+001  8.233931e+000  2.225511e+000  0.000000e+000  

0.000000e+000  0.000000e+000  0.000000e+000  0.000000e+000  0.000000e+000  0.000000e+000  0.000000e+000  0.000000e+000  0.000000e+000  0.000000e+000  0.000000e+000  0.000000e+000  0.000000e+000  
0.000000e+000  0.000000e+000  0.000000e+000  0.000000e+000  0.000000e+000  0.000000e+000  0.000000e+000  0.000000e+000  0.000000e+000  0.000000e+000  0.000000e+000  0.000000e+000  0.000000e+000  
0.000000e+000  0.000000e+000  0.000000e+000  0.000000e+000  0.000000e+000  0.000000e+000  0.000000e+000  0.000000e+000  0.000000e+000  0.000000e+000  0.000000e+000  0.000000e+000  0.000000e+000  
0.000000e+000  0.000000e+000  0.000000e+000  0.000000e+000  0.000000e+000  0.000000e+000  0.000000e+000  0.000000e+000  0.000000e+000  0.000000e+000  0.000000e+000  0.000000e+000  0.000000e+000  
0.000000e+000  0.000000e+000  0.000000e+000  0.000000e+000  0.000000e+000  0.000000e+000  0.000000e+000  0.000000e+000  0.000000e+000  0.000000e+000  0.000000e+000  0.000000e+000  0.000000e+000  
0.000000e+000  0.000000e+000  0.000000e+000  0.000000e+000  0.000000e+000  0.000000e+000  0.000000e+000  0.000000e+000  0.000000e+000  0.000000e+000  0.000000e+000  0.000000e+000  0.000000e+000  
0.000000e+000  0.000000e+000  0.000000e+000  0.000000e+000  0.000000e+000  0.000000e+000  0.000000e+000  0.000000e+000  0.000000e+000  0.000000e+000  0.000000e+000  0.000000e+000  0.000000e+000  
0.000000e+000  0.000000e+000  0.000000e+000  0.000000e+000  0.000000e+000  0.000000e+000  0.000000e+000  0.000000e+000  0.000000e+000  0.000000e+000  0.000000e+000  0.000000e+000  0.000000e+000  
0.000000e+000  0.000000e+000  0.000000e+000  0.000000e+000  0.000000e+000  0.000000e+000  0.000000e+000  0.000000e+000  0.000000e+000  0.000000e+000  0.000000e+000  0.000000e+000  0.000000e+000  
0.000000e+000  0.000000e+000  0.000000e+000  0.000000e+000  0.000000e+000  0.000000e+000  0.000000e+000  0.000000e+000  0.000000e+000  0.000000e+000  0.000000e+000  0.000000e+000  0.000000e+000  
0.000000e+000  0.000000e+000  0.000000e+000  0.000000e+000  0.000000e+000  0.000000e+000  0.000000e+000  0.000000e+000  0.000000e+000  0.000000e+000  0.000000e+000  0.000000e+000  0.000000e+000  
0.000000e+000  0.000000e+000  0.000000e+000  0.000000e+000  0.000000e+000  0.000000e+000  0.000000e+000  0.000000e+000  0.000000e+000  0.000000e+000  0.000000e+000  0.000000e+000  0.000000e+000  
0.000000e+000  0.000000e+000  0.000000e+000  0.000000e+000  0.000000e+000  0.000000e+000  0.000000e+000  0.000000e+000  0.000000e+000  0.000000e+000  0.000000e+000  0.000000e+000  0.000000e+000  

0.000000e+000  0.000000e+000  0.000000e+000  0.000000e+000  0.000000e+000  0.000000e+000  0.000000e+000  0.000000e+000  0.000000e+000  0.000000e+000  0.000000e+000  0.000000e+000  0.000000e+000  
0.000000e+000  0.000000e+000  0.000000e+000  0.000000e+000  0.000000e+000  0.000000e+000  0.000000e+000  0.000000e+000  0.000000e+000  0.000000e+000  0.000000e+000  0.000000e+000  0.000000e+000  
0.000000e+000  0.000000e+000  0.000000e+000  0.000000e+000  0.000000e+000  0.000000e+000  0.000000e+000  0.000000e+000  0.000000e+000  0.000000e+000  0.000000e+000  0.000000e+000  0.000000e+000  
0.000000e+000  0.000000e+000  0.000000e+000  0.000000e+000  0.000000e+000  0.000000e+000  0.000000e+000  0.000000e+000  0.000000e+000  0.000000e+000  0.000000e+000  0.000000e+000  0.000000e+000  
0.000000e+000  0.000000e+000  0.000000e+000  0.000000e+000  0.000000e+000  0.000000e+000  0.000000e+000  0.000000e+000  0.000000e+000  0.000000e+000  0.000000e+000  0.000000e+000  0.000000e+000  
0.000000e+000  0.000000e+000  0.000000e+000  0.000000e+000  0.000000e+000  0.000000e+000  0.000000e+000  0.000000e+000  0.000000e+000  0.000000e+000  0.000000e+000  0.000000e+000  0.000000e+000  
0.000000e+000  0.000000e+000  0.000000e+000  0.000000e+000  0.000000e+000  0.000000e+000  0.000000e+000  0.000000e+000  0.000000e+000  0.000000e+000  0.000000e+000  0.000000e+000  0.000000e+000  
0.000000e+000  0.000000e+000  0.000000e+000  0.000000e+000  0.000000e+000  0.000000e+000  0.000000e+000  0.000000e+000  0.000000e+000  0.000000e+000  0.000000e+000  0.000000e+000  0.000000e+000  
0.000000e+000  0.000000e+000  0.000000e+000  0.000000e+000  0.000000e+000  0.000000e+000  0.000000e+000  0.000000e+000  0.000000e+000  0.000000e+000  0.000000e+000  0.000000e+000  0.000000e+000  
0.000000e+000  0.000000e+000  0.000000e+000  0.000000e+000  0.000000e+000  0.000000e+000  0.000000e+000  0.000000e+000  0.000000e+000  0.000000e+000  0.000000e+000  0.000000e+000  0.000000e+000  
0.000000e+000  0.000000e+000  0.000000e+000  0.000000e+000  0.000000e+000  0.000000e+000  0.000000e+000  0.000000e+000  0.000000e+000  0.000000e+000  0.000000e+000  0.000000e+000  0.000000e+000  
0.000000e+000  0.000000e+000  0.000000e+000  0.000000e+000  0.000000e+000  0.000000e+000  0.000000e+000  0.000000e+000  0.000000e+000  0.000000e+000  0.000000e+000  0.000000e+000  0.000000e+000  
0.000000e+000  0.000000e+000  0.000000e+000  0.000000e+000  0.000000e+000  0.000000e+000  0.000000e+000  0.000000e+000  0.000000e+000  0.000000e+000  0.000000e+000  0.000000e+000  0.000000e+000  

0.000000e+000  0.000000e+000  0.000000e+000  0.000000e+000  0.000000e+000  0.000000e+000  0.000000e+000  0.000000e+000  0.000000e+000  0.000000e+000  0.000000e+000  0.000000e+000  0.000000e+000  
0.000000e+000  0.000000e+000  0.000000e+000  0.000000e+000  0.000000e+000  0.000000e+000  0.000000e+000  0.000000e+000  0.000000e+000  0.000000e+000  0.000000e+000  0.000000e+000  0.000000e+000  
0.000000e+000  0.000000e+000  0.000000e+000  0.000000e+000  0.000000e+000  0.000000e+000  0.000000e+000  0.000000e+000  0.000000e+000  0.000000e+000  0.000000e+000  0.000000e+000  0.000000e+000  
0.000000e+000  0.000000e+000  0.000000e+000  0.000000e+000  0.000000e+000  0.000000e+000  0.000000e+000  0.000000e+000  0.000000e+000  0.000000e+000  0.000000e+000  0.000000e+000  0.000000e+000  
0.000000e+000  0.000000e+000  0.000000e+000  0.000000e+000  0.000000e+000  0.000000e+000  0.000000e+000  0.000000e+000  0.000000e+000  0.000000e+000  0.000000e+000  0.000000e+000  0.000000e+000  
0.000000e+000  0.000000e+000  0.000000e+000  0.000000e+000  0.000000e+000  0.000000e+000  0.000000e+000  0.000000e+000  0.000000e+000  0.000000e+000  0.000000e+000  0.000000e+000  0.000000e+000  
0.000000e+000  0.000000e+000  0.000000e+000  0.000000e+000  0.000000e+000  0.000000e+000  0.000000e+000  0.000000e+000  0.000000e+000  0.000000e+000  0.000000e+000  0.000000e+000  0.000000e+000  
0.000000e+000  0.000000e+000  0.000000e+000  0.000000e+000  0.000000e+000  0.000000e+000  0.000000e+000  0.000000e+000  0.000000e+000  0.000000e+000  0.000000e+000  0.000000e+000  0.000000e+000  
0.000000e+000  0.000000e+000  0.000000e+000  0.000000e+000  0.000000e+000  0.000000e+000  0.000000e+000  0.000000e+000  0.000000e+000  0.000000e+000  0.000000e+000  0.000000e+000  0.000000e+000  
0.000000e+000  0.000000e+000  0.000000e+000  0.000000e+000  0.000000e+000  0.000000e+000  0.000000e+000  0.000000e+000  0.000000e+000  0.000000e+000  0.000000e+000  0.000000e+000  0.000000e+000  
0.000000e+000  0.000000e+000  0.000000e+000  0.000000e+000  0.000000e+000  0.000000e+000  0.000000e+000  0.000000e+000  0.000000e+000  0.000000e+000  0.000000e+000  0.000000e+000  0.000000e+000  
0.000000e+000  0.000000e+000  0.000000e+000  0.000000e+000  0.000000e+000  0.000000e+000  0.000000e+000  0.000000e+000  0.000000e+000  0.000000e+000  0.000000e+000  0.000000e+000  0.000000e+000  
0.000000e+000  0.000000e+000  0.000000e+000  0.000000e+000  0.000000e+000  0.000000e+000  0.000000e+000  0.000000e+000  0.000000e+000  0.000000e+000  0.000000e+000  0.000000e+000  0.000000e+000  

6.006270e-008  -4.950742e-001  -1.127035e+000  -1.811353e+000  -2.349335e+000  -2.695580e+000  -2.825350e+000  -2.733263e+000  -2.432579e+000  -1.953655e+000  -1.375203e+000  -7.658975e-001  -0.000000e+000  
4.950744e-001  1.271368e-007  -6.262372e-001  -1.321207e+000  -1.896451e+000  -2.308918e+000  -2.533811e+000  -2.563811e+000  -2.408290e+000  -2.091734e+000  -1.675406e+000  -1.218508e+000  -0.000000e+000  
1.127035e+000  6.262375e-001  1.780699e-007  -7.082919e-001  -1.324972e+000  -1.813153e+000  -2.149655e+000  -2.325541e+000  -2.345730e+000  -2.227694e+000  -2.011765e+000  -1.746697e+000  -0.000000e+000  
1.811353e+000  1.321207e+000  7.082923e-001  1.862671e-007  -6.472164e-001  -1.205041e+000  -1.653815e+000  -1.983847e+000  -2.195582e+000  -2.298872e+000  -2.310730e+000  -2.267637e+000  -0.000000e+000  
2.349335e+000  1.896452e+000  1.324973e+000  6.472168e-001  1.440116e-007  -5.964008e-001  -1.126331e+000  -1.580054e+000  -1.954231e+000  -2.251740e+000  -2.468240e+000  -2.627601e+000  -0.000000e+000  
2.695581e+000  2.308918e+000  1.813153e+000  1.205041e+000  5.964010e-001  6.576068e-008  -5.726330e-001  -1.112131e+000  -1.611844e+000  -2.068126e+000  -2.457505e+000  -2.790999e+000  -0.000000e+000  
2.825350e+000  2.533811e+000  2.149656e+000  1.653815e+000  1.126331e+000  5.726331e-001  -2.825697e-008  -5.828626e-001  -1.166319e+000  -1.740449e+000  -2.265046e+000  -2.738209e+000  -0.000000e+000  
2.733264e+000  2.563811e+000  2.325541e+000  1.983847e+000  1.580054e+000  1.112131e+000  5.828625e-001  -1.153326e-007  -6.240627e-001  -1.273185e+000  -1.892660e+000  -2.467628e+000  -0.000000e+000  
2.432580e+000  2.408291e+000  2.345730e+000  2.195582e+000  1.954231e+000  1.611843e+000  1.166318e+000  6.240624e-001  -1.738508e-007  -6.833526e-001  -1.358379e+000  -1.996690e+000  -0.000000e+000  
1.953656e+000  2.091734e+000  2.227694e+000  2.298872e+000  2.251740e+000  2.068126e+000  1.740449e+000  1.273184e+000  6.833523e-001  -1.867405e-007  -6.967903e-001  -1.362729e+000  -0.000000e+000  
1.375204e+000  1.675406e+000  2.011765e+000  2.310730e+000  2.468240e+000  2.457505e+000  2.265046e+000  1.892659e+000  1.358379e+000  6.967900e-001  -1.478517e-007  -6.669123e-001  -0.000000e+000  
7.658975e-001  1.218508e+000  1.746697e+000  2.267637e+000  2.627601e+000  2.790998e+000  2.738209e+000  2.467628e+000  1.996690e+000  1.362729e+000  6.669121e-001  -6.637176e-008  -0.000000e+000  
-0.000000e+000  -0.000000e+000  -0.000000e+000  -0.000000e+000  -0.000000e+000  -0.000000e+000  -0.000000e+000  -0.000000e+000  -0.000000e+000  -0.000000e+000  -0.000000e+000  -0.000000e+000  -0.000000e+000  

