Port monitor named: Port1_h1.prt

nx        = 13
ny        = 13
nz        = 60

nu        = 13
nv        = 13
iu        = 1
iv        = 1

idir      = 2
dcut      = 1.424914e-002
icut      = 60
type      = 1
frequency = 6.000000e+010

fcutoff   = 0.000000e+000
alpha     = 0.000000e+000
beta      = 1.257507e+003
accuracy  = 5.546155e-014

type          = TEM
wave imp.     = 3.767303e+002
wave imp.sig. = 6.752661e-006
line imp.     = 3.767303e+002

ref. port     = 0

-0.000000e+000  5.185054e-008  9.492527e-008  6.335716e-008  3.476458e-008  1.852428e-008  9.865453e-009  4.932485e-009  1.583737e-009  -1.752414e-009  -6.064145e-009  -2.649739e-009  -0.000000e+000  
-0.000000e+000  1.642836e-007  3.360738e-007  1.887561e-007  9.878490e-008  5.226785e-008  2.792941e-008  1.411769e-008  4.700728e-009  -4.778421e-009  -2.204468e-008  -7.489774e-009  -0.000000e+000  
-0.000000e+000  2.954965e-007  7.252976e-007  3.136467e-007  1.546812e-007  8.208139e-008  4.466760e-008  2.314444e-008  8.668748e-009  -4.266304e-009  -2.160703e-008  -8.590225e-009  -0.000000e+000  
-0.000000e+000  1.507284e-007  2.736170e-007  2.108277e-007  1.353885e-007  8.268380e-008  4.886220e-008  2.693140e-008  1.187532e-008  7.655912e-010  -6.725703e-009  -4.300024e-009  -0.000000e+000  
-0.000000e+000  6.863174e-008  1.184650e-007  1.206633e-007  9.336085e-008  6.440232e-008  4.116235e-008  2.384753e-008  1.113489e-008  2.178426e-009  -2.663907e-009  -2.384334e-009  -0.000000e+000  
-0.000000e+000  2.877840e-008  5.040738e-008  5.998905e-008  5.299043e-008  4.039867e-008  2.754380e-008  1.615779e-008  6.640581e-009  -5.240478e-010  -4.063213e-009  -3.133055e-009  -0.000000e+000  
-0.000000e+000  5.060405e-009  9.750944e-009  1.590714e-008  1.820905e-008  1.666375e-008  1.245372e-008  6.599295e-009  -2.071080e-010  -6.852524e-009  -1.031545e-008  -6.670762e-009  -0.000000e+000  
-0.000000e+000  -1.785988e-008  -2.982665e-008  -2.432940e-008  -1.272037e-008  -4.408218e-009  -9.924872e-010  -2.007723e-009  -7.214678e-009  -1.636340e-008  -2.457845e-008  -1.403705e-008  -0.000000e+000  
-0.000000e+000  -5.403107e-008  -9.754717e-008  -7.067408e-008  -4.035531e-008  -2.058585e-008  -1.000579e-008  -6.423786e-009  -1.027880e-008  -2.680851e-008  -6.009443e-008  -2.582959e-008  -0.000000e+000  
-0.000000e+000  -1.138400e-007  -2.758535e-007  -1.204640e-007  -5.744139e-008  -2.757107e-008  -1.202320e-008  -3.400893e-009  -6.714764e-010  -2.049826e-008  -1.716699e-007  -2.694127e-008  -0.000000e+000  
-0.000000e+000  -6.798497e-008  -1.386369e-007  -8.025301e-008  -4.226664e-008  -2.064310e-008  -7.387040e-009  5.017528e-009  2.970775e-008  1.095119e-007  4.262357e-007  1.128012e-007  -0.000000e+000  
-0.000000e+000  -2.007221e-008  -3.577061e-008  -2.629063e-008  -1.505957e-008  -7.510004e-009  -2.350273e-009  3.235043e-009  1.475094e-008  4.467818e-008  1.056417e-007  4.368920e-008  -0.000000e+000  
-0.000000e+000  -0.000000e+000  -0.000000e+000  -0.000000e+000  -0.000000e+000  -0.000000e+000  -0.000000e+000  -0.000000e+000  -0.000000e+000  -0.000000e+000  -0.000000e+000  -0.000000e+000  -0.000000e+000  

-2.060842e+001  -2.060842e+001  -2.060842e+001  -2.060842e+001  -2.060842e+001  -2.060842e+001  -2.060842e+001  -2.060842e+001  -2.060842e+001  -2.060842e+001  -2.060842e+001  -2.060842e+001  -0.000000e+000  
-2.060842e+001  -2.060842e+001  -2.060842e+001  -2.060842e+001  -2.060842e+001  -2.060842e+001  -2.060842e+001  -2.060842e+001  -2.060842e+001  -2.060842e+001  -2.060842e+001  -2.060842e+001  -0.000000e+000  
-2.060842e+001  -2.060842e+001  -2.060842e+001  -2.060842e+001  -2.060842e+001  -2.060842e+001  -2.060842e+001  -2.060842e+001  -2.060842e+001  -2.060842e+001  -2.060842e+001  -2.060842e+001  -0.000000e+000  
-2.060842e+001  -2.060842e+001  -2.060842e+001  -2.060842e+001  -2.060842e+001  -2.060842e+001  -2.060842e+001  -2.060842e+001  -2.060842e+001  -2.060842e+001  -2.060842e+001  -2.060842e+001  -0.000000e+000  
-2.060842e+001  -2.060842e+001  -2.060842e+001  -2.060842e+001  -2.060842e+001  -2.060842e+001  -2.060842e+001  -2.060842e+001  -2.060842e+001  -2.060842e+001  -2.060842e+001  -2.060842e+001  -0.000000e+000  
-2.060842e+001  -2.060842e+001  -2.060842e+001  -2.060842e+001  -2.060842e+001  -2.060842e+001  -2.060842e+001  -2.060842e+001  -2.060842e+001  -2.060842e+001  -2.060842e+001  -2.060842e+001  -0.000000e+000  
-2.060842e+001  -2.060842e+001  -2.060842e+001  -2.060842e+001  -2.060842e+001  -2.060842e+001  -2.060842e+001  -2.060842e+001  -2.060842e+001  -2.060842e+001  -2.060842e+001  -2.060842e+001  -0.000000e+000  
-2.060842e+001  -2.060842e+001  -2.060842e+001  -2.060842e+001  -2.060842e+001  -2.060842e+001  -2.060842e+001  -2.060842e+001  -2.060842e+001  -2.060842e+001  -2.060842e+001  -2.060842e+001  -0.000000e+000  
-2.060842e+001  -2.060842e+001  -2.060842e+001  -2.060842e+001  -2.060842e+001  -2.060842e+001  -2.060842e+001  -2.060842e+001  -2.060842e+001  -2.060842e+001  -2.060842e+001  -2.060842e+001  -0.000000e+000  
-2.060842e+001  -2.060842e+001  -2.060842e+001  -2.060842e+001  -2.060842e+001  -2.060842e+001  -2.060842e+001  -2.060842e+001  -2.060842e+001  -2.060842e+001  -2.060842e+001  -2.060842e+001  -0.000000e+000  
-2.060842e+001  -2.060842e+001  -2.060842e+001  -2.060842e+001  -2.060842e+001  -2.060842e+001  -2.060842e+001  -2.060842e+001  -2.060842e+001  -2.060842e+001  -2.060842e+001  -2.060842e+001  -0.000000e+000  
-2.060842e+001  -2.060842e+001  -2.060842e+001  -2.060842e+001  -2.060842e+001  -2.060842e+001  -2.060842e+001  -2.060842e+001  -2.060842e+001  -2.060842e+001  -2.060842e+001  -2.060842e+001  -0.000000e+000  
-2.060842e+001  -2.060842e+001  -2.060842e+001  -2.060842e+001  -2.060842e+001  -2.060842e+001  -2.060842e+001  -2.060842e+001  -2.060842e+001  -2.060842e+001  -2.060842e+001  -2.060842e+001  -0.000000e+000  

0.000000e+000  0.000000e+000  0.000000e+000  0.000000e+000  0.000000e+000  0.000000e+000  0.000000e+000  0.000000e+000  0.000000e+000  0.000000e+000  0.000000e+000  0.000000e+000  0.000000e+000  
0.000000e+000  0.000000e+000  0.000000e+000  0.000000e+000  0.000000e+000  0.000000e+000  0.000000e+000  0.000000e+000  0.000000e+000  0.000000e+000  0.000000e+000  0.000000e+000  0.000000e+000  
0.000000e+000  0.000000e+000  0.000000e+000  0.000000e+000  0.000000e+000  0.000000e+000  0.000000e+000  0.000000e+000  0.000000e+000  0.000000e+000  0.000000e+000  0.000000e+000  0.000000e+000  
0.000000e+000  0.000000e+000  0.000000e+000  0.000000e+000  0.000000e+000  0.000000e+000  0.000000e+000  0.000000e+000  0.000000e+000  0.000000e+000  0.000000e+000  0.000000e+000  0.000000e+000  
0.000000e+000  0.000000e+000  0.000000e+000  0.000000e+000  0.000000e+000  0.000000e+000  0.000000e+000  0.000000e+000  0.000000e+000  0.000000e+000  0.000000e+000  0.000000e+000  0.000000e+000  
0.000000e+000  0.000000e+000  0.000000e+000  0.000000e+000  0.000000e+000  0.000000e+000  0.000000e+000  0.000000e+000  0.000000e+000  0.000000e+000  0.000000e+000  0.000000e+000  0.000000e+000  
0.000000e+000  0.000000e+000  0.000000e+000  0.000000e+000  0.000000e+000  0.000000e+000  0.000000e+000  0.000000e+000  0.000000e+000  0.000000e+000  0.000000e+000  0.000000e+000  0.000000e+000  
0.000000e+000  0.000000e+000  0.000000e+000  0.000000e+000  0.000000e+000  0.000000e+000  0.000000e+000  0.000000e+000  0.000000e+000  0.000000e+000  0.000000e+000  0.000000e+000  0.000000e+000  
0.000000e+000  0.000000e+000  0.000000e+000  0.000000e+000  0.000000e+000  0.000000e+000  0.000000e+000  0.000000e+000  0.000000e+000  0.000000e+000  0.000000e+000  0.000000e+000  0.000000e+000  
0.000000e+000  0.000000e+000  0.000000e+000  0.000000e+000  0.000000e+000  0.000000e+000  0.000000e+000  0.000000e+000  0.000000e+000  0.000000e+000  0.000000e+000  0.000000e+000  0.000000e+000  
0.000000e+000  0.000000e+000  0.000000e+000  0.000000e+000  0.000000e+000  0.000000e+000  0.000000e+000  0.000000e+000  0.000000e+000  0.000000e+000  0.000000e+000  0.000000e+000  0.000000e+000  
0.000000e+000  0.000000e+000  0.000000e+000  0.000000e+000  0.000000e+000  0.000000e+000  0.000000e+000  0.000000e+000  0.000000e+000  0.000000e+000  0.000000e+000  0.000000e+000  0.000000e+000  
0.000000e+000  0.000000e+000  0.000000e+000  0.000000e+000  0.000000e+000  0.000000e+000  0.000000e+000  0.000000e+000  0.000000e+000  0.000000e+000  0.000000e+000  0.000000e+000  0.000000e+000  

0.000000e+000  0.000000e+000  0.000000e+000  0.000000e+000  0.000000e+000  0.000000e+000  0.000000e+000  0.000000e+000  0.000000e+000  0.000000e+000  0.000000e+000  0.000000e+000  0.000000e+000  
0.000000e+000  0.000000e+000  0.000000e+000  0.000000e+000  0.000000e+000  0.000000e+000  0.000000e+000  0.000000e+000  0.000000e+000  0.000000e+000  0.000000e+000  0.000000e+000  0.000000e+000  
0.000000e+000  0.000000e+000  0.000000e+000  0.000000e+000  0.000000e+000  0.000000e+000  0.000000e+000  0.000000e+000  0.000000e+000  0.000000e+000  0.000000e+000  0.000000e+000  0.000000e+000  
0.000000e+000  0.000000e+000  0.000000e+000  0.000000e+000  0.000000e+000  0.000000e+000  0.000000e+000  0.000000e+000  0.000000e+000  0.000000e+000  0.000000e+000  0.000000e+000  0.000000e+000  
0.000000e+000  0.000000e+000  0.000000e+000  0.000000e+000  0.000000e+000  0.000000e+000  0.000000e+000  0.000000e+000  0.000000e+000  0.000000e+000  0.000000e+000  0.000000e+000  0.000000e+000  
0.000000e+000  0.000000e+000  0.000000e+000  0.000000e+000  0.000000e+000  0.000000e+000  0.000000e+000  0.000000e+000  0.000000e+000  0.000000e+000  0.000000e+000  0.000000e+000  0.000000e+000  
0.000000e+000  0.000000e+000  0.000000e+000  0.000000e+000  0.000000e+000  0.000000e+000  0.000000e+000  0.000000e+000  0.000000e+000  0.000000e+000  0.000000e+000  0.000000e+000  0.000000e+000  
0.000000e+000  0.000000e+000  0.000000e+000  0.000000e+000  0.000000e+000  0.000000e+000  0.000000e+000  0.000000e+000  0.000000e+000  0.000000e+000  0.000000e+000  0.000000e+000  0.000000e+000  
0.000000e+000  0.000000e+000  0.000000e+000  0.000000e+000  0.000000e+000  0.000000e+000  0.000000e+000  0.000000e+000  0.000000e+000  0.000000e+000  0.000000e+000  0.000000e+000  0.000000e+000  
0.000000e+000  0.000000e+000  0.000000e+000  0.000000e+000  0.000000e+000  0.000000e+000  0.000000e+000  0.000000e+000  0.000000e+000  0.000000e+000  0.000000e+000  0.000000e+000  0.000000e+000  
0.000000e+000  0.000000e+000  0.000000e+000  0.000000e+000  0.000000e+000  0.000000e+000  0.000000e+000  0.000000e+000  0.000000e+000  0.000000e+000  0.000000e+000  0.000000e+000  0.000000e+000  
0.000000e+000  0.000000e+000  0.000000e+000  0.000000e+000  0.000000e+000  0.000000e+000  0.000000e+000  0.000000e+000  0.000000e+000  0.000000e+000  0.000000e+000  0.000000e+000  0.000000e+000  
0.000000e+000  0.000000e+000  0.000000e+000  0.000000e+000  0.000000e+000  0.000000e+000  0.000000e+000  0.000000e+000  0.000000e+000  0.000000e+000  0.000000e+000  0.000000e+000  0.000000e+000  

0.000000e+000  0.000000e+000  0.000000e+000  0.000000e+000  0.000000e+000  0.000000e+000  0.000000e+000  0.000000e+000  0.000000e+000  0.000000e+000  0.000000e+000  0.000000e+000  0.000000e+000  
0.000000e+000  0.000000e+000  0.000000e+000  0.000000e+000  0.000000e+000  0.000000e+000  0.000000e+000  0.000000e+000  0.000000e+000  0.000000e+000  0.000000e+000  0.000000e+000  0.000000e+000  
0.000000e+000  0.000000e+000  0.000000e+000  0.000000e+000  0.000000e+000  0.000000e+000  0.000000e+000  0.000000e+000  0.000000e+000  0.000000e+000  0.000000e+000  0.000000e+000  0.000000e+000  
0.000000e+000  0.000000e+000  0.000000e+000  0.000000e+000  0.000000e+000  0.000000e+000  0.000000e+000  0.000000e+000  0.000000e+000  0.000000e+000  0.000000e+000  0.000000e+000  0.000000e+000  
0.000000e+000  0.000000e+000  0.000000e+000  0.000000e+000  0.000000e+000  0.000000e+000  0.000000e+000  0.000000e+000  0.000000e+000  0.000000e+000  0.000000e+000  0.000000e+000  0.000000e+000  
0.000000e+000  0.000000e+000  0.000000e+000  0.000000e+000  0.000000e+000  0.000000e+000  0.000000e+000  0.000000e+000  0.000000e+000  0.000000e+000  0.000000e+000  0.000000e+000  0.000000e+000  
0.000000e+000  0.000000e+000  0.000000e+000  0.000000e+000  0.000000e+000  0.000000e+000  0.000000e+000  0.000000e+000  0.000000e+000  0.000000e+000  0.000000e+000  0.000000e+000  0.000000e+000  
0.000000e+000  0.000000e+000  0.000000e+000  0.000000e+000  0.000000e+000  0.000000e+000  0.000000e+000  0.000000e+000  0.000000e+000  0.000000e+000  0.000000e+000  0.000000e+000  0.000000e+000  
0.000000e+000  0.000000e+000  0.000000e+000  0.000000e+000  0.000000e+000  0.000000e+000  0.000000e+000  0.000000e+000  0.000000e+000  0.000000e+000  0.000000e+000  0.000000e+000  0.000000e+000  
0.000000e+000  0.000000e+000  0.000000e+000  0.000000e+000  0.000000e+000  0.000000e+000  0.000000e+000  0.000000e+000  0.000000e+000  0.000000e+000  0.000000e+000  0.000000e+000  0.000000e+000  
0.000000e+000  0.000000e+000  0.000000e+000  0.000000e+000  0.000000e+000  0.000000e+000  0.000000e+000  0.000000e+000  0.000000e+000  0.000000e+000  0.000000e+000  0.000000e+000  0.000000e+000  
0.000000e+000  0.000000e+000  0.000000e+000  0.000000e+000  0.000000e+000  0.000000e+000  0.000000e+000  0.000000e+000  0.000000e+000  0.000000e+000  0.000000e+000  0.000000e+000  0.000000e+000  
0.000000e+000  0.000000e+000  0.000000e+000  0.000000e+000  0.000000e+000  0.000000e+000  0.000000e+000  0.000000e+000  0.000000e+000  0.000000e+000  0.000000e+000  0.000000e+000  0.000000e+000  

-2.200557e-007  -2.090939e-007  -1.806829e-007  -1.634285e-007  -1.550278e-007  -1.501330e-007  -1.461577e-007  -1.409328e-007  -1.297446e-007  -9.745554e-008  -1.180823e-008  1.636068e-008  -0.000000e+000  
-6.711251e-007  -6.390476e-007  -5.345646e-007  -4.863590e-007  -4.635210e-007  -4.499873e-007  -4.390262e-007  -4.254506e-007  -3.986104e-007  -3.183262e-007  -5.925637e-009  6.492872e-008  -0.000000e+000  
-8.112628e-007  -7.770793e-007  -6.806629e-007  -6.225446e-007  -5.905910e-007  -5.700005e-007  -5.531878e-007  -5.350876e-007  -5.110055e-007  -4.801951e-007  -4.892649e-007  -4.721503e-007  -0.000000e+000  
-6.163491e-007  -5.993644e-007  -5.613293e-007  -5.227342e-007  -4.946411e-007  -4.731671e-007  -4.543977e-007  -4.355640e-007  -4.155377e-007  -3.969545e-007  -3.903334e-007  -3.835808e-007  -0.000000e+000  
-4.596541e-007  -4.518927e-007  -4.349501e-007  -4.124211e-007  -3.920722e-007  -3.736287e-007  -3.556726e-007  -3.372324e-007  -3.186269e-007  -3.021408e-007  -2.920609e-007  -2.864651e-007  -0.000000e+000  
-3.204163e-007  -3.174614e-007  -3.107656e-007  -2.999284e-007  -2.875980e-007  -2.736039e-007  -2.574311e-007  -2.390664e-007  -2.195964e-007  -2.015140e-007  -1.888639e-007  -1.822675e-007  -0.000000e+000  
-1.878317e-007  -1.884286e-007  -1.893865e-007  -1.889282e-007  -1.847883e-007  -1.757569e-007  -1.613814e-007  -1.420055e-007  -1.191784e-007  -9.619930e-008  -7.894656e-008  -6.972113e-008  -0.000000e+000  
-5.390211e-008  -5.901671e-008  -6.961397e-008  -8.161004e-008  -8.686957e-008  -8.325377e-008  -7.033183e-008  -4.839609e-008  -1.891224e-008  1.382723e-008  3.984548e-008  5.450103e-008  -0.000000e+000  
9.153621e-008  7.796093e-008  4.943838e-008  1.897198e-008  2.173842e-009  -0.000000e+000  1.170379e-008  3.766495e-008  7.809852e-008  1.290445e-007  1.710819e-007  1.972716e-007  -0.000000e+000  
2.675159e-007  2.357384e-007  1.647293e-007  1.058858e-007  7.665023e-008  6.914698e-008  7.953956e-008  1.092542e-007  1.645966e-007  2.506968e-007  3.192455e-007  3.731892e-007  -0.000000e+000  
2.100564e-007  1.467428e-007  -6.243127e-008  -1.511362e-007  -1.846799e-007  -1.935393e-007  -1.857862e-007  -1.584824e-007  -9.390402e-008  6.721554e-008  5.152047e-007  6.472021e-007  -0.000000e+000  
5.780255e-008  3.718751e-008  -1.331673e-008  -4.547058e-008  -5.898934e-008  -6.274716e-008  -5.979973e-008  -4.876843e-008  -2.232592e-008  3.819543e-008  1.519776e-007  1.997950e-007  -0.000000e+000  
-0.000000e+000  -0.000000e+000  -0.000000e+000  -0.000000e+000  -0.000000e+000  -0.000000e+000  -0.000000e+000  -0.000000e+000  -0.000000e+000  -0.000000e+000  -0.000000e+000  -0.000000e+000  -0.000000e+000  

