Port monitor named: Port2_e1.prt

nx        = 19
ny        = 19
nz        = 60

nu        = 13
nv        = 13
iu        = 4
iv        = 4

idir      = 2
dcut      = 0.000000e+000
icut      = 4
type      = 0
frequency = 6.000000e+010

fcutoff   = 3.755075e+010
alpha     = 0.000000e+000
beta      = 1.670223e+003
accuracy  = 2.005883e-014

type          = UNDEF
wave imp.     = 1.810780e+002
wave imp.sig. = 1.875603e-001
line imp.     = 0.000000e+000

ref. port     = 0

6.439168e+002  1.414183e+003  2.405158e+003  3.432895e+003  4.192281e+003  4.617778e+003  4.674254e+003  4.357096e+003  3.692156e+003  2.733826e+003  1.626544e+003  4.904817e+002  0.000000e+000  
5.114801e+002  1.426535e+003  2.489764e+003  3.568843e+003  4.364344e+003  4.811266e+003  4.873442e+003  4.546070e+003  3.855990e+003  2.859669e+003  1.706849e+003  5.202243e+002  0.000000e+000  
4.886520e+002  1.445707e+003  2.561214e+003  3.686593e+003  4.514948e+003  4.981307e+003  5.048805e+003  4.712520e+003  4.000093e+003  2.969633e+003  1.775333e+003  5.428264e+002  0.000000e+000  
4.954292e+002  1.486129e+003  2.651997e+003  3.831381e+003  4.700388e+003  5.191285e+003  5.265753e+003  4.918546e+003  4.178161e+003  3.104628e+003  1.857920e+003  5.687425e+002  0.000000e+000  
5.062762e+002  1.521924e+003  2.721286e+003  3.938147e+003  4.836523e+003  5.345635e+003  5.425548e+003  5.070496e+003  4.309447e+003  3.203823e+003  1.918128e+003  5.873660e+002  0.000000e+000  
5.139511e+002  1.545685e+003  2.765495e+003  4.005293e+003  4.922124e+003  5.443091e+003  5.526951e+003  5.167369e+003  4.393440e+003  3.267386e+003  1.956673e+003  5.992546e+002  0.000000e+000  
5.168558e+002  1.554636e+003  2.782206e+003  4.031196e+003  4.956010e+003  5.482701e+003  5.569218e+003  5.208707e+003  4.430052e+003  3.295598e+003  1.973986e+003  6.046254e+002  0.000000e+000  
5.144791e+002  1.547598e+003  2.770018e+003  4.014708e+003  4.937355e+003  5.463930e+003  5.552092e+003  5.194548e+003  4.419627e+003  3.289034e+003  1.970623e+003  6.037036e+002  0.000000e+000  
5.065967e+002  1.523993e+003  2.728161e+003  3.955196e+003  4.865808e+003  5.386724e+003  5.475805e+003  5.125415e+003  4.362986e+003  3.248762e+003  1.947612e+003  5.969464e+002  0.000000e+000  
4.930545e+002  1.483444e+003  2.656194e+003  3.852451e+003  4.741496e+003  5.251527e+003  5.341060e+003  5.002254e+003  4.261404e+003  3.176537e+003  1.907039e+003  5.856259e+002  0.000000e+000  
4.735749e+002  1.425430e+003  2.553735e+003  3.706605e+003  4.565042e+003  5.059294e+003  5.148978e+003  4.826272e+003  4.116338e+003  3.074768e+003  1.853271e+003  5.744344e+002  0.000000e+000  
4.503507e+002  1.358000e+003  2.436535e+003  3.541186e+003  4.365443e+003  4.841839e+003  4.931380e+003  4.626492e+003  3.951569e+003  2.960954e+003  1.801267e+003  5.829997e+002  0.000000e+000  
4.174401e+002  1.272685e+003  2.294075e+003  3.342885e+003  4.127050e+003  4.582171e+003  4.671120e+003  4.386682e+003  3.752324e+003  2.821890e+003  1.746644e+003  6.888861e+002  0.000000e+000  

6.439169e+002  5.114802e+002  4.886521e+002  4.954293e+002  5.062763e+002  5.139512e+002  5.168558e+002  5.144792e+002  5.065968e+002  4.930546e+002  4.735750e+002  4.503508e+002  4.174402e+002  
1.414183e+003  1.426535e+003  1.445707e+003  1.486129e+003  1.521925e+003  1.545685e+003  1.554636e+003  1.547598e+003  1.523993e+003  1.483444e+003  1.425430e+003  1.358001e+003  1.272685e+003  
2.405158e+003  2.489765e+003  2.561214e+003  2.651997e+003  2.721287e+003  2.765496e+003  2.782206e+003  2.770019e+003  2.728162e+003  2.656194e+003  2.553736e+003  2.436535e+003  2.294075e+003  
3.432895e+003  3.568844e+003  3.686594e+003  3.831381e+003  3.938148e+003  4.005294e+003  4.031197e+003  4.014709e+003  3.955196e+003  3.852451e+003  3.706605e+003  3.541186e+003  3.342886e+003  
4.192281e+003  4.364344e+003  4.514949e+003  4.700389e+003  4.836524e+003  4.922125e+003  4.956010e+003  4.937356e+003  4.865809e+003  4.741497e+003  4.565043e+003  4.365444e+003  4.127051e+003  
4.617779e+003  4.811267e+003  4.981308e+003  5.191286e+003  5.345636e+003  5.443092e+003  5.482702e+003  5.463931e+003  5.386725e+003  5.251528e+003  5.059295e+003  4.841839e+003  4.582171e+003  
4.674254e+003  4.873443e+003  5.048806e+003  5.265754e+003  5.425549e+003  5.526952e+003  5.569219e+003  5.552093e+003  5.475806e+003  5.341061e+003  5.148979e+003  4.931381e+003  4.671121e+003  
4.357096e+003  4.546070e+003  4.712521e+003  4.918547e+003  5.070497e+003  5.167370e+003  5.208708e+003  5.194549e+003  5.125416e+003  5.002255e+003  4.826272e+003  4.626493e+003  4.386683e+003  
3.692157e+003  3.855990e+003  4.000094e+003  4.178162e+003  4.309448e+003  4.393441e+003  4.430053e+003  4.419628e+003  4.362987e+003  4.261404e+003  4.116339e+003  3.951570e+003  3.752324e+003  
2.733826e+003  2.859669e+003  2.969634e+003  3.104629e+003  3.203824e+003  3.267387e+003  3.295599e+003  3.289035e+003  3.248763e+003  3.176537e+003  3.074768e+003  2.960955e+003  2.821891e+003  
1.626544e+003  1.706849e+003  1.775333e+003  1.857921e+003  1.918129e+003  1.956674e+003  1.973986e+003  1.970623e+003  1.947613e+003  1.907039e+003  1.853271e+003  1.801267e+003  1.746644e+003  
4.904819e+002  5.202244e+002  5.428265e+002  5.687426e+002  5.873661e+002  5.992547e+002  6.046255e+002  6.037037e+002  5.969465e+002  5.856260e+002  5.744345e+002  5.829998e+002  6.888862e+002  
0.000000e+000  0.000000e+000  0.000000e+000  0.000000e+000  0.000000e+000  0.000000e+000  0.000000e+000  0.000000e+000  0.000000e+000  0.000000e+000  0.000000e+000  0.000000e+000  0.000000e+000  

0.000000e+000  0.000000e+000  0.000000e+000  0.000000e+000  0.000000e+000  0.000000e+000  0.000000e+000  0.000000e+000  0.000000e+000  0.000000e+000  0.000000e+000  0.000000e+000  0.000000e+000  
0.000000e+000  0.000000e+000  0.000000e+000  0.000000e+000  0.000000e+000  0.000000e+000  0.000000e+000  0.000000e+000  0.000000e+000  0.000000e+000  0.000000e+000  0.000000e+000  0.000000e+000  
0.000000e+000  0.000000e+000  0.000000e+000  0.000000e+000  0.000000e+000  0.000000e+000  0.000000e+000  0.000000e+000  0.000000e+000  0.000000e+000  0.000000e+000  0.000000e+000  0.000000e+000  
0.000000e+000  0.000000e+000  0.000000e+000  0.000000e+000  0.000000e+000  0.000000e+000  0.000000e+000  0.000000e+000  0.000000e+000  0.000000e+000  0.000000e+000  0.000000e+000  0.000000e+000  
0.000000e+000  0.000000e+000  0.000000e+000  0.000000e+000  0.000000e+000  0.000000e+000  0.000000e+000  0.000000e+000  0.000000e+000  0.000000e+000  0.000000e+000  0.000000e+000  0.000000e+000  
0.000000e+000  0.000000e+000  0.000000e+000  0.000000e+000  0.000000e+000  0.000000e+000  0.000000e+000  0.000000e+000  0.000000e+000  0.000000e+000  0.000000e+000  0.000000e+000  0.000000e+000  
0.000000e+000  0.000000e+000  0.000000e+000  0.000000e+000  0.000000e+000  0.000000e+000  0.000000e+000  0.000000e+000  0.000000e+000  0.000000e+000  0.000000e+000  0.000000e+000  0.000000e+000  
0.000000e+000  0.000000e+000  0.000000e+000  0.000000e+000  0.000000e+000  0.000000e+000  0.000000e+000  0.000000e+000  0.000000e+000  0.000000e+000  0.000000e+000  0.000000e+000  0.000000e+000  
0.000000e+000  0.000000e+000  0.000000e+000  0.000000e+000  0.000000e+000  0.000000e+000  0.000000e+000  0.000000e+000  0.000000e+000  0.000000e+000  0.000000e+000  0.000000e+000  0.000000e+000  
0.000000e+000  0.000000e+000  0.000000e+000  0.000000e+000  0.000000e+000  0.000000e+000  0.000000e+000  0.000000e+000  0.000000e+000  0.000000e+000  0.000000e+000  0.000000e+000  0.000000e+000  
0.000000e+000  0.000000e+000  0.000000e+000  0.000000e+000  0.000000e+000  0.000000e+000  0.000000e+000  0.000000e+000  0.000000e+000  0.000000e+000  0.000000e+000  0.000000e+000  0.000000e+000  
0.000000e+000  0.000000e+000  0.000000e+000  0.000000e+000  0.000000e+000  0.000000e+000  0.000000e+000  0.000000e+000  0.000000e+000  0.000000e+000  0.000000e+000  0.000000e+000  0.000000e+000  
0.000000e+000  0.000000e+000  0.000000e+000  0.000000e+000  0.000000e+000  0.000000e+000  0.000000e+000  0.000000e+000  0.000000e+000  0.000000e+000  0.000000e+000  0.000000e+000  0.000000e+000  

0.000000e+000  0.000000e+000  0.000000e+000  0.000000e+000  0.000000e+000  0.000000e+000  0.000000e+000  0.000000e+000  0.000000e+000  0.000000e+000  0.000000e+000  0.000000e+000  0.000000e+000  
0.000000e+000  0.000000e+000  0.000000e+000  0.000000e+000  0.000000e+000  0.000000e+000  0.000000e+000  0.000000e+000  0.000000e+000  0.000000e+000  0.000000e+000  0.000000e+000  0.000000e+000  
0.000000e+000  0.000000e+000  0.000000e+000  0.000000e+000  0.000000e+000  0.000000e+000  0.000000e+000  0.000000e+000  0.000000e+000  0.000000e+000  0.000000e+000  0.000000e+000  0.000000e+000  
0.000000e+000  0.000000e+000  0.000000e+000  0.000000e+000  0.000000e+000  0.000000e+000  0.000000e+000  0.000000e+000  0.000000e+000  0.000000e+000  0.000000e+000  0.000000e+000  0.000000e+000  
0.000000e+000  0.000000e+000  0.000000e+000  0.000000e+000  0.000000e+000  0.000000e+000  0.000000e+000  0.000000e+000  0.000000e+000  0.000000e+000  0.000000e+000  0.000000e+000  0.000000e+000  
0.000000e+000  0.000000e+000  0.000000e+000  0.000000e+000  0.000000e+000  0.000000e+000  0.000000e+000  0.000000e+000  0.000000e+000  0.000000e+000  0.000000e+000  0.000000e+000  0.000000e+000  
0.000000e+000  0.000000e+000  0.000000e+000  0.000000e+000  0.000000e+000  0.000000e+000  0.000000e+000  0.000000e+000  0.000000e+000  0.000000e+000  0.000000e+000  0.000000e+000  0.000000e+000  
0.000000e+000  0.000000e+000  0.000000e+000  0.000000e+000  0.000000e+000  0.000000e+000  0.000000e+000  0.000000e+000  0.000000e+000  0.000000e+000  0.000000e+000  0.000000e+000  0.000000e+000  
0.000000e+000  0.000000e+000  0.000000e+000  0.000000e+000  0.000000e+000  0.000000e+000  0.000000e+000  0.000000e+000  0.000000e+000  0.000000e+000  0.000000e+000  0.000000e+000  0.000000e+000  
0.000000e+000  0.000000e+000  0.000000e+000  0.000000e+000  0.000000e+000  0.000000e+000  0.000000e+000  0.000000e+000  0.000000e+000  0.000000e+000  0.000000e+000  0.000000e+000  0.000000e+000  
0.000000e+000  0.000000e+000  0.000000e+000  0.000000e+000  0.000000e+000  0.000000e+000  0.000000e+000  0.000000e+000  0.000000e+000  0.000000e+000  0.000000e+000  0.000000e+000  0.000000e+000  
0.000000e+000  0.000000e+000  0.000000e+000  0.000000e+000  0.000000e+000  0.000000e+000  0.000000e+000  0.000000e+000  0.000000e+000  0.000000e+000  0.000000e+000  0.000000e+000  0.000000e+000  
0.000000e+000  0.000000e+000  0.000000e+000  0.000000e+000  0.000000e+000  0.000000e+000  0.000000e+000  0.000000e+000  0.000000e+000  0.000000e+000  0.000000e+000  0.000000e+000  0.000000e+000  

0.000000e+000  0.000000e+000  0.000000e+000  0.000000e+000  0.000000e+000  0.000000e+000  0.000000e+000  0.000000e+000  0.000000e+000  0.000000e+000  0.000000e+000  0.000000e+000  0.000000e+000  
0.000000e+000  0.000000e+000  0.000000e+000  0.000000e+000  0.000000e+000  0.000000e+000  0.000000e+000  0.000000e+000  0.000000e+000  0.000000e+000  0.000000e+000  0.000000e+000  0.000000e+000  
0.000000e+000  0.000000e+000  0.000000e+000  0.000000e+000  0.000000e+000  0.000000e+000  0.000000e+000  0.000000e+000  0.000000e+000  0.000000e+000  0.000000e+000  0.000000e+000  0.000000e+000  
0.000000e+000  0.000000e+000  0.000000e+000  0.000000e+000  0.000000e+000  0.000000e+000  0.000000e+000  0.000000e+000  0.000000e+000  0.000000e+000  0.000000e+000  0.000000e+000  0.000000e+000  
0.000000e+000  0.000000e+000  0.000000e+000  0.000000e+000  0.000000e+000  0.000000e+000  0.000000e+000  0.000000e+000  0.000000e+000  0.000000e+000  0.000000e+000  0.000000e+000  0.000000e+000  
0.000000e+000  0.000000e+000  0.000000e+000  0.000000e+000  0.000000e+000  0.000000e+000  0.000000e+000  0.000000e+000  0.000000e+000  0.000000e+000  0.000000e+000  0.000000e+000  0.000000e+000  
0.000000e+000  0.000000e+000  0.000000e+000  0.000000e+000  0.000000e+000  0.000000e+000  0.000000e+000  0.000000e+000  0.000000e+000  0.000000e+000  0.000000e+000  0.000000e+000  0.000000e+000  
0.000000e+000  0.000000e+000  0.000000e+000  0.000000e+000  0.000000e+000  0.000000e+000  0.000000e+000  0.000000e+000  0.000000e+000  0.000000e+000  0.000000e+000  0.000000e+000  0.000000e+000  
0.000000e+000  0.000000e+000  0.000000e+000  0.000000e+000  0.000000e+000  0.000000e+000  0.000000e+000  0.000000e+000  0.000000e+000  0.000000e+000  0.000000e+000  0.000000e+000  0.000000e+000  
0.000000e+000  0.000000e+000  0.000000e+000  0.000000e+000  0.000000e+000  0.000000e+000  0.000000e+000  0.000000e+000  0.000000e+000  0.000000e+000  0.000000e+000  0.000000e+000  0.000000e+000  
0.000000e+000  0.000000e+000  0.000000e+000  0.000000e+000  0.000000e+000  0.000000e+000  0.000000e+000  0.000000e+000  0.000000e+000  0.000000e+000  0.000000e+000  0.000000e+000  0.000000e+000  
0.000000e+000  0.000000e+000  0.000000e+000  0.000000e+000  0.000000e+000  0.000000e+000  0.000000e+000  0.000000e+000  0.000000e+000  0.000000e+000  0.000000e+000  0.000000e+000  0.000000e+000  
0.000000e+000  0.000000e+000  0.000000e+000  0.000000e+000  0.000000e+000  0.000000e+000  0.000000e+000  0.000000e+000  0.000000e+000  0.000000e+000  0.000000e+000  0.000000e+000  0.000000e+000  

-7.223080e+003  -7.246941e+003  -7.150585e+003  -6.776298e+003  -6.150703e+003  -5.324840e+003  -4.366569e+003  -3.352948e+003  -2.363203e+003  -1.472022e+003  -7.434333e+002  -2.728398e+002  9.773078e+000  
-7.246941e+003  -7.304855e+003  -7.215158e+003  -6.825779e+003  -6.170763e+003  -5.307405e+003  -4.307732e+003  -3.252543e+003  -2.224625e+003  -1.301925e+003  -5.512239e+002  -7.057482e+001  2.124883e+002  
-7.150585e+003  -7.215158e+003  -7.124047e+003  -6.717460e+003  -6.034030e+003  -5.136060e+003  -4.099474e+003  -3.008567e+003  -1.949377e+003  -1.002767e+003  -2.379275e+002  2.456846e+002  5.222412e+002  
-6.776298e+003  -6.825779e+003  -6.717460e+003  -6.276655e+003  -5.550475e+003  -4.605360e+003  -3.521708e+003  -2.388193e+003  -1.294970e+003  -3.265673e+002  4.448488e+002  9.198350e+002  1.173504e+003  
-6.150703e+003  -6.170762e+003  -6.034030e+003  -5.550475e+003  -4.781137e+003  -3.794419e+003  -2.673569e+003  -1.510364e+003  -3.979868e+002  5.763140e+002  1.338175e+003  1.790447e+003  2.007536e+003  
-5.324840e+003  -5.307405e+003  -5.136060e+003  -4.605360e+003  -3.794419e+003  -2.772575e+003  -1.624672e+003  -4.443649e+002  6.732625e+002  1.639229e+003  2.377759e+003  2.795903e+003  2.965990e+003  
-4.366569e+003  -4.307731e+003  -4.099473e+003  -3.521708e+003  -2.673569e+003  -1.624672e+003  -4.604428e+002  7.247205e+002  1.834951e+003  2.780523e+003  3.485017e+003  3.861067e+003  3.977804e+003  
-3.352947e+003  -3.252542e+003  -3.008566e+003  -2.388193e+003  -1.510363e+003  -4.443646e+002  7.247207e+002  1.902838e+003  2.994441e+003  3.910054e+003  4.573367e+003  4.903330e+003  4.964958e+003  
-2.363202e+003  -2.224624e+003  -1.949376e+003  -1.294969e+003  -3.979860e+002  6.732630e+002  1.834951e+003  2.994441e+003  4.057630e+003  4.936334e+003  5.555138e+003  5.839334e+003  5.848994e+003  
-1.472021e+003  -1.301924e+003  -1.002766e+003  -3.265663e+002  5.763149e+002  1.639230e+003  2.780523e+003  3.910054e+003  4.936334e+003  5.773641e+003  6.348442e+003  6.591814e+003  6.557937e+003  
-7.434321e+002  -5.512227e+002  -2.379263e+002  4.448499e+002  1.338176e+003  2.377760e+003  3.485018e+003  4.573368e+003  5.555138e+003  6.348442e+003  6.883181e+003  7.095780e+003  7.033580e+003  
-2.728386e+002  -7.057361e+001  2.456858e+002  9.198362e+002  1.790448e+003  2.795904e+003  3.861068e+003  4.903331e+003  5.839335e+003  6.591815e+003  7.095780e+003  7.294042e+003  7.230274e+003  
9.774270e+000  2.124894e+002  5.222424e+002  1.173505e+003  2.007537e+003  2.965991e+003  3.977804e+003  4.964958e+003  5.848994e+003  6.557937e+003  7.033580e+003  7.230274e+003  7.211018e+003  

