Postprocessing Logfile 

----------------------------------------------------------------------------------------
Units settings: 

  Dimensions: mm
  Frequency:  GHz
  Time:       ns

----------------------------------------------------------------------------------------

Template based postprocessing started at: 01:02 PM Wednesday, 27. March 2019

  Evaluating 'S1,1dB': 0 s
  Evaluating 'S2,1dB': 0 s
  Evaluating 'S1,1dB_0D_yAtX': 0 s
  Evaluating 'S2,1dB_0D_yAtX': 0 s
  Error: (10510) Not an object reference. (Set sigA = GetLastResult_LIB(sR1dTemplateA, sRTemplateTypeA, "1DC"))(Line:7170)
  Evaluating 'Unselected_0D_yAtX': 3 s
  Evaluating 'S2,1_0D_yAtX': 0 s
  Evaluating 'S1,1_0D_yAtX': 0 s
  Evaluating 'S2,1_0D_yAtX_1': 0 s

  Total time: 4 s  ( = 0 h, 0 m, 4 s )

Template based postprocessing finished at: 01:02 PM Wednesday, 27. March 2019
----------------------------------------------------------------------------------------
