HZW19144646: <<<<<<<<<<<<<<<<<<<<<<<<<<<
             2019 Mar 27 (Wed): 16:26:06
             <<<<<<<<<<<<<<<<<<<<<<<<<<<
             
HZW19144646: ===============================
             Processing CAD model
             Version 2015.0 (build 20150116)
             2019 Mar 27 (Wed): 16:26:07
             ===============================
             
HZW19144646: sssssssssssssssssssssssssssssssssssssssssssssssssssssssssssssssssssssssssssssssssss
             The point accuracy has been changed from 0.00% to 75.00% after complexity analysis.
             sssssssssssssssssssssssssssssssssssssssssssssssssssssssssssssssssssssssssssssssssss
             
HZW19144646: ssssssssssssssssssssssssssssssssssss
             The point accuracy is set to 75.00%.
             ssssssssssssssssssssssssssssssssssss
             
==================================================================================================
== CST Matrix Calculation Priority Log                                                          ==
==================================================================================================
 
Priorities are sorted in ascending order beginning with the lowest priority
 
Priority:   2, shape   1: notAR:notAR, material: notAR
 
==================================================================================================
 
HZW19144646: =======================
             Finished CAD processing
             =======================
             
HZW19144646: >>>>>>>>>>>>>>>>>>>>>>>>>>>
             2019 Mar 27 (Wed): 16:26:07
             >>>>>>>>>>>>>>>>>>>>>>>>>>>
             
HZW19144646: <<<<<<<<<<<<<<<<<<<<<<<<<<<
             2019 Mar 27 (Wed): 16:26:07
             <<<<<<<<<<<<<<<<<<<<<<<<<<<
             
HZW19144646: ===============================
             Port preparation
             Version 2015.0 (build 20150116)
             2019 Mar 27 (Wed): 16:26:07
             ===============================
             
HZW19144646: ==========================
             Finished port preparation.
             ==========================
             
HZW19144646: >>>>>>>>>>>>>>>>>>>>>>>>>>>
             2019 Mar 27 (Wed): 16:26:07
             >>>>>>>>>>>>>>>>>>>>>>>>>>>
             
HZW19144646: <<<<<<<<<<<<<<<<<<<<<<<<<<<
             2019 Mar 27 (Wed): 16:26:08
             <<<<<<<<<<<<<<<<<<<<<<<<<<<
             
HZW19144646: ==============================
             Mesher selection: manual: FPBA
             ==============================
             
HZW19144646: =======================================
             Matrix computation (FPBA)
             	[FPBA accuracy enhancement is enabled]
             Version 2015.0 (build 20150116)
             2019 Mar 27 (Wed): 16:26:08
             =======================================
             
HZW19144646: sssssssssssssssssssssssssssssssssssssssssssssssssssssssssssssssssssssssssssssssssss
             The point accuracy has been changed from 0.00% to 75.00% after complexity analysis.
             sssssssssssssssssssssssssssssssssssssssssssssssssssssssssssssssssssssssssssssssssss
             
HZW19144646: ssssssssssssssssssssssssssssssssssss
             The point accuracy is set to 75.00%.
             ssssssssssssssssssssssssssssssssssss
             
HZW19144646: ==================================
             Finished matrix computation (FPBA)
             ==================================
             
HZW19144646: >>>>>>>>>>>>>>>>>>>>>>>>>>>
             2019 Mar 27 (Wed): 16:26:08
             >>>>>>>>>>>>>>>>>>>>>>>>>>>
             
HZW19144646: <<<<<<<<<<<<<<<<<<<<<<<<<<<
             2019 Mar 27 (Wed): 16:26:10
             <<<<<<<<<<<<<<<<<<<<<<<<<<<
             
HZW19144646: ==============================
             Mesher selection: manual: FPBA
             ==============================
             
HZW19144646: =======================================
             Matrix computation (FPBA)
             	[FPBA accuracy enhancement is enabled]
             Version 2015.0 (build 20150116)
             2019 Mar 27 (Wed): 16:26:10
             =======================================
             
HZW19144646: sssssssssssssssssssssssssssssssssssssssssssssssssssssssssssssssssssssssssssssssssss
             The point accuracy has been changed from 0.00% to 75.00% after complexity analysis.
             sssssssssssssssssssssssssssssssssssssssssssssssssssssssssssssssssssssssssssssssssss
             
HZW19144646: ssssssssssssssssssssssssssssssssssss
             The point accuracy is set to 75.00%.
             ssssssssssssssssssssssssssssssssssss
             
HZW19144646: ==================================
             Finished matrix computation (FPBA)
             ==================================
             
HZW19144646: >>>>>>>>>>>>>>>>>>>>>>>>>>>
             2019 Mar 27 (Wed): 16:26:10
             >>>>>>>>>>>>>>>>>>>>>>>>>>>
             
HZW19144646: <<<<<<<<<<<<<<<<<<<<<<<<<<<
             2019 Mar 27 (Wed): 16:26:12
             <<<<<<<<<<<<<<<<<<<<<<<<<<<
             
HZW19144646: ==============================
             Mesher selection: manual: FPBA
             ==============================
             
HZW19144646: =======================================
             Matrix computation (FPBA)
             	[FPBA accuracy enhancement is enabled]
             Version 2015.0 (build 20150116)
             2019 Mar 27 (Wed): 16:26:12
             =======================================
             
HZW19144646: sssssssssssssssssssssssssssssssssssssssssssssssssssssssssssssssssssssssssssssssssss
             The point accuracy has been changed from 0.00% to 75.00% after complexity analysis.
             sssssssssssssssssssssssssssssssssssssssssssssssssssssssssssssssssssssssssssssssssss
             
HZW19144646: ssssssssssssssssssssssssssssssssssss
             The point accuracy is set to 75.00%.
             ssssssssssssssssssssssssssssssssssss
             
HZW19144646: ==================================
             Finished matrix computation (FPBA)
             ==================================
             
HZW19144646: >>>>>>>>>>>>>>>>>>>>>>>>>>>
             2019 Mar 27 (Wed): 16:26:13
             >>>>>>>>>>>>>>>>>>>>>>>>>>>
             
HZW19144646: <<<<<<<<<<<<<<<<<<<<<<<<<<<
             2019 Mar 27 (Wed): 16:26:14
             <<<<<<<<<<<<<<<<<<<<<<<<<<<
             
HZW19144646: ==============================
             Mesher selection: manual: FPBA
             ==============================
             
HZW19144646: =======================================
             Matrix computation (FPBA)
             	[FPBA accuracy enhancement is enabled]
             Version 2015.0 (build 20150116)
             2019 Mar 27 (Wed): 16:26:14
             =======================================
             
HZW19144646: sssssssssssssssssssssssssssssssssssssssssssssssssssssssssssssssssssssssssssssssssss
             The point accuracy has been changed from 0.00% to 75.00% after complexity analysis.
             sssssssssssssssssssssssssssssssssssssssssssssssssssssssssssssssssssssssssssssssssss
             
HZW19144646: ssssssssssssssssssssssssssssssssssss
             The point accuracy is set to 75.00%.
             ssssssssssssssssssssssssssssssssssss
             
HZW19144646: ==================================
             Finished matrix computation (FPBA)
             ==================================
             
HZW19144646: >>>>>>>>>>>>>>>>>>>>>>>>>>>
             2019 Mar 27 (Wed): 16:26:15
             >>>>>>>>>>>>>>>>>>>>>>>>>>>
             
HZW19144646: <<<<<<<<<<<<<<<<<<<<<<<<<<<
             2019 Mar 27 (Wed): 16:26:16
             <<<<<<<<<<<<<<<<<<<<<<<<<<<
             
HZW19144646: ==============================
             Mesher selection: manual: FPBA
             ==============================
             
HZW19144646: =======================================
             Matrix computation (FPBA)
             	[FPBA accuracy enhancement is enabled]
             Version 2015.0 (build 20150116)
             2019 Mar 27 (Wed): 16:26:16
             =======================================
             
HZW19144646: sssssssssssssssssssssssssssssssssssssssssssssssssssssssssssssssssssssssssssssssssss
             The point accuracy has been changed from 0.00% to 75.00% after complexity analysis.
             sssssssssssssssssssssssssssssssssssssssssssssssssssssssssssssssssssssssssssssssssss
             
HZW19144646: ssssssssssssssssssssssssssssssssssss
             The point accuracy is set to 75.00%.
             ssssssssssssssssssssssssssssssssssss
             
HZW19144646: ==================================
             Finished matrix computation (FPBA)
             ==================================
             
HZW19144646: >>>>>>>>>>>>>>>>>>>>>>>>>>>
             2019 Mar 27 (Wed): 16:26:16
             >>>>>>>>>>>>>>>>>>>>>>>>>>>
             
HZW19144646: <<<<<<<<<<<<<<<<<<<<<<<<<<<
             2019 Mar 27 (Wed): 16:26:18
             <<<<<<<<<<<<<<<<<<<<<<<<<<<
             
HZW19144646: ==============================
             Mesher selection: manual: FPBA
             ==============================
             
HZW19144646: =======================================
             Matrix computation (FPBA)
             	[FPBA accuracy enhancement is enabled]
             Version 2015.0 (build 20150116)
             2019 Mar 27 (Wed): 16:26:18
             =======================================
             
HZW19144646: sssssssssssssssssssssssssssssssssssssssssssssssssssssssssssssssssssssssssssssssssss
             The point accuracy has been changed from 0.00% to 75.00% after complexity analysis.
             sssssssssssssssssssssssssssssssssssssssssssssssssssssssssssssssssssssssssssssssssss
             
HZW19144646: ssssssssssssssssssssssssssssssssssss
             The point accuracy is set to 75.00%.
             ssssssssssssssssssssssssssssssssssss
             
HZW19144646: ==================================
             Finished matrix computation (FPBA)
             ==================================
             
HZW19144646: >>>>>>>>>>>>>>>>>>>>>>>>>>>
             2019 Mar 27 (Wed): 16:26:19
             >>>>>>>>>>>>>>>>>>>>>>>>>>>
             
HZW19144646: <<<<<<<<<<<<<<<<<<<<<<<<<<<
             2019 Mar 27 (Wed): 16:26:20
             <<<<<<<<<<<<<<<<<<<<<<<<<<<
             
HZW19144646: ======================
             Mesher selection: FPBA
             ======================
             
HZW19144646: ===============================
             Processing CAD model
             Version 2015.0 (build 20150116)
             2019 Mar 27 (Wed): 16:26:21
             ===============================
             
HZW19144646: sssssssssssssssssssssssssssssssssssssssssssssssssssssssssssssssssssssssssssssssssss
             The point accuracy has been changed from 0.00% to 75.00% after complexity analysis.
             sssssssssssssssssssssssssssssssssssssssssssssssssssssssssssssssssssssssssssssssssss
             
HZW19144646: ssssssssssssssssssssssssssssssssssss
             The point accuracy is set to 75.00%.
             ssssssssssssssssssssssssssssssssssss
             
HZW19144646: =======================
             Finished CAD processing
             =======================
             
HZW19144646: 1xN000: <<<<<<<<<<<<<<<<<<<<<<<<<<<
                     2019 Mar 27 (Wed): 16:26:21
                     <<<<<<<<<<<<<<<<<<<<<<<<<<<

HZW19144646: 1xN000: =======================================
                     Matrix computation (FPBA)
                     	[FPBA accuracy enhancement is enabled]
                     Version 2015.0 (build 20150116)
                     2019 Mar 27 (Wed): 16:26:21
                     =======================================

HZW19144646: 1xN000: sssssssssssssssssssssssssssssssssssssssssssssssssssssssssssssssssssssssssssssssssss
                     The point accuracy has been changed from 0.00% to 75.00% after complexity analysis.
                     sssssssssssssssssssssssssssssssssssssssssssssssssssssssssssssssssssssssssssssssssss

HZW19144646: 1xN000: ssssssssssssssssssssssssssssssssssss
                     The point accuracy is set to 75.00%.
                     ssssssssssssssssssssssssssssssssssss

HZW19144646: 1xN000: ==================================
                     Finished matrix computation (FPBA)
                     ==================================

HZW19144646: 1xN000: >>>>>>>>>>>>>>>>>>>>>>>>>>>
                     2019 Mar 27 (Wed): 16:26:23
                     >>>>>>>>>>>>>>>>>>>>>>>>>>>



HZW19144646: >>>>>>>>>>>>>>>>>>>>>>>>>>>
             2019 Mar 27 (Wed): 16:26:23
             >>>>>>>>>>>>>>>>>>>>>>>>>>>
             
