matrixcalc_AMD64 @ HZW19144646 Directly convert FF->QQ during ACIS processing.
matrixcalc_AMD64 @ HZW19144646 Directly convert FF->QQ during ACIS processing.
matrixcalc_AMD64 @ HZW19144646 Result FF->QQ: #Unzipped EE=0and #Zipped CC=4.
matrixcalc_AMD64 @ HZW19144646 Directly convert FF->QQ during ACIS processing.
matrixcalc_AMD64 @ HZW19144646 Directly convert FF->QQ during ACIS processing.
matrixcalc_AMD64 @ HZW19144646 Result FF->QQ: #Unzipped EE=0and #Zipped CC=4.
xxxxxxxxxxxxxxxxxxxxxxxxxxxxxxxxxxxxxxxxxxxxxxxxxxxxxxxxxxxxxxxxxxxxxxxxxxxxxx
matrixcalc_AMD64 @ HZW19144646 # of staircase based cells: 0
                               # of staircase based faces: 0, 0, 0
                               # of staircase based edges: 0, 0, 0
                               fill limit changes: falsemeshfill changed: true
xxxxxxxxxxxxxxxxxxxxxxxxxxxxxxxxxxxxxxxxxxxxxxxxxxxxxxxxxxxxxxxxxxxxxxxxxxxxxx
matrixcalc_AMD64 @ HZW19144646 Directly convert FF->QQ during ACIS processing.
matrixcalc_AMD64 @ HZW19144646 Directly convert FF->QQ during ACIS processing.
matrixcalc_AMD64 @ HZW19144646 Result FF->QQ: #Unzipped EE=0and #Zipped CC=4.
xxxxxxxxxxxxxxxxxxxxxxxxxxxxxxxxxxxxxxxxxxxxxxxxxxxxxxxxxxxxxxxxxxxxxxxxxxxxxx
matrixcalc_AMD64 @ HZW19144646 # of staircase based cells: 0
                               # of staircase based faces: 0, 0, 0
                               # of staircase based edges: 0, 0, 0
                               fill limit changes: falsemeshfill changed: true
xxxxxxxxxxxxxxxxxxxxxxxxxxxxxxxxxxxxxxxxxxxxxxxxxxxxxxxxxxxxxxxxxxxxxxxxxxxxxx
matrixcalc_AMD64 @ HZW19144646 Directly convert FF->QQ during ACIS processing.
matrixcalc_AMD64 @ HZW19144646 Directly convert FF->QQ during ACIS processing.
matrixcalc_AMD64 @ HZW19144646 Result FF->QQ: #Unzipped EE=0and #Zipped CC=4.
xxxxxxxxxxxxxxxxxxxxxxxxxxxxxxxxxxxxxxxxxxxxxxxxxxxxxxxxxxxxxxxxxxxxxxxxxxxxxx
matrixcalc_AMD64 @ HZW19144646 # of staircase based cells: 0
                               # of staircase based faces: 0, 0, 0
                               # of staircase based edges: 0, 0, 0
                               fill limit changes: falsemeshfill changed: true
xxxxxxxxxxxxxxxxxxxxxxxxxxxxxxxxxxxxxxxxxxxxxxxxxxxxxxxxxxxxxxxxxxxxxxxxxxxxxx
matrixcalc_AMD64 @ HZW19144646 Directly convert FF->QQ during ACIS processing.
matrixcalc_AMD64 @ HZW19144646 Directly convert FF->QQ during ACIS processing.
matrixcalc_AMD64 @ HZW19144646 Result FF->QQ: #Unzipped EE=0and #Zipped CC=4.
xxxxxxxxxxxxxxxxxxxxxxxxxxxxxxxxxxxxxxxxxxxxxxxxxxxxxxxxxxxxxxxxxxxxxxxxxxxxxx
matrixcalc_AMD64 @ HZW19144646 # of staircase based cells: 0
                               # of staircase based faces: 0, 0, 0
                               # of staircase based edges: 0, 0, 0
                               fill limit changes: falsemeshfill changed: true
xxxxxxxxxxxxxxxxxxxxxxxxxxxxxxxxxxxxxxxxxxxxxxxxxxxxxxxxxxxxxxxxxxxxxxxxxxxxxx
matrixcalc_AMD64 @ HZW19144646 Directly convert FF->QQ during ACIS processing.
matrixcalc_AMD64 @ HZW19144646 Directly convert FF->QQ during ACIS processing.
matrixcalc_AMD64 @ HZW19144646 Result FF->QQ: #Unzipped EE=0and #Zipped CC=4.
xxxxxxxxxxxxxxxxxxxxxxxxxxxxxxxxxxxxxxxxxxxxxxxxxxxxxxxxxxxxxxxxxxxxxxxxxxxxxx
matrixcalc_AMD64 @ HZW19144646 # of staircase based cells: 0
                               # of staircase based faces: 0, 0, 0
                               # of staircase based edges: 0, 0, 0
                               fill limit changes: falsemeshfill changed: true
xxxxxxxxxxxxxxxxxxxxxxxxxxxxxxxxxxxxxxxxxxxxxxxxxxxxxxxxxxxxxxxxxxxxxxxxxxxxxx
matrixcalc_AMD64 @ HZW19144646 Directly convert FF->QQ during ACIS processing.
matrixcalc_AMD64 @ HZW19144646 Directly convert FF->QQ during ACIS processing.
matrixcalc_AMD64 @ HZW19144646 Result FF->QQ: #Unzipped EE=0and #Zipped CC=4.
xxxxxxxxxxxxxxxxxxxxxxxxxxxxxxxxxxxxxxxxxxxxxxxxxxxxxxxxxxxxxxxxxxxxxxxxxxxxxx
matrixcalc_AMD64 @ HZW19144646 # of staircase based cells: 0
                               # of staircase based faces: 0, 0, 0
                               # of staircase based edges: 0, 0, 0
                               fill limit changes: falsemeshfill changed: true
xxxxxxxxxxxxxxxxxxxxxxxxxxxxxxxxxxxxxxxxxxxxxxxxxxxxxxxxxxxxxxxxxxxxxxxxxxxxxx
matrixcalc_AMD64 @ HZW19144646 Directly convert FF->QQ during ACIS processing.
matrixcalc_AMD64 @ HZW19144646 Directly convert FF->QQ during ACIS processing.
matrixcalc_AMD64 @ HZW19144646 Result FF->QQ: #Unzipped EE=0and #Zipped CC=4.
xxxxxxxxxxxxxxxxxxxxxxxxxxxxxxxxxxxxxxxxxxxxxxxxxxxxxxxxxxxxxxxxxxxxxxxxxxxxxxxxxxxxxxx
matrixcalc_AMD64 @ HZW19144646 (1xN000) # of staircase based cells: 0
                                        # of staircase based faces: 0, 0, 0
                                        # of staircase based edges: 0, 0, 0
                                        fill limit changes: falsemeshfill changed: true
xxxxxxxxxxxxxxxxxxxxxxxxxxxxxxxxxxxxxxxxxxxxxxxxxxxxxxxxxxxxxxxxxxxxxxxxxxxxxxxxxxxxxxx


