Port monitor named: Port2_h1.prt

nx        = 13
ny        = 13
nz        = 50

nu        = 13
nv        = 13
iu        = 1
iv        = 1

idir      = 2
dcut      = 0.000000e+000
icut      = 1
type      = 1
frequency = 6.000000e+010

fcutoff   = 0.000000e+000
alpha     = 0.000000e+000
beta      = 1.723311e+003
accuracy  = 1.980865e-014

type          = QTEM
wave imp.     = 2.323774e+002
wave imp.sig. = 0.000000e+000
line imp.     = 2.144782e+002

ref. port     = 0

-2.471853e+001  -2.443860e+001  -2.367458e+001  -2.211023e+001  -2.095581e+001  -2.054432e+001  -2.099411e+001  -2.235062e+001  -2.461320e+001  -2.767442e+001  -3.111042e+001  -3.343218e+001  -3.427880e+001  
-2.437960e+001  -2.403408e+001  -2.303685e+001  -2.112410e+001  -1.986365e+001  -1.941452e+001  -1.982775e+001  -2.113524e+001  -2.336329e+001  -2.650158e+001  -3.036700e+001  -3.304632e+001  -3.398485e+001  
-2.371165e+001  -2.325071e+001  -2.183462e+001  -1.953080e+001  -1.819388e+001  -1.772074e+001  -1.808626e+001  -1.930773e+001  -2.143938e+001  -2.458209e+001  -2.893319e+001  -3.228602e+001  -3.339255e+001  
-2.304444e+001  -2.255755e+001  -2.110518e+001  -1.879428e+001  -1.744447e+001  -1.695912e+001  -1.730338e+001  -1.849273e+001  -2.059148e+001  -2.372223e+001  -2.808863e+001  -3.157523e+001  -3.275082e+001  
-2.268290e+001  -2.219127e+001  -2.073397e+001  -1.841777e+001  -1.705679e+001  -1.655999e+001  -1.689170e+001  -1.806821e+001  -2.015900e+001  -2.329420e+001  -2.767804e+001  -3.120608e+001  -3.240539e+001  
-2.267796e+001  -2.218224e+001  -2.071503e+001  -1.838064e+001  -1.700389e+001  -1.649637e+001  -1.682255e+001  -1.799946e+001  -2.009912e+001  -2.325491e+001  -2.767105e+001  -3.123119e+001  -3.244458e+001  
-2.304846e+001  -2.254427e+001  -2.105215e+001  -1.867786e+001  -1.727701e+001  -1.675861e+001  -1.708516e+001  -1.827317e+001  -2.039592e+001  -2.358989e+001  -2.806363e+001  -3.167132e+001  -3.290082e+001  
-2.380218e+001  -2.328474e+001  -2.175155e+001  -1.931454e+001  -1.788211e+001  -1.735389e+001  -1.768726e+001  -1.889658e+001  -2.105518e+001  -2.430326e+001  -2.885962e+001  -3.253024e+001  -3.377757e+001  
-2.493710e+001  -2.440569e+001  -2.282116e+001  -2.030429e+001  -1.883996e+001  -1.830740e+001  -1.865669e+001  -1.989899e+001  -2.210497e+001  -2.541666e+001  -3.007049e+001  -3.379478e+001  -3.504822e+001  
-2.642322e+001  -2.589945e+001  -2.427456e+001  -2.166873e+001  -2.019033e+001  -1.966594e+001  -2.004452e+001  -2.133644e+001  -2.360284e+001  -2.697451e+001  -3.173399e+001  -3.542168e+001  -3.662426e+001  
-2.801115e+001  -2.764892e+001  -2.659981e+001  -2.461166e+001  -2.330342e+001  -2.285176e+001  -2.331829e+001  -2.473425e+001  -2.711228e+001  -3.041480e+001  -3.442088e+001  -3.719178e+001  -3.815782e+001  
-2.898294e+001  -2.872934e+001  -2.803884e+001  -2.660923e+001  -2.553085e+001  -2.518285e+001  -2.572487e+001  -2.720811e+001  -2.959640e+001  -3.270731e+001  -3.604383e+001  -3.825846e+001  -3.906669e+001  
0.000000e+000  0.000000e+000  0.000000e+000  0.000000e+000  0.000000e+000  0.000000e+000  0.000000e+000  0.000000e+000  0.000000e+000  0.000000e+000  0.000000e+000  0.000000e+000  0.000000e+000  

0.000000e+000  0.000000e+000  0.000000e+000  0.000000e+000  0.000000e+000  0.000000e+000  0.000000e+000  0.000000e+000  0.000000e+000  0.000000e+000  0.000000e+000  0.000000e+000  0.000000e+000  
-3.610584e-002  -1.008830e-001  -1.069601e-001  -5.759599e-002  -2.589061e-002  -7.478591e-003  7.540229e-003  2.894849e-002  6.812620e-002  1.309160e-001  1.269710e-001  4.266200e-002  0.000000e+000  
-7.833336e-002  -2.580134e-001  -2.352116e-001  -1.052494e-001  -4.493165e-002  -1.317717e-002  1.196653e-002  4.894686e-002  1.232810e-001  2.868350e-001  2.946603e-001  8.434375e-002  0.000000e+000  
-9.318429e-002  -3.011509e-001  -2.722459e-001  -1.195213e-001  -5.004425e-002  -1.631990e-002  8.836163e-003  4.820136e-002  1.326337e-001  3.190320e-001  3.338104e-001  9.721024e-002  0.000000e+000  
-5.181603e-002  -1.645797e-001  -1.464443e-001  -5.894692e-002  -2.292187e-002  -1.204148e-002  -7.882238e-003  5.776874e-003  4.934357e-002  1.531205e-001  1.674818e-001  4.874017e-002  0.000000e+000  
1.433758e-002  3.860559e-002  5.422306e-002  4.895624e-002  2.773396e-002  -1.888333e-003  -3.465456e-002  -6.614913e-002  -9.068834e-002  -1.000977e-001  -8.137653e-002  -3.062626e-002  0.000000e+000  
8.923429e-002  2.653228e-001  2.827979e-001  1.762561e-001  8.873925e-002  1.127602e-002  -6.513449e-002  -1.496802e-001  -2.522247e-001  -3.835267e-001  -3.578419e-001  -1.207790e-001  0.000000e+000  
1.621858e-001  4.871631e-001  5.041343e-001  2.969203e-001  1.459286e-001  2.418027e-002  -9.205760e-002  -2.257338e-001  -4.027328e-001  -6.542587e-001  -6.236809e-001  -2.067397e-001  0.000000e+000  
2.205057e-001  6.704819e-001  6.776792e-001  3.822334e-001  1.841320e-001  3.327376e-002  -1.080133e-001  -2.743319e-001  -5.070228e-001  -8.638539e-001  -8.348678e-001  -2.714050e-001  0.000000e+000  
2.406152e-001  7.508160e-001  7.373316e-001  3.970698e-001  1.880354e-001  3.513487e-002  -1.065297e-001  -2.758409e-001  -5.228122e-001  -9.356108e-001  -9.145973e-001  -2.877276e-001  0.000000e+000  
1.758564e-001  5.455641e-001  5.522773e-001  3.085896e-001  1.490222e-001  2.822976e-002  -8.488773e-002  -2.190793e-001  -4.095235e-001  -7.124274e-001  -6.807262e-001  -2.154393e-001  0.000000e+000  
7.222487e-002  1.963822e-001  2.352160e-001  1.589876e-001  8.163099e-002  1.561822e-002  -4.786699e-002  -1.211634e-001  -2.139699e-001  -3.125790e-001  -2.772438e-001  -9.982720e-002  0.000000e+000  
0.000000e+000  0.000000e+000  0.000000e+000  0.000000e+000  0.000000e+000  0.000000e+000  0.000000e+000  0.000000e+000  0.000000e+000  0.000000e+000  0.000000e+000  0.000000e+000  0.000000e+000  

0.000000e+000  0.000000e+000  0.000000e+000  0.000000e+000  0.000000e+000  0.000000e+000  0.000000e+000  0.000000e+000  0.000000e+000  0.000000e+000  0.000000e+000  0.000000e+000  0.000000e+000  
0.000000e+000  0.000000e+000  0.000000e+000  0.000000e+000  0.000000e+000  0.000000e+000  0.000000e+000  0.000000e+000  0.000000e+000  0.000000e+000  0.000000e+000  0.000000e+000  0.000000e+000  
0.000000e+000  0.000000e+000  0.000000e+000  0.000000e+000  0.000000e+000  0.000000e+000  0.000000e+000  0.000000e+000  0.000000e+000  0.000000e+000  0.000000e+000  0.000000e+000  0.000000e+000  
0.000000e+000  0.000000e+000  0.000000e+000  0.000000e+000  0.000000e+000  0.000000e+000  0.000000e+000  0.000000e+000  0.000000e+000  0.000000e+000  0.000000e+000  0.000000e+000  0.000000e+000  
0.000000e+000  0.000000e+000  0.000000e+000  0.000000e+000  0.000000e+000  0.000000e+000  0.000000e+000  0.000000e+000  0.000000e+000  0.000000e+000  0.000000e+000  0.000000e+000  0.000000e+000  
0.000000e+000  0.000000e+000  0.000000e+000  0.000000e+000  0.000000e+000  0.000000e+000  0.000000e+000  0.000000e+000  0.000000e+000  0.000000e+000  0.000000e+000  0.000000e+000  0.000000e+000  
0.000000e+000  0.000000e+000  0.000000e+000  0.000000e+000  0.000000e+000  0.000000e+000  0.000000e+000  0.000000e+000  0.000000e+000  0.000000e+000  0.000000e+000  0.000000e+000  0.000000e+000  
0.000000e+000  0.000000e+000  0.000000e+000  0.000000e+000  0.000000e+000  0.000000e+000  0.000000e+000  0.000000e+000  0.000000e+000  0.000000e+000  0.000000e+000  0.000000e+000  0.000000e+000  
0.000000e+000  0.000000e+000  0.000000e+000  0.000000e+000  0.000000e+000  0.000000e+000  0.000000e+000  0.000000e+000  0.000000e+000  0.000000e+000  0.000000e+000  0.000000e+000  0.000000e+000  
0.000000e+000  0.000000e+000  0.000000e+000  0.000000e+000  0.000000e+000  0.000000e+000  0.000000e+000  0.000000e+000  0.000000e+000  0.000000e+000  0.000000e+000  0.000000e+000  0.000000e+000  
0.000000e+000  0.000000e+000  0.000000e+000  0.000000e+000  0.000000e+000  0.000000e+000  0.000000e+000  0.000000e+000  0.000000e+000  0.000000e+000  0.000000e+000  0.000000e+000  0.000000e+000  
0.000000e+000  0.000000e+000  0.000000e+000  0.000000e+000  0.000000e+000  0.000000e+000  0.000000e+000  0.000000e+000  0.000000e+000  0.000000e+000  0.000000e+000  0.000000e+000  0.000000e+000  
0.000000e+000  0.000000e+000  0.000000e+000  0.000000e+000  0.000000e+000  0.000000e+000  0.000000e+000  0.000000e+000  0.000000e+000  0.000000e+000  0.000000e+000  0.000000e+000  0.000000e+000  

0.000000e+000  0.000000e+000  0.000000e+000  0.000000e+000  0.000000e+000  0.000000e+000  0.000000e+000  0.000000e+000  0.000000e+000  0.000000e+000  0.000000e+000  0.000000e+000  0.000000e+000  
0.000000e+000  0.000000e+000  0.000000e+000  0.000000e+000  0.000000e+000  0.000000e+000  0.000000e+000  0.000000e+000  0.000000e+000  0.000000e+000  0.000000e+000  0.000000e+000  0.000000e+000  
0.000000e+000  0.000000e+000  0.000000e+000  0.000000e+000  0.000000e+000  0.000000e+000  0.000000e+000  0.000000e+000  0.000000e+000  0.000000e+000  0.000000e+000  0.000000e+000  0.000000e+000  
0.000000e+000  0.000000e+000  0.000000e+000  0.000000e+000  0.000000e+000  0.000000e+000  0.000000e+000  0.000000e+000  0.000000e+000  0.000000e+000  0.000000e+000  0.000000e+000  0.000000e+000  
0.000000e+000  0.000000e+000  0.000000e+000  0.000000e+000  0.000000e+000  0.000000e+000  0.000000e+000  0.000000e+000  0.000000e+000  0.000000e+000  0.000000e+000  0.000000e+000  0.000000e+000  
0.000000e+000  0.000000e+000  0.000000e+000  0.000000e+000  0.000000e+000  0.000000e+000  0.000000e+000  0.000000e+000  0.000000e+000  0.000000e+000  0.000000e+000  0.000000e+000  0.000000e+000  
0.000000e+000  0.000000e+000  0.000000e+000  0.000000e+000  0.000000e+000  0.000000e+000  0.000000e+000  0.000000e+000  0.000000e+000  0.000000e+000  0.000000e+000  0.000000e+000  0.000000e+000  
0.000000e+000  0.000000e+000  0.000000e+000  0.000000e+000  0.000000e+000  0.000000e+000  0.000000e+000  0.000000e+000  0.000000e+000  0.000000e+000  0.000000e+000  0.000000e+000  0.000000e+000  
0.000000e+000  0.000000e+000  0.000000e+000  0.000000e+000  0.000000e+000  0.000000e+000  0.000000e+000  0.000000e+000  0.000000e+000  0.000000e+000  0.000000e+000  0.000000e+000  0.000000e+000  
0.000000e+000  0.000000e+000  0.000000e+000  0.000000e+000  0.000000e+000  0.000000e+000  0.000000e+000  0.000000e+000  0.000000e+000  0.000000e+000  0.000000e+000  0.000000e+000  0.000000e+000  
0.000000e+000  0.000000e+000  0.000000e+000  0.000000e+000  0.000000e+000  0.000000e+000  0.000000e+000  0.000000e+000  0.000000e+000  0.000000e+000  0.000000e+000  0.000000e+000  0.000000e+000  
0.000000e+000  0.000000e+000  0.000000e+000  0.000000e+000  0.000000e+000  0.000000e+000  0.000000e+000  0.000000e+000  0.000000e+000  0.000000e+000  0.000000e+000  0.000000e+000  0.000000e+000  
0.000000e+000  0.000000e+000  0.000000e+000  0.000000e+000  0.000000e+000  0.000000e+000  0.000000e+000  0.000000e+000  0.000000e+000  0.000000e+000  0.000000e+000  0.000000e+000  0.000000e+000  

0.000000e+000  0.000000e+000  0.000000e+000  0.000000e+000  0.000000e+000  0.000000e+000  0.000000e+000  0.000000e+000  0.000000e+000  0.000000e+000  0.000000e+000  0.000000e+000  0.000000e+000  
0.000000e+000  0.000000e+000  0.000000e+000  0.000000e+000  0.000000e+000  0.000000e+000  0.000000e+000  0.000000e+000  0.000000e+000  0.000000e+000  0.000000e+000  0.000000e+000  0.000000e+000  
0.000000e+000  0.000000e+000  0.000000e+000  0.000000e+000  0.000000e+000  0.000000e+000  0.000000e+000  0.000000e+000  0.000000e+000  0.000000e+000  0.000000e+000  0.000000e+000  0.000000e+000  
0.000000e+000  0.000000e+000  0.000000e+000  0.000000e+000  0.000000e+000  0.000000e+000  0.000000e+000  0.000000e+000  0.000000e+000  0.000000e+000  0.000000e+000  0.000000e+000  0.000000e+000  
0.000000e+000  0.000000e+000  0.000000e+000  0.000000e+000  0.000000e+000  0.000000e+000  0.000000e+000  0.000000e+000  0.000000e+000  0.000000e+000  0.000000e+000  0.000000e+000  0.000000e+000  
0.000000e+000  0.000000e+000  0.000000e+000  0.000000e+000  0.000000e+000  0.000000e+000  0.000000e+000  0.000000e+000  0.000000e+000  0.000000e+000  0.000000e+000  0.000000e+000  0.000000e+000  
0.000000e+000  0.000000e+000  0.000000e+000  0.000000e+000  0.000000e+000  0.000000e+000  0.000000e+000  0.000000e+000  0.000000e+000  0.000000e+000  0.000000e+000  0.000000e+000  0.000000e+000  
0.000000e+000  0.000000e+000  0.000000e+000  0.000000e+000  0.000000e+000  0.000000e+000  0.000000e+000  0.000000e+000  0.000000e+000  0.000000e+000  0.000000e+000  0.000000e+000  0.000000e+000  
0.000000e+000  0.000000e+000  0.000000e+000  0.000000e+000  0.000000e+000  0.000000e+000  0.000000e+000  0.000000e+000  0.000000e+000  0.000000e+000  0.000000e+000  0.000000e+000  0.000000e+000  
0.000000e+000  0.000000e+000  0.000000e+000  0.000000e+000  0.000000e+000  0.000000e+000  0.000000e+000  0.000000e+000  0.000000e+000  0.000000e+000  0.000000e+000  0.000000e+000  0.000000e+000  
0.000000e+000  0.000000e+000  0.000000e+000  0.000000e+000  0.000000e+000  0.000000e+000  0.000000e+000  0.000000e+000  0.000000e+000  0.000000e+000  0.000000e+000  0.000000e+000  0.000000e+000  
0.000000e+000  0.000000e+000  0.000000e+000  0.000000e+000  0.000000e+000  0.000000e+000  0.000000e+000  0.000000e+000  0.000000e+000  0.000000e+000  0.000000e+000  0.000000e+000  0.000000e+000  
0.000000e+000  0.000000e+000  0.000000e+000  0.000000e+000  0.000000e+000  0.000000e+000  0.000000e+000  0.000000e+000  0.000000e+000  0.000000e+000  0.000000e+000  0.000000e+000  0.000000e+000  

-9.432338e-001  -2.565362e+000  -3.620690e+000  -2.754459e+000  -9.610841e-001  1.188943e+000  3.469302e+000  5.723235e+000  7.631377e+000  8.355044e+000  6.245146e+000  2.291344e+000  -0.000000e+000  
-1.173276e+000  -3.249951e+000  -4.436871e+000  -3.066369e+000  -1.084650e+000  1.087787e+000  3.354901e+000  5.668819e+000  7.880327e+000  9.365772e+000  7.125075e+000  2.561778e+000  -0.000000e+000  
-1.744850e+000  -5.366896e+000  -5.846089e+000  -3.411119e+000  -1.207067e+000  9.507941e-001  3.158270e+000  5.499481e+000  8.080957e+000  1.113852e+001  9.626898e+000  3.177317e+000  -0.000000e+000  
-1.990215e+000  -5.970764e+000  -6.284273e+000  -3.637410e+000  -1.321667e+000  8.768143e-001  3.110467e+000  5.522129e+000  8.289050e+000  1.168890e+001  1.054494e+001  3.535853e+000  -0.000000e+000  
-2.072486e+000  -6.161603e+000  -6.491057e+000  -3.788258e+000  -1.411907e+000  8.292955e-001  3.103295e+000  5.577678e+000  8.446864e+000  1.195905e+001  1.087802e+001  3.684365e+000  -0.000000e+000  
-2.110882e+000  -6.260628e+000  -6.609933e+000  -3.878944e+000  -1.466242e+000  8.072718e-001  3.113875e+000  5.630489e+000  8.555421e+000  1.212027e+001  1.104236e+001  3.753033e+000  -0.000000e+000  
-2.138622e+000  -6.344421e+000  -6.694154e+000  -3.924002e+000  -1.484452e+000  8.089032e-001  3.133323e+000  5.670760e+000  8.625438e+000  1.223607e+001  1.115291e+001  3.788971e+000  -0.000000e+000  
-2.152145e+000  -6.403973e+000  -6.732652e+000  -3.914281e+000  -1.460814e+000  8.363297e-001  3.160000e+000  5.692396e+000  8.645798e+000  1.229146e+001  1.119457e+001  3.785767e+000  -0.000000e+000  
-2.107642e+000  -6.336929e+000  -6.644892e+000  -3.814799e+000  -1.383534e+000  8.960160e-001  3.200074e+000  5.693154e+000  8.581626e+000  1.218736e+001  1.101124e+001  3.678802e+000  -0.000000e+000  
-1.859199e+000  -5.756550e+000  -6.243211e+000  -3.584639e+000  -1.251789e+000  9.941762e-001  3.276065e+000  5.698702e+000  8.403411e+000  1.169916e+001  1.009629e+001  3.302717e+000  -0.000000e+000  
-1.100631e+000  -3.045398e+000  -4.207537e+000  -2.939932e+000  -9.692938e-001  1.239765e+000  3.544372e+000  5.848876e+000  7.949893e+000  9.171610e+000  6.868791e+000  2.467446e+000  -0.000000e+000  
-7.715289e-001  -2.101413e+000  -3.004520e+000  -2.319873e+000  -6.606692e-001  1.443188e+000  3.686432e+000  5.807878e+000  7.402280e+000  7.698016e+000  5.621117e+000  2.055356e+000  -0.000000e+000  
-0.000000e+000  -0.000000e+000  -0.000000e+000  -0.000000e+000  -0.000000e+000  -0.000000e+000  -0.000000e+000  -0.000000e+000  -0.000000e+000  -0.000000e+000  -0.000000e+000  -0.000000e+000  -0.000000e+000  

