Some ports are defined on (and therefore replace) open boundaries. Note that
higher order modes will not be absorbed unless you increase the number of modes
at these ports.

--------------------------------------------------------------------------------
Number of threads used: 4.

--------------------------------------------------------------------------------
Units settings: 

  Dimensions: mm
  Frequency:  GHz
  Time:       ns

--------------------------------------------------------------------------------
Boundary conditions: 

  YZsymmetry: none
  XZsymmetry: none
  XYsymmetry: none

  Xmin: magnetic
  Xmax: magnetic

  Ymin: electric
  Ymax: electric

  Zmin: expanded open
  Zmax: expanded open

--------------------------------------------------------------------------------
Order settings: 

  Solver order   : 2nd (constant)
  Curved elements: up to order 3 (automatic)

--------------------------------------------------------------------------------
  Mesh time                :	5 s

--------------------------------------------------------------------------------

================================================================================
Frequency Domain Solver calculation cycle started

--------------------------------------------------------------------------------
Solver started at: 10:45 PM Thursday, 11. April 2019

  Module:  Frequency Domain: S-Parameter (Win 64)
  Version: 2015.0 Release from 2015-01-16 (change 344899)

--------------------------------------------------------------------------------
  Calculation 1 of 1 (Frequency: 70 GHz)

--------------------------------------------------------------------------------
*** Warning ***

At least one propagating mode is not considered at port 1. 

--------------------------------------------------------------------------------
*** Warning ***

At least one propagating mode is not considered at port 2. 

--------------------------------------------------------------------------------
  ----------------------------------------------------------------------------
  Port   Mode   Type        Z-Wave        Z-Wave-Sigma  Z-Line        F-Cutoff
  1      1      TEM         377           0             377           0.0
  ----------------------------------------------------------------------------

--------------------------------------------------------------------------------
  ----------------------------------------------------------------------------
  Port   Mode   Type        Z-Wave        Z-Wave-Sigma  Z-Line        F-Cutoff
  2      1      TEM         377           0             377           0.0
  ----------------------------------------------------------------------------

--------------------------------------------------------------------------------
The wavelength based mesh refinement has been applied to 15.8% of all mesh
edges.

--------------------------------------------------------------------------------
Adaptive mesh refinement pass 1

--------------------------------------------------------------------------------
  Matrix setup time        :	0 s
  Degrees of freedom       :	14700
  Number of mesh cells     :	2313

  Stimulation port         :	1
  Mode number              :	1
  Accuracy                 :	2.771e-005
  Iterations               :	25
  Solver time              :	0 s

--------------------------------------------------------------------------------
13% of all mesh edges seem to be longer than expected. The adaptive mesh
refinement's growth limitation will therefore use 3594 instead of 1085 mesh
cells as a reference.

--------------------------------------------------------------------------------
Adaptive mesh refinement pass 2

--------------------------------------------------------------------------------
  Matrix setup time        :	0 s
  Degrees of freedom       :	22160
  Number of mesh cells     :	3474

  Stimulation port         :	1
  Mode number              :	1
  Accuracy                 :	9.94428e-005
  Iterations               :	20
  Solver time              :	0 s

--------------------------------------------------------------------------------
Delta S (pass 2) = 0.0115468

--------------------------------------------------------------------------------
Adaptive mesh refinement pass 3

--------------------------------------------------------------------------------
  Matrix setup time        :	0 s
  Degrees of freedom       :	29898
  Number of mesh cells     :	4688

  Stimulation port         :	1
  Mode number              :	1
  Accuracy                 :	9.32954e-005
  Iterations               :	17
  Solver time              :	0 s

--------------------------------------------------------------------------------
Delta S (pass 3) = 0.00445584

--------------------------------------------------------------------------------
Adaptive mesh refinement pass 4

--------------------------------------------------------------------------------
  Matrix setup time        :	0 s
  Degrees of freedom       :	37386
  Number of mesh cells     :	5867

  Stimulation port         :	1
  Mode number              :	1
  Accuracy                 :	6.3615e-005
  Iterations               :	16
  Solver time              :	0 s

--------------------------------------------------------------------------------
Delta S (pass 4) = 0.00229496

--------------------------------------------------------------------------------
Mesh adaptation terminated because the desired accuracy limit is reached.

--------------------------------------------------------------------------------
  Total time               :	11 s

--------------------------------------------------------------------------------

--------------------------------------------------------------------------------
  Calculation 2 (Frequency: 50 GHz)

--------------------------------------------------------------------------------
  ----------------------------------------------------------------------------
  Port   Mode   Type        Z-Wave        Z-Wave-Sigma  Z-Line        F-Cutoff
  1      1      TEM         377           0             377           0.0
  ----------------------------------------------------------------------------

--------------------------------------------------------------------------------
  ----------------------------------------------------------------------------
  Port   Mode   Type        Z-Wave        Z-Wave-Sigma  Z-Line        F-Cutoff
  2      1      TEM         377           0             377           0.0
  ----------------------------------------------------------------------------

--------------------------------------------------------------------------------
  Matrix setup time        :	0 s
  Degrees of freedom       :	37386
  Number of mesh cells     :	5867

  Stimulation port         :	1
  Mode number              :	1
  Accuracy                 :	9.91717e-005
  Iterations               :	11
  Solver time              :	0 s

--------------------------------------------------------------------------------
  Generating results       :	1 s

  Total time               :	1 s

--------------------------------------------------------------------------------

--------------------------------------------------------------------------------
  Calculation 3 (Frequency: 60 GHz)

--------------------------------------------------------------------------------
  ----------------------------------------------------------------------------
  Port   Mode   Type        Z-Wave        Z-Wave-Sigma  Z-Line        F-Cutoff
  1      1      TEM         377           0             0             0.0
  ----------------------------------------------------------------------------

--------------------------------------------------------------------------------
  ----------------------------------------------------------------------------
  Port   Mode   Type        Z-Wave        Z-Wave-Sigma  Z-Line        F-Cutoff
  2      1      TEM         377           0             0             0.0
  ----------------------------------------------------------------------------

--------------------------------------------------------------------------------
  Matrix setup time        :	0 s
  Degrees of freedom       :	37386
  Number of mesh cells     :	5867

  Stimulation port         :	1
  Mode number              :	1
  Accuracy                 :	8.41963e-005
  Iterations               :	12
  Solver time              :	0 s

--------------------------------------------------------------------------------
  Total time               :	0 s

--------------------------------------------------------------------------------

--------------------------------------------------------------------------------
  Calculation 4 (Frequency: 65 GHz)

--------------------------------------------------------------------------------
  ----------------------------------------------------------------------------
  Port   Mode   Type        Z-Wave        Z-Wave-Sigma  Z-Line        F-Cutoff
  1      1      TEM         377           0             0             0.0
  ----------------------------------------------------------------------------

--------------------------------------------------------------------------------
  ----------------------------------------------------------------------------
  Port   Mode   Type        Z-Wave        Z-Wave-Sigma  Z-Line        F-Cutoff
  2      1      TEM         377           0             0             0.0
  ----------------------------------------------------------------------------

--------------------------------------------------------------------------------
  Matrix setup time        :	0 s
  Solver setup             :	1 s
  Degrees of freedom       :	37386
  Number of mesh cells     :	5867

  Stimulation port         :	1
  Mode number              :	1
  Accuracy                 :	4.90223e-005
  Iterations               :	15
  Solver time              :	0 s

--------------------------------------------------------------------------------
  Total time               :	1 s

--------------------------------------------------------------------------------

--------------------------------------------------------------------------------
  Calculation 5 (Frequency: 56.08 GHz)

--------------------------------------------------------------------------------
  ----------------------------------------------------------------------------
  Port   Mode   Type        Z-Wave        Z-Wave-Sigma  Z-Line        F-Cutoff
  1      1      TEM         377           0             0             0.0
  ----------------------------------------------------------------------------

--------------------------------------------------------------------------------
  ----------------------------------------------------------------------------
  Port   Mode   Type        Z-Wave        Z-Wave-Sigma  Z-Line        F-Cutoff
  2      1      TEM         377           0             0             0.0
  ----------------------------------------------------------------------------

--------------------------------------------------------------------------------
  Matrix setup time        :	0 s
  Degrees of freedom       :	37386
  Number of mesh cells     :	5867

  Stimulation port         :	1
  Mode number              :	1
  Accuracy                 :	6.99723e-005
  Iterations               :	12
  Solver time              :	0 s

--------------------------------------------------------------------------------
  Generating results       :	1 s

  Total time               :	1 s

--------------------------------------------------------------------------------

--------------------------------------------------------------------------------
  Calculation 6 (Frequency: 63.08 GHz)

--------------------------------------------------------------------------------
  ----------------------------------------------------------------------------
  Port   Mode   Type        Z-Wave        Z-Wave-Sigma  Z-Line        F-Cutoff
  1      1      TEM         377           0             0             0.0
  ----------------------------------------------------------------------------

--------------------------------------------------------------------------------
  ----------------------------------------------------------------------------
  Port   Mode   Type        Z-Wave        Z-Wave-Sigma  Z-Line        F-Cutoff
  2      1      TEM         377           0             0             0.0
  ----------------------------------------------------------------------------

--------------------------------------------------------------------------------
  Matrix setup time        :	0 s
  Degrees of freedom       :	37386
  Number of mesh cells     :	5867

  Stimulation port         :	1
  Mode number              :	1
  Accuracy                 :	1.892e-005
  Iterations               :	25
  Solver time              :	0 s

--------------------------------------------------------------------------------
  Total time               :	0 s

--------------------------------------------------------------------------------

--------------------------------------------------------------------------------
  Calculation 7 (Frequency: 53.22 GHz)

--------------------------------------------------------------------------------
  ----------------------------------------------------------------------------
  Port   Mode   Type        Z-Wave        Z-Wave-Sigma  Z-Line        F-Cutoff
  1      1      TEM         377           0             0             0.0
  ----------------------------------------------------------------------------

--------------------------------------------------------------------------------
  ----------------------------------------------------------------------------
  Port   Mode   Type        Z-Wave        Z-Wave-Sigma  Z-Line        F-Cutoff
  2      1      TEM         377           0             0             0.0
  ----------------------------------------------------------------------------

--------------------------------------------------------------------------------
  Matrix setup time        :	0 s
  Degrees of freedom       :	37386
  Number of mesh cells     :	5867

  Stimulation port         :	1
  Mode number              :	1
  Accuracy                 :	2.74265e-005
  Iterations               :	15
  Solver time              :	0 s

--------------------------------------------------------------------------------
  Total time               :	0 s

--------------------------------------------------------------------------------

--------------------------------------------------------------------------------
  Calculation 8 (Frequency: 62.2 GHz)

--------------------------------------------------------------------------------
  ----------------------------------------------------------------------------
  Port   Mode   Type        Z-Wave        Z-Wave-Sigma  Z-Line        F-Cutoff
  1      1      TEM         377           0             0             0.0
  ----------------------------------------------------------------------------

--------------------------------------------------------------------------------
  ----------------------------------------------------------------------------
  Port   Mode   Type        Z-Wave        Z-Wave-Sigma  Z-Line        F-Cutoff
  2      1      TEM         377           0             0             0.0
  ----------------------------------------------------------------------------

--------------------------------------------------------------------------------
  Matrix setup time        :	0 s
  Degrees of freedom       :	37386
  Number of mesh cells     :	5867

  Stimulation port         :	1
  Mode number              :	1
  Accuracy                 :	7.05638e-005
  Iterations               :	15
  Solver time              :	1 s

--------------------------------------------------------------------------------
  Total time               :	1 s

--------------------------------------------------------------------------------

--------------------------------------------------------------------------------
  Calculation 9 (Frequency: 67.1 GHz)

--------------------------------------------------------------------------------
  ----------------------------------------------------------------------------
  Port   Mode   Type        Z-Wave        Z-Wave-Sigma  Z-Line        F-Cutoff
  1      1      TEM         377           0             0             0.0
  ----------------------------------------------------------------------------

--------------------------------------------------------------------------------
  ----------------------------------------------------------------------------
  Port   Mode   Type        Z-Wave        Z-Wave-Sigma  Z-Line        F-Cutoff
  2      1      TEM         377           0             0             0.0
  ----------------------------------------------------------------------------

--------------------------------------------------------------------------------
  Matrix setup time        :	0 s
  Degrees of freedom       :	37386
  Number of mesh cells     :	5867

  Stimulation port         :	1
  Mode number              :	1
  Accuracy                 :	8.77207e-005
  Iterations               :	14
  Solver time              :	0 s

--------------------------------------------------------------------------------
  Generating results       :	1 s

  Total time               :	1 s

--------------------------------------------------------------------------------

--------------------------------------------------------------------------------
  Calculation 10 (Frequency: 52 GHz)

--------------------------------------------------------------------------------
  ----------------------------------------------------------------------------
  Port   Mode   Type        Z-Wave        Z-Wave-Sigma  Z-Line        F-Cutoff
  1      1      TEM         377           0             0             0.0
  ----------------------------------------------------------------------------

--------------------------------------------------------------------------------
  ----------------------------------------------------------------------------
  Port   Mode   Type        Z-Wave        Z-Wave-Sigma  Z-Line        F-Cutoff
  2      1      TEM         377           0             0             0.0
  ----------------------------------------------------------------------------

--------------------------------------------------------------------------------
  Matrix setup time        :	0 s
  Degrees of freedom       :	37386
  Number of mesh cells     :	5867

  Stimulation port         :	1
  Mode number              :	1
  Accuracy                 :	8.18935e-005
  Iterations               :	15
  Solver time              :	0 s

--------------------------------------------------------------------------------
  Total time               :	0 s

--------------------------------------------------------------------------------

--------------------------------------------------------------------------------
  Calculation 11 (Frequency: 54.42 GHz)

--------------------------------------------------------------------------------
  ----------------------------------------------------------------------------
  Port   Mode   Type        Z-Wave        Z-Wave-Sigma  Z-Line        F-Cutoff
  1      1      TEM         377           0             0             0.0
  ----------------------------------------------------------------------------

--------------------------------------------------------------------------------
  ----------------------------------------------------------------------------
  Port   Mode   Type        Z-Wave        Z-Wave-Sigma  Z-Line        F-Cutoff
  2      1      TEM         377           0             0             0.0
  ----------------------------------------------------------------------------

--------------------------------------------------------------------------------
  Matrix setup time        :	0 s
  Solver setup             :	1 s
  Degrees of freedom       :	37386
  Number of mesh cells     :	5867

  Stimulation port         :	1
  Mode number              :	1
  Accuracy                 :	9.33073e-005
  Iterations               :	13
  Solver time              :	0 s

--------------------------------------------------------------------------------
  Total time               :	1 s

--------------------------------------------------------------------------------

--------------------------------------------------------------------------------
  Calculation 12 (Frequency: 68.88 GHz)

--------------------------------------------------------------------------------
  ----------------------------------------------------------------------------
  Port   Mode   Type        Z-Wave        Z-Wave-Sigma  Z-Line        F-Cutoff
  1      1      TEM         377           0             0             0.0
  ----------------------------------------------------------------------------

--------------------------------------------------------------------------------
  ----------------------------------------------------------------------------
  Port   Mode   Type        Z-Wave        Z-Wave-Sigma  Z-Line        F-Cutoff
  2      1      TEM         377           0             0             0.0
  ----------------------------------------------------------------------------

--------------------------------------------------------------------------------
  Matrix setup time        :	0 s
  Degrees of freedom       :	37386
  Number of mesh cells     :	5867

  Stimulation port         :	1
  Mode number              :	1
  Accuracy                 :	9.36068e-005
  Iterations               :	16
  Solver time              :	1 s

--------------------------------------------------------------------------------
  Total time               :	1 s

--------------------------------------------------------------------------------

--------------------------------------------------------------------------------
The S-parameter convergence criterion has been satisfied after
calculating 12 frequency samples:

  S-parameter error threshold value : 0.01
  Number of error criterion checks  : 2
  Minimum number of samples         : 3
  S-parameters considered for sweep : All

--------------------------------------------------------------------------------
  Total Solver Time        :	23 s
================================================================================


--------------------------------------------------------------------------------
  ----------------------------------------------------------------------------
                      Peak memory used (kB)         Free physical memory (kB) 
                                                    At begin     Minimum      
  ----------------------------------------------------------------------------
  Solver start        30536                         5204344      5204124      
  Eq. system setup    108548                        5168868      5127392      
  Eq. system solve    108548                        5155688      5132064      
  Mesh refinement     89976                         5178152      5174484      
  Solver run total    108548                        5204344      5114732      

  Computer name       HZW19144646
  ----------------------------------------------------------------------------

--------------------------------------------------------------------------------
Creating parametric 1D results.

--------------------------------------------------------------------------------
