Port monitor named: Port1_e1.prt

nx        = 16
ny        = 49
nz        = 3

nu        = 16
nv        = 49
iu        = 1
iv        = 1

idir      = 2
dcut      = 1.200000e-002
icut      = 3
type      = 0
frequency = 6.000000e+010

fcutoff   = 0.000000e+000
alpha     = 0.000000e+000
beta      = 1.720444e+003
accuracy  = 5.610788e-014

type          = QTEM
wave imp.     = 2.358469e+002
wave imp.sig. = 2.202782e+000
line imp.     = 2.144782e+002

ref. port     = 0

0.000000e+000  0.000000e+000  0.000000e+000  0.000000e+000  0.000000e+000  0.000000e+000  0.000000e+000  0.000000e+000  0.000000e+000  0.000000e+000  0.000000e+000  0.000000e+000  0.000000e+000  0.000000e+000  0.000000e+000  0.000000e+000  
-4.446905e+001  -1.332344e+002  -1.658558e+002  -1.279689e+002  -5.587440e+001  -2.156592e+001  -1.768160e+001  -2.026340e+001  -1.012543e+001  4.434872e+001  1.545368e+002  2.009821e+002  2.111413e+002  1.725153e+002  5.052401e+001  0.000000e+000  
-8.884722e+001  -2.693819e+002  -3.386489e+002  -2.567758e+002  -1.099039e+002  -4.223741e+001  -3.514315e+001  -4.083381e+001  -2.145926e+001  8.602816e+001  3.100016e+002  4.107511e+002  4.338518e+002  3.468052e+002  1.001962e+002  0.000000e+000  
-1.328447e+002  -4.112492e+002  -5.263615e+002  -3.867780e+002  -1.601220e+002  -6.112976e+001  -5.216922e+001  -6.200710e+001  -3.519161e+001  1.222014e+002  4.664224e+002  6.391658e+002  6.828219e+002  5.241950e+002  1.480145e+002  0.000000e+000  
-1.757438e+002  -5.613543e+002  -7.393430e+002  -5.171759e+002  -2.043292e+002  -7.738147e+001  -6.855382e+001  -8.405677e+001  -5.247065e+001  1.497182e+002  6.216830e+002  8.978994e+002  9.805852e+002  7.049063e+002  1.926766e+002  0.000000e+000  
-2.161084e+002  -7.215630e+002  -9.922706e+002  -6.448799e+002  -2.400086e+002  -9.017513e+001  -8.410583e+001  -1.072223e+002  -7.436868e+001  1.650290e+002  7.695615e+002  1.199673e+003  1.366647e+003  8.868852e+002  2.324376e+002  0.000000e+000  
-2.514015e+002  -8.923765e+002  -1.307310e+003  -7.625009e+002  -2.643060e+002  -9.876916e+001  -9.865482e+001  -1.316973e+002  -1.018340e+002  1.642223e+002  8.967406e+002  1.551933e+003  1.917406e+003  1.063516e+003  2.650025e+002  0.000000e+000  
-2.774841e+002  -1.071573e+003  -1.719412e+003  -8.547475e+002  -2.741457e+002  -1.025423e+002  -1.120572e+002  -1.576187e+002  -1.356274e+002  1.433002e+002  9.790643e+002  1.932343e+003  2.792827e+003  1.218928e+003  2.875218e+002  0.000000e+000  
-2.879871e+002  -1.251675e+003  -2.285356e+003  -8.919734e+002  -2.666215e+002  -1.010499e+002  -1.242021e+002  -1.850561e+002  -1.762478e+002  9.884423e+001  9.798316e+002  2.208349e+003  4.351402e+003  1.317925e+003  2.968552e+002  0.000000e+000  
-2.570720e+002  -8.645112e+002  -1.769527e+003  -9.394402e+002  -3.382589e+002  -1.356038e+002  -1.224339e+002  -1.467633e+002  -9.540261e+001  2.284463e+002  1.098073e+003  2.012370e+003  2.796221e+003  1.025037e+003  2.814122e+002  0.000000e+000  
-2.117147e+002  -6.151536e+002  -1.393162e+003  -8.836800e+002  -3.739393e+002  -1.589063e+002  -1.188560e+002  -1.138413e+002  -3.200402e+001  3.068165e+002  1.061277e+003  1.650848e+003  2.005899e+003  7.944692e+002  2.502198e+002  0.000000e+000  
-1.680793e+002  -4.494766e+002  -1.110096e+003  -7.893607e+002  -3.822120e+002  -1.719655e+002  -1.136069e+002  -8.621735e+001  1.519351e+001  3.448295e+002  9.583294e+002  1.334525e+003  1.526675e+003  6.176879e+002  2.142748e+002  0.000000e+000  
-1.312802e+002  -3.359600e+002  -8.921870e+002  -6.861589e+002  -3.713632e+002  -1.762819e+002  -1.069177e+002  -6.359578e+001  4.819325e+001  3.538240e+002  8.364138e+002  1.082670e+003  1.199470e+003  4.827991e+002  1.792157e+002  0.000000e+000  
-1.019451e+002  -2.558242e+002  -7.212423e+002  -5.869091e+002  -3.480939e+002  -1.735099e+002  -9.906724e+001  -4.553080e+001  6.928810e+001  3.432480e+002  7.164929e+002  8.829074e+002  9.588200e+002  3.794186e+002  1.475732e+002  0.000000e+000  
-7.911833e+001  -1.976027e+002  -5.849056e+002  -4.964386e+002  -3.173532e+002  -1.652359e+002  -9.034228e+001  -3.149459e+001  8.073886e+001  3.201880e+002  6.064333e+002  7.220267e+002  7.732463e+002  2.994621e+002  1.201788e+002  0.000000e+000  
-6.147472e+001  -1.541126e+002  -4.744553e+002  -4.158643e+002  -2.825804e+002  -1.528562e+002  -8.100853e+001  -2.093236e+001  8.459084e+001  2.896364e+002  5.081955e+002  5.901382e+002  6.254332e+002  2.368805e+002  9.699718e+001  0.000000e+000  
-4.777742e+001  -1.207358e+002  -3.835506e+002  -3.446704e+002  -2.460409e+002  -1.375260e+002  -7.129241e+001  -1.330188e+001  8.259165e+001  2.549503e+002  4.212866e+002  4.801573e+002  5.047655e+002  1.872046e+002  7.759682e+001  0.000000e+000  
-3.701195e+001  -9.442269e+001  -3.074722e+002  -2.816980e+002  -2.091378e+002  -1.201531e+002  -6.137208e+001  -8.098363e+000  7.617365e+001  2.182873e+002  3.443147e+002  3.869096e+002  4.041662e+002  1.471320e+002  6.140319e+001  0.000000e+000  
-2.839230e+001  -7.310459e+001  -2.426353e+002  -2.256043e+002  -1.726617e+002  -1.014165e+002  -5.137524e+001  -4.867562e+000  6.647282e+001  1.809564e+002  2.756508e+002  3.064896e+002  3.186051e+002  1.142034e+002  4.782656e+001  0.000000e+000  
-2.132425e+001  -5.533773e+001  -1.862617e+002  -1.750606e+002  -1.369797e+002  -8.179715e+001  -4.138166e+001  -3.210037e+000  5.436549e+001  1.436788e+002  2.136922e+002  2.358503e+002  2.443240e+002  8.656371e+001  3.631968e+001  0.000000e+000  
-1.536080e+001  -4.008267e+001  -1.361497e+002  -1.288271e+002  -1.021708e+002  -6.161160e+001  -3.142834e+001  -2.779258e+000  4.051170e+001  1.067755e+002  1.569485e+002  1.725382e+002  1.783957e+002  6.278677e+001  2.639747e+001  0.000000e+000  
-1.016204e+001  -2.656377e+001  -9.050782e+001  -8.576765e+001  -6.812107e+001  -4.104631e+001  -2.151622e+001  -3.275720e+000  2.539881e+001  7.029842e+001  1.040550e+002  1.145144e+002  1.184513e+002  4.174859e+001  1.763717e+001  0.000000e+000  
-5.462580e+000  -1.417656e+001  -4.782996e+001  -4.483835e+001  -3.459013e+001  -2.018852e+001  -1.161736e+001  -4.438597e+000  9.382647e+000  3.412115e+001  5.375504e+001  6.002601e+001  6.249743e+001  2.253315e+001  9.669136e+000  0.000000e+000  
-1.045966e+000  -2.424162e+000  -6.798822e+000  -5.064775e+000  -1.256155e+000  9.456032e-001  -1.682145e+000  -6.035990e+000  -7.274919e+000  -1.997285e+000  4.871555e+000  7.508703e+000  8.783858e+000  4.361014e+000  2.163485e+000  0.000000e+000  
3.275659e+000  9.129075e+000  3.379290e+001  3.448545e+001  3.225212e+001  2.238570e+001  8.353611e+000  -7.854395e+000  -2.437150e+001  -3.836699e+001  -4.372492e+001  -4.449290e+001  -4.429931e+001  -1.346761e+001  -5.184853e+000  0.000000e+000  
7.678575e+000  2.089455e+001  7.511081e+001  7.473147e+001  6.633161e+001  4.418380e+001  1.856180e+001  -9.687742e+000  -4.173200e+001  -7.533226e+001  -9.314913e+001  -9.739417e+001  -9.830920e+001  -3.162139e+001  -1.267160e+001  0.000000e+000  
1.234309e+001  3.329245e+001  1.183426e+002  1.166086e+002  1.013847e+002  6.639176e+001  2.901518e+001  -1.132618e+001  -5.917727e+001  -1.132414e+002  -1.445341e+002  -1.526353e+002  -1.548312e+002  -5.078288e+001  -2.059889e+001  0.000000e+000  
1.746960e+001  4.678571e+001  1.647633e+002  1.610982e+002  1.377984e+002  8.903830e+001  3.978042e+001  -1.254466e+001  -7.649237e+001  -1.524158e+002  -1.990646e+002  -2.117470e+002  -2.155615e+002  -7.169471e+001  -2.929141e+001  0.000000e+000  
2.329698e+001  6.191974e+001  2.158072e+002  2.092575e+002  1.759191e+002  1.121043e+002  5.091088e+001  -1.309144e+001  -9.339264e+001  -1.931129e+002  -2.580107e+002  -2.764229e+002  -2.823985e+002  -9.521160e+001  -3.911307e+001  0.000000e+000  
3.012547e+001  7.937409e+001  2.731530e+002  2.622486e+002  2.160173e+002  1.354955e+002  6.243897e+001  -1.267666e+001  -1.094866e+002  -2.354767e+002  -3.227612e+002  -3.486036e+002  -3.575543e+002  -1.223636e+002  -5.048384e+001  0.000000e+000  
3.834617e+001  1.000348e+002  3.388311e+002  3.213626e+002  2.582378e+002  1.590112e+002  7.436811e+001  -1.096127e+001  -1.242344e+002  -2.794682e+002  -3.948529e+002  -4.305824e+002  -4.436979e+002  -1.544376e+002  -6.389579e+001  0.000000e+000  
4.847949e+001  1.251009e+002  4.153608e+002  3.880322e+002  3.025260e+002  1.823090e+002  8.666454e+001  -7.547213e+000  -1.369015e+002  -3.247656e+002  -4.759879e+002  -5.251436e+002  -5.441549e+002  -1.930866e+002  -7.992555e+001  0.000000e+000  
6.122339e+001  1.562477e+002  5.059352e+002  4.638133e+002  3.485219e+002  2.048663e+002  9.924945e+001  -1.969668e+000  -1.465089e+002  -3.706192e+002  -5.680177e+002  -6.357545e+002  -6.632038e+002  -2.404790e+002  -9.923738e+001  0.000000e+000  
7.750861e+001  1.958837e+002  6.146734e+002  5.503022e+002  3.954088e+002  2.259397e+002  1.119924e+002  6.306795e+000  -1.517823e+002  -4.156465e+002  -6.728460e+002  -7.668473e+002  -8.065503e+002  -2.995068e+002  -1.225659e+002  0.000000e+000  
9.854789e+001  2.475669e+002  7.469744e+002  6.489144e+002  4.417046e+002  2.445286e+002  1.247076e+002  1.788598e+001  -1.511067e+002  -4.575450e+002  -7.921420e+002  -9.242495e+002  -9.821520e+002  -3.740742e+002  -1.506579e+002  0.000000e+000  
1.258410e+002  3.166953e+002  9.100314e+002  7.603770e+002  4.849831e+002  2.593494e+002  1.371542e+002  3.342888e+001  -1.424999e+002  -4.927087e+002  -9.266236e+002  -1.115852e+003  -1.201788e+003  -4.694953e+002  -1.841369e+002  0.000000e+000  
1.610406e+002  4.116794e+002  1.113610e+003  8.836417e+002  5.215297e+002  2.688366e+002  1.490448e+002  5.363032e+001  -1.236223e+002  -5.157501e+002  -1.074390e+003  -1.352540e+003  -1.484354e+003  -5.930175e+002  -2.232272e+002  0.000000e+000  
2.054583e+002  5.459762e+002  1.371292e+003  1.013621e+003  5.459686e+002  2.711901e+002  1.600618e+002  7.918057e+001  -9.185410e+001  -5.189957e+002  -1.227233e+003  -1.648746e+003  -1.863588e+003  -7.544463e+002  -2.672335e+002  0.000000e+000  
2.587188e+002  7.416882e+002  1.702589e+003  1.136546e+003  5.509916e+002  2.644985e+002  1.698867e+002  1.107108e+002  -4.447993e+001  -4.921819e+002  -1.362965e+003  -2.018310e+003  -2.408450e+003  -9.666608e+002  -3.136028e+002  0.000000e+000  
3.154955e+002  1.036046e+003  2.136765e+003  1.220509e+003  5.275277e+002  2.469680e+002  1.782378e+002  1.487249e+002  2.098216e+001  -4.229310e+002  -1.431323e+003  -2.443437e+003  -3.284138e+003  -1.245197e+003  -3.563139e+002  0.000000e+000  
3.580547e+002  1.493268e+003  2.720171e+003  1.196230e+003  4.661514e+002  2.172754e+002  1.849153e+002  1.935271e+002  1.062964e+002  -2.992369e+002  -1.336619e+003  -2.713262e+003  -4.957045e+003  -1.603898e+003  -3.832498e+002  0.000000e+000  
3.448613e+002  1.247519e+003  1.933830e+003  1.124224e+003  4.746999e+002  2.186322e+002  1.687407e+002  1.581501e+002  5.395344e+001  -3.560316e+002  -1.309187e+003  -2.241627e+003  -2.929376e+003  -1.467353e+003  -3.753794e+002  0.000000e+000  
3.066066e+002  1.009843e+003  1.415750e+003  9.732603e+002  4.511973e+002  2.089188e+002  1.499394e+002  1.267529e+002  1.649179e+001  -3.688661e+002  -1.156371e+003  -1.708634e+003  -1.940358e+003  -1.250457e+003  -3.446571e+002  0.000000e+000  
2.571031e+002  7.946569e+002  1.048047e+003  7.996842e+002  4.034505e+002  1.893044e+002  1.287610e+002  9.914044e+001  -7.451866e+000  -3.473790e+002  -9.571074e+002  -1.276510e+003  -1.365860e+003  -1.017782e+003  -2.990037e+002  0.000000e+000  
2.039604e+002  6.037921e+002  7.680448e+002  6.259771e+002  3.385494e+002  1.613352e+002  1.055322e+002  7.492605e+001  -1.984253e+001  -3.011198e+002  -7.501239e+002  -9.368458e+002  -9.771484e+002  -7.919351e+002  -2.445866e+002  0.000000e+000  
1.508874e+002  4.340412e+002  5.407934e+002  4.595134e+002  2.620982e+002  1.267146e+002  8.063017e+001  5.357563e+001  -2.294223e+001  -2.379627e+002  -5.500417e+002  -6.598846e+002  -6.805568e+002  -5.790090e+002  -1.855394e+002  0.000000e+000  
9.927001e+001  2.804318e+002  3.454735e+002  3.011237e+002  1.782687e+002  8.716909e+001  5.446063e+001  3.445006e+001  -1.910904e+001  -1.639083e+002  -3.598908e+002  -4.217671e+002  -4.327577e+002  -3.784140e+002  -1.243387e+002  0.000000e+000  
4.918007e+001  1.375522e+002  1.685222e+002  1.489279e+002  9.012409e+001  4.438575e+001  2.744267e+001  1.684118e+001  -1.069249e+001  -8.343394e+001  -1.777887e+002  -2.058445e+002  -2.107343e+002  -1.868588e+002  -6.229512e+001  0.000000e+000  
0.000000e+000  0.000000e+000  0.000000e+000  0.000000e+000  0.000000e+000  0.000000e+000  0.000000e+000  0.000000e+000  0.000000e+000  0.000000e+000  0.000000e+000  0.000000e+000  0.000000e+000  0.000000e+000  0.000000e+000  0.000000e+000  

5.748947e+003  5.500728e+003  4.777131e+003  4.097284e+003  3.529316e+003  2.896880e+003  2.663901e+003  2.684901e+003  2.934798e+003  3.487948e+003  4.575519e+003  5.480580e+003  5.997246e+003  6.520088e+003  8.054770e+003  8.549942e+003  
5.766829e+003  5.517862e+003  4.779270e+003  4.075484e+003  3.502599e+003  2.879161e+003  2.650755e+003  2.672404e+003  2.919664e+003  3.465128e+003  4.538296e+003  5.449046e+003  5.980789e+003  6.522978e+003  8.072898e+003  8.565210e+003  
5.802648e+003  5.552981e+003  4.784753e+003  4.029822e+003  3.448527e+003  2.843885e+003  2.624602e+003  2.647529e+003  2.889571e+003  3.419726e+003  4.462981e+003  5.382426e+003  5.946013e+003  6.531690e+003  8.109750e+003  8.595510e+003  
5.856407e+003  5.607814e+003  4.796320e+003  3.955653e+003  3.365906e+003  2.791403e+003  2.585720e+003  2.610515e+003  2.844868e+003  3.352253e+003  4.347993e+003  5.272724e+003  5.887826e+003  6.553145e+003  8.166461e+003  8.640312e+003  
5.927850e+003  5.685006e+003  4.819021e+003  3.844560e+003  3.253181e+003  2.722293e+003  2.534525e+003  2.561711e+003  2.786076e+003  3.263550e+003  4.191445e+003  5.105711e+003  5.793856e+003  6.600900e+003  8.244559e+003  8.698676e+003  
6.016094e+003  5.788147e+003  4.861652e+003  3.682112e+003  3.108875e+003  2.637428e+003  2.471563e+003  2.501572e+003  2.713883e+003  3.154873e+003  3.991956e+003  4.858576e+003  5.633796e+003  6.700834e+003  8.345626e+003  8.769080e+003  
6.119077e+003  5.921712e+003  4.939327e+003  3.443878e+003  2.932460e+003  2.538044e+003  2.397509e+003  2.430650e+003  2.629133e+003  3.027981e+003  3.750149e+003  4.499026e+003  5.331158e+003  6.903386e+003  8.470549e+003  8.849210e+003  
6.232740e+003  6.090801e+003  5.077962e+003  3.088433e+003  2.726065e+003  2.425804e+003  2.313149e+003  2.349578e+003  2.532806e+003  2.885184e+003  3.471041e+003  3.993577e+003  4.687398e+003  7.310927e+003  8.617888e+003  8.935730e+003  
6.379183e+003  6.352794e+003  7.053675e+003  7.761189e+003  7.403222e+003  6.764239e+003  6.501793e+003  6.614626e+003  7.110140e+003  8.024098e+003  9.397108e+003  1.016734e+004  1.026678e+004  9.028467e+003  8.820898e+003  9.046277e+003  
6.529518e+003  6.532231e+003  6.833977e+003  7.246460e+003  7.086578e+003  6.585715e+003  6.366014e+003  6.483778e+003  6.954776e+003  7.796589e+003  8.968067e+003  9.438015e+003  9.381136e+003  8.920575e+003  8.984885e+003  9.168051e+003  
6.645500e+003  6.636012e+003  6.692757e+003  6.906431e+003  6.815938e+003  6.418346e+003  6.236912e+003  6.359135e+003  6.806574e+003  7.582484e+003  8.597444e+003  8.944432e+003  8.940093e+003  8.799498e+003  9.093248e+003  9.271637e+003  
6.729962e+003  6.696340e+003  6.598576e+003  6.672571e+003  6.593079e+003  6.265463e+003  6.116036e+003  6.241904e+003  6.667532e+003  7.386514e+003  8.291071e+003  8.608418e+003  8.674305e+003  8.692213e+003  9.163956e+003  9.355748e+003  
6.789258e+003  6.731239e+003  6.533372e+003  6.506187e+003  6.413032e+003  6.128774e+003  6.004633e+003  6.133166e+003  6.539239e+003  7.211165e+003  8.043352e+003  8.371814e+003  8.494331e+003  8.603706e+003  9.209664e+003  9.422070e+003  
6.829945e+003  6.751176e+003  6.486746e+003  6.384676e+003  6.269121e+003  6.008811e+003  5.903629e+003  6.033834e+003  6.422854e+003  7.057256e+003  7.845323e+003  8.199536e+003  8.364550e+003  8.532813e+003  9.239125e+003  9.473523e+003  
6.857648e+003  6.762490e+003  6.452708e+003  6.294386e+003  6.154989e+003  5.905363e+003  5.813666e+003  5.944646e+003  6.319149e+003  6.924525e+003  7.688153e+003  8.071086e+003  8.268008e+003  8.477043e+003  9.258384e+003  9.513323e+003  
6.876837e+003  6.769196e+003  6.427822e+003  6.226821e+003  6.065275e+003  5.817803e+003  5.735144e+003  5.866169e+003  6.228579e+003  6.812109e+003  7.564332e+003  7.974206e+003  8.195416e+003  8.434022e+003  9.271652e+003  9.544514e+003  
6.890921e+003  6.773947e+003  6.410128e+003  6.176554e+003  5.995715e+003  5.745320e+003  5.668284e+003  5.798817e+003  6.151358e+003  6.718864e+003  7.467878e+003  7.901261e+003  8.141178e+003  8.401841e+003  9.281897e+003  9.569771e+003  
6.902454e+003  6.778562e+003  6.398529e+003  6.140045e+003  5.943035e+003  5.687064e+003  5.613175e+003  5.742885e+003  6.087533e+003  6.643583e+003  7.394188e+003  7.847296e+003  8.101705e+003  8.379076e+003  9.291233e+003  9.591339e+003  
6.913322e+003  6.784324e+003  6.392427e+003  6.114950e+003  5.904775e+003  5.642233e+003  5.569827e+003  5.698570e+003  6.037050e+003  6.585120e+003  7.339783e+003  7.808992e+003  8.074611e+003  8.364696e+003  9.301185e+003  9.611043e+003  
6.924905e+003  6.792155e+003  6.391508e+003  6.099702e+003  5.879121e+003  5.610131e+003  5.538202e+003  5.666003e+003  5.999801e+003  6.542471e+003  7.302081e+003  7.784074e+003  8.058273e+003  8.357976e+003  9.312855e+003  9.630323e+003  
6.938200e+003  6.802716e+003  6.395621e+003  6.093255e+003  5.864764e+003  5.590184e+003  5.518251e+003  5.645276e+003  5.975668e+003  6.514800e+003  7.279199e+003  7.770975e+003  8.051581e+003  8.358412e+003  9.327035e+003  9.650285e+003  
6.953906e+003  6.816477e+003  6.404700e+003  6.094918e+003  5.860788e+003  5.581956e+003  5.509937e+003  5.636464e+003  5.964555e+003  6.501468e+003  7.269806e+003  7.768628e+003  8.053786e+003  8.365665e+003  9.344283e+003  9.671740e+003  
6.972489e+003  6.833750e+003  6.418721e+003  6.104255e+003  5.866592e+003  5.585150e+003  5.513247e+003  5.639641e+003  5.966408e+003  6.502032e+003  7.273015e+003  7.776336e+003  8.064400e+003  8.379513e+003  9.364967e+003  9.695244e+003  
6.994223e+003  6.854721e+003  6.437677e+003  6.121017e+003  5.881829e+003  5.599611e+003  5.528213e+003  5.654894e+003  5.981232e+003  6.516247e+003  7.288311e+003  7.793697e+003  8.083139e+003  8.399828e+003  9.389298e+003  9.721121e+003  
7.019211e+003  6.879456e+003  6.461562e+003  6.145111e+003  5.906375e+003  5.625321e+003  5.554912e+003  5.682335e+003  6.009105e+003  6.544071e+003  7.315507e+003  7.820554e+003  8.109892e+003  8.426550e+003  9.417348e+003  9.749484e+003  
7.047394e+003  6.907914e+003  6.490368e+003  6.176580e+003  5.940318e+003  5.662403e+003  5.593478e+003  5.722103e+003  6.050177e+003  6.585660e+003  7.354724e+003  7.856981e+003  8.144699e+003  8.459687e+003  9.449051e+003  9.780236e+003  
7.078551e+003  6.939938e+003  6.524080e+003  6.215611e+003  5.983954e+003  5.711123e+003  5.644095e+003  5.774365e+003  6.104676e+003  6.641377e+003  7.406402e+003  7.903287e+003  8.187765e+003  8.499317e+003  9.484207e+003  9.813068e+003  
7.112277e+003  6.975247e+003  6.562690e+003  6.262552e+003  6.037818e+003  5.771892e+003  5.707001e+003  5.839312e+003  6.172905e+003  6.711793e+003  7.471324e+003  7.960042e+003  8.239473e+003  8.545593e+003  9.522464e+003  9.847443e+003  
7.147954e+003  7.013417e+003  6.606207e+003  6.317959e+003  6.102725e+003  5.845273e+003  5.782476e+003  5.917151e+003  6.255229e+003  6.797696e+003  7.550677e+003  8.028139e+003  8.300430e+003  8.598773e+003  9.563299e+003  9.882571e+003  
7.184697e+003  7.053852e+003  6.654690e+003  6.382671e+003  6.179833e+003  5.931986e+003  5.870831e+003  6.008087e+003  6.352065e+003  6.900094e+003  7.646138e+003  8.108880e+003  8.371543e+003  8.659254e+003  9.605977e+003  9.917369e+003  
7.221279e+003  7.095730e+003  6.708299e+003  6.457928e+003  6.270746e+003  6.032905e+003  5.972395e+003  6.112311e+003  6.463854e+003  7.020213e+003  7.759998e+003  8.204131e+003  8.454124e+003  8.727626e+003  9.649492e+003  9.950409e+003  
7.256022e+003  7.137932e+003  6.767381e+003  6.545558e+003  6.377634e+003  6.149057e+003  6.087483e+003  6.229969e+003  6.591038e+003  7.159491e+003  7.895334e+003  8.316552e+003  8.550071e+003  8.804748e+003  9.692484e+003  9.979867e+003  
7.286649e+003  7.178916e+003  6.832618e+003  6.648265e+003  6.503403e+003  6.281593e+003  6.216371e+003  6.361141e+003  6.734010e+003  7.319537e+003  8.056227e+003  8.449975e+003  8.662157e+003  8.891853e+003  9.733102e+003  1.000345e+004  
7.310090e+003  7.216515e+003  6.905282e+003  6.770099e+003  6.651879e+003  6.431742e+003  6.359251e+003  6.505805e+003  6.893065e+003  7.502062e+003  8.248026e+003  8.610052e+003  8.794511e+003  8.990678e+003  9.768808e+003  1.001833e+004  
7.322242e+003  7.247598e+003  6.987666e+003  6.917223e+003  6.828013e+003  6.600719e+003  6.516179e+003  6.663802e+003  7.068329e+003  7.708751e+003  8.477630e+003  8.805390e+003  8.953519e+003  9.103598e+003  9.796071e+003  1.002116e+004  
7.317719e+003  7.267452e+003  7.083835e+003  7.099212e+003  7.038004e+003  6.789566e+003  6.687021e+003  6.834811e+003  7.259682e+003  7.941037e+003  8.753659e+003  9.049636e+003  9.149634e+003  9.233693e+003  9.809910e+003  1.000804e+004  
7.289687e+003  7.268671e+003  7.200926e+003  7.331313e+003  7.289196e+003  6.998911e+003  6.871385e+003  7.018315e+003  7.466671e+003  8.199758e+003  9.086261e+003  9.365351e+003  9.401596e+003  9.384510e+003  9.803189e+003  9.974778e+003  
7.230064e+003  7.239067e+003  7.351441e+003  7.638520e+003  7.589354e+003  7.228612e+003  7.068569e+003  7.213594e+003  7.688433e+003  8.484657e+003  9.485857e+003  9.790783e+003  9.747901e+003  9.558777e+003  9.765582e+003  9.917347e+003  
7.130715e+003  7.157686e+003  7.557286e+003  8.063107e+003  7.944485e+003  7.477302e+003  7.277519e+003  7.419725e+003  7.923646e+003  8.793756e+003  9.959444e+003  1.038915e+004  1.028297e+004  9.753768e+003  9.682088e+003  9.832907e+003  
6.987096e+003  6.987081e+003  7.856987e+003  8.678976e+003  8.353430e+003  7.741894e+003  7.496839e+003  7.635614e+003  8.170536e+003  9.122739e+003  1.050200e+004  1.124687e+004  1.128590e+004  9.945607e+003  9.531186e+003  9.721742e+003  
6.817512e+003  6.676470e+003  5.641242e+003  3.572974e+003  3.153198e+003  2.839537e+003  2.725780e+003  2.771416e+003  2.975619e+003  3.356790e+003  3.978633e+003  4.574693e+003  5.391562e+003  7.962900e+003  9.297162e+003  9.597989e+003  
6.661535e+003  6.456346e+003  5.485848e+003  4.068921e+003  3.498721e+003  3.062974e+003  2.909524e+003  2.951819e+003  3.182739e+003  3.635337e+003  4.439714e+003  5.286399e+003  6.144709e+003  7.511185e+003  9.103703e+003  9.480105e+003  
6.524077e+003  6.295013e+003  5.424820e+003  4.381074e+003  3.783625e+003  3.260021e+003  3.071775e+003  3.110909e+003  3.365975e+003  3.881734e+003  4.824215e+003  5.747498e+003  6.471365e+003  7.347578e+003  8.949247e+003  9.370737e+003  
6.411003e+003  6.179328e+003  5.407960e+003  4.587261e+003  4.008950e+003  3.427255e+003  3.210311e+003  3.246691e+003  3.522655e+003  4.091281e+003  5.129579e+003  6.047108e+003  6.651344e+003  7.301788e+003  8.832176e+003  9.275965e+003  
6.323354e+003  6.098492e+003  5.410120e+003  4.726923e+003  4.180124e+003  3.562545e+003  3.323289e+003  3.357444e+003  3.650564e+003  4.261004e+003  5.361630e+003  6.245510e+003  6.767777e+003  7.302640e+003  8.747116e+003  9.198963e+003  
6.259971e+003  6.044368e+003  5.418551e+003  4.820428e+003  4.302963e+003  3.664673e+003  3.409256e+003  3.441761e+003  3.747965e+003  4.389200e+003  5.527960e+003  6.376214e+003  6.846749e+003  7.318419e+003  8.688540e+003  9.141049e+003  
6.219054e+003  6.011255e+003  5.426756e+003  4.878406e+003  4.382196e+003  3.732996e+003  3.467147e+003  3.498573e+003  3.813586e+003  4.474986e+003  5.635097e+003  6.456555e+003  6.896993e+003  7.334395e+003  8.651998e+003  9.102543e+003  
6.199035e+003  5.995563e+003  5.431524e+003  4.906256e+003  4.421018e+003  3.767216e+003  3.496264e+003  3.527159e+003  3.846600e+003  4.517954e+003  5.687538e+003  6.495002e+003  6.921602e+003  7.343739e+003  8.634479e+003  9.083356e+003  
0.000000e+000  0.000000e+000  0.000000e+000  0.000000e+000  0.000000e+000  0.000000e+000  0.000000e+000  0.000000e+000  0.000000e+000  0.000000e+000  0.000000e+000  0.000000e+000  0.000000e+000  0.000000e+000  0.000000e+000  0.000000e+000  

0.000000e+000  0.000000e+000  0.000000e+000  0.000000e+000  0.000000e+000  0.000000e+000  0.000000e+000  0.000000e+000  0.000000e+000  0.000000e+000  0.000000e+000  0.000000e+000  0.000000e+000  0.000000e+000  0.000000e+000  0.000000e+000  
0.000000e+000  0.000000e+000  0.000000e+000  0.000000e+000  0.000000e+000  0.000000e+000  0.000000e+000  0.000000e+000  0.000000e+000  0.000000e+000  0.000000e+000  0.000000e+000  0.000000e+000  0.000000e+000  0.000000e+000  0.000000e+000  
0.000000e+000  0.000000e+000  0.000000e+000  0.000000e+000  0.000000e+000  0.000000e+000  0.000000e+000  0.000000e+000  0.000000e+000  0.000000e+000  0.000000e+000  0.000000e+000  0.000000e+000  0.000000e+000  0.000000e+000  0.000000e+000  
0.000000e+000  0.000000e+000  0.000000e+000  0.000000e+000  0.000000e+000  0.000000e+000  0.000000e+000  0.000000e+000  0.000000e+000  0.000000e+000  0.000000e+000  0.000000e+000  0.000000e+000  0.000000e+000  0.000000e+000  0.000000e+000  
0.000000e+000  0.000000e+000  0.000000e+000  0.000000e+000  0.000000e+000  0.000000e+000  0.000000e+000  0.000000e+000  0.000000e+000  0.000000e+000  0.000000e+000  0.000000e+000  0.000000e+000  0.000000e+000  0.000000e+000  0.000000e+000  
0.000000e+000  0.000000e+000  0.000000e+000  0.000000e+000  0.000000e+000  0.000000e+000  0.000000e+000  0.000000e+000  0.000000e+000  0.000000e+000  0.000000e+000  0.000000e+000  0.000000e+000  0.000000e+000  0.000000e+000  0.000000e+000  
0.000000e+000  0.000000e+000  0.000000e+000  0.000000e+000  0.000000e+000  0.000000e+000  0.000000e+000  0.000000e+000  0.000000e+000  0.000000e+000  0.000000e+000  0.000000e+000  0.000000e+000  0.000000e+000  0.000000e+000  0.000000e+000  
0.000000e+000  0.000000e+000  0.000000e+000  0.000000e+000  0.000000e+000  0.000000e+000  0.000000e+000  0.000000e+000  0.000000e+000  0.000000e+000  0.000000e+000  0.000000e+000  0.000000e+000  0.000000e+000  0.000000e+000  0.000000e+000  
0.000000e+000  0.000000e+000  0.000000e+000  0.000000e+000  0.000000e+000  0.000000e+000  0.000000e+000  0.000000e+000  0.000000e+000  0.000000e+000  0.000000e+000  0.000000e+000  0.000000e+000  0.000000e+000  0.000000e+000  0.000000e+000  
0.000000e+000  0.000000e+000  0.000000e+000  0.000000e+000  0.000000e+000  0.000000e+000  0.000000e+000  0.000000e+000  0.000000e+000  0.000000e+000  0.000000e+000  0.000000e+000  0.000000e+000  0.000000e+000  0.000000e+000  0.000000e+000  
0.000000e+000  0.000000e+000  0.000000e+000  0.000000e+000  0.000000e+000  0.000000e+000  0.000000e+000  0.000000e+000  0.000000e+000  0.000000e+000  0.000000e+000  0.000000e+000  0.000000e+000  0.000000e+000  0.000000e+000  0.000000e+000  
0.000000e+000  0.000000e+000  0.000000e+000  0.000000e+000  0.000000e+000  0.000000e+000  0.000000e+000  0.000000e+000  0.000000e+000  0.000000e+000  0.000000e+000  0.000000e+000  0.000000e+000  0.000000e+000  0.000000e+000  0.000000e+000  
0.000000e+000  0.000000e+000  0.000000e+000  0.000000e+000  0.000000e+000  0.000000e+000  0.000000e+000  0.000000e+000  0.000000e+000  0.000000e+000  0.000000e+000  0.000000e+000  0.000000e+000  0.000000e+000  0.000000e+000  0.000000e+000  
0.000000e+000  0.000000e+000  0.000000e+000  0.000000e+000  0.000000e+000  0.000000e+000  0.000000e+000  0.000000e+000  0.000000e+000  0.000000e+000  0.000000e+000  0.000000e+000  0.000000e+000  0.000000e+000  0.000000e+000  0.000000e+000  
0.000000e+000  0.000000e+000  0.000000e+000  0.000000e+000  0.000000e+000  0.000000e+000  0.000000e+000  0.000000e+000  0.000000e+000  0.000000e+000  0.000000e+000  0.000000e+000  0.000000e+000  0.000000e+000  0.000000e+000  0.000000e+000  
0.000000e+000  0.000000e+000  0.000000e+000  0.000000e+000  0.000000e+000  0.000000e+000  0.000000e+000  0.000000e+000  0.000000e+000  0.000000e+000  0.000000e+000  0.000000e+000  0.000000e+000  0.000000e+000  0.000000e+000  0.000000e+000  
0.000000e+000  0.000000e+000  0.000000e+000  0.000000e+000  0.000000e+000  0.000000e+000  0.000000e+000  0.000000e+000  0.000000e+000  0.000000e+000  0.000000e+000  0.000000e+000  0.000000e+000  0.000000e+000  0.000000e+000  0.000000e+000  
0.000000e+000  0.000000e+000  0.000000e+000  0.000000e+000  0.000000e+000  0.000000e+000  0.000000e+000  0.000000e+000  0.000000e+000  0.000000e+000  0.000000e+000  0.000000e+000  0.000000e+000  0.000000e+000  0.000000e+000  0.000000e+000  
0.000000e+000  0.000000e+000  0.000000e+000  0.000000e+000  0.000000e+000  0.000000e+000  0.000000e+000  0.000000e+000  0.000000e+000  0.000000e+000  0.000000e+000  0.000000e+000  0.000000e+000  0.000000e+000  0.000000e+000  0.000000e+000  
0.000000e+000  0.000000e+000  0.000000e+000  0.000000e+000  0.000000e+000  0.000000e+000  0.000000e+000  0.000000e+000  0.000000e+000  0.000000e+000  0.000000e+000  0.000000e+000  0.000000e+000  0.000000e+000  0.000000e+000  0.000000e+000  
0.000000e+000  0.000000e+000  0.000000e+000  0.000000e+000  0.000000e+000  0.000000e+000  0.000000e+000  0.000000e+000  0.000000e+000  0.000000e+000  0.000000e+000  0.000000e+000  0.000000e+000  0.000000e+000  0.000000e+000  0.000000e+000  
0.000000e+000  0.000000e+000  0.000000e+000  0.000000e+000  0.000000e+000  0.000000e+000  0.000000e+000  0.000000e+000  0.000000e+000  0.000000e+000  0.000000e+000  0.000000e+000  0.000000e+000  0.000000e+000  0.000000e+000  0.000000e+000  
0.000000e+000  0.000000e+000  0.000000e+000  0.000000e+000  0.000000e+000  0.000000e+000  0.000000e+000  0.000000e+000  0.000000e+000  0.000000e+000  0.000000e+000  0.000000e+000  0.000000e+000  0.000000e+000  0.000000e+000  0.000000e+000  
0.000000e+000  0.000000e+000  0.000000e+000  0.000000e+000  0.000000e+000  0.000000e+000  0.000000e+000  0.000000e+000  0.000000e+000  0.000000e+000  0.000000e+000  0.000000e+000  0.000000e+000  0.000000e+000  0.000000e+000  0.000000e+000  
0.000000e+000  0.000000e+000  0.000000e+000  0.000000e+000  0.000000e+000  0.000000e+000  0.000000e+000  0.000000e+000  0.000000e+000  0.000000e+000  0.000000e+000  0.000000e+000  0.000000e+000  0.000000e+000  0.000000e+000  0.000000e+000  
0.000000e+000  0.000000e+000  0.000000e+000  0.000000e+000  0.000000e+000  0.000000e+000  0.000000e+000  0.000000e+000  0.000000e+000  0.000000e+000  0.000000e+000  0.000000e+000  0.000000e+000  0.000000e+000  0.000000e+000  0.000000e+000  
0.000000e+000  0.000000e+000  0.000000e+000  0.000000e+000  0.000000e+000  0.000000e+000  0.000000e+000  0.000000e+000  0.000000e+000  0.000000e+000  0.000000e+000  0.000000e+000  0.000000e+000  0.000000e+000  0.000000e+000  0.000000e+000  
0.000000e+000  0.000000e+000  0.000000e+000  0.000000e+000  0.000000e+000  0.000000e+000  0.000000e+000  0.000000e+000  0.000000e+000  0.000000e+000  0.000000e+000  0.000000e+000  0.000000e+000  0.000000e+000  0.000000e+000  0.000000e+000  
0.000000e+000  0.000000e+000  0.000000e+000  0.000000e+000  0.000000e+000  0.000000e+000  0.000000e+000  0.000000e+000  0.000000e+000  0.000000e+000  0.000000e+000  0.000000e+000  0.000000e+000  0.000000e+000  0.000000e+000  0.000000e+000  
0.000000e+000  0.000000e+000  0.000000e+000  0.000000e+000  0.000000e+000  0.000000e+000  0.000000e+000  0.000000e+000  0.000000e+000  0.000000e+000  0.000000e+000  0.000000e+000  0.000000e+000  0.000000e+000  0.000000e+000  0.000000e+000  
0.000000e+000  0.000000e+000  0.000000e+000  0.000000e+000  0.000000e+000  0.000000e+000  0.000000e+000  0.000000e+000  0.000000e+000  0.000000e+000  0.000000e+000  0.000000e+000  0.000000e+000  0.000000e+000  0.000000e+000  0.000000e+000  
0.000000e+000  0.000000e+000  0.000000e+000  0.000000e+000  0.000000e+000  0.000000e+000  0.000000e+000  0.000000e+000  0.000000e+000  0.000000e+000  0.000000e+000  0.000000e+000  0.000000e+000  0.000000e+000  0.000000e+000  0.000000e+000  
0.000000e+000  0.000000e+000  0.000000e+000  0.000000e+000  0.000000e+000  0.000000e+000  0.000000e+000  0.000000e+000  0.000000e+000  0.000000e+000  0.000000e+000  0.000000e+000  0.000000e+000  0.000000e+000  0.000000e+000  0.000000e+000  
0.000000e+000  0.000000e+000  0.000000e+000  0.000000e+000  0.000000e+000  0.000000e+000  0.000000e+000  0.000000e+000  0.000000e+000  0.000000e+000  0.000000e+000  0.000000e+000  0.000000e+000  0.000000e+000  0.000000e+000  0.000000e+000  
0.000000e+000  0.000000e+000  0.000000e+000  0.000000e+000  0.000000e+000  0.000000e+000  0.000000e+000  0.000000e+000  0.000000e+000  0.000000e+000  0.000000e+000  0.000000e+000  0.000000e+000  0.000000e+000  0.000000e+000  0.000000e+000  
0.000000e+000  0.000000e+000  0.000000e+000  0.000000e+000  0.000000e+000  0.000000e+000  0.000000e+000  0.000000e+000  0.000000e+000  0.000000e+000  0.000000e+000  0.000000e+000  0.000000e+000  0.000000e+000  0.000000e+000  0.000000e+000  
0.000000e+000  0.000000e+000  0.000000e+000  0.000000e+000  0.000000e+000  0.000000e+000  0.000000e+000  0.000000e+000  0.000000e+000  0.000000e+000  0.000000e+000  0.000000e+000  0.000000e+000  0.000000e+000  0.000000e+000  0.000000e+000  
0.000000e+000  0.000000e+000  0.000000e+000  0.000000e+000  0.000000e+000  0.000000e+000  0.000000e+000  0.000000e+000  0.000000e+000  0.000000e+000  0.000000e+000  0.000000e+000  0.000000e+000  0.000000e+000  0.000000e+000  0.000000e+000  
0.000000e+000  0.000000e+000  0.000000e+000  0.000000e+000  0.000000e+000  0.000000e+000  0.000000e+000  0.000000e+000  0.000000e+000  0.000000e+000  0.000000e+000  0.000000e+000  0.000000e+000  0.000000e+000  0.000000e+000  0.000000e+000  
0.000000e+000  0.000000e+000  0.000000e+000  0.000000e+000  0.000000e+000  0.000000e+000  0.000000e+000  0.000000e+000  0.000000e+000  0.000000e+000  0.000000e+000  0.000000e+000  0.000000e+000  0.000000e+000  0.000000e+000  0.000000e+000  
0.000000e+000  0.000000e+000  0.000000e+000  0.000000e+000  0.000000e+000  0.000000e+000  0.000000e+000  0.000000e+000  0.000000e+000  0.000000e+000  0.000000e+000  0.000000e+000  0.000000e+000  0.000000e+000  0.000000e+000  0.000000e+000  
0.000000e+000  0.000000e+000  0.000000e+000  0.000000e+000  0.000000e+000  0.000000e+000  0.000000e+000  0.000000e+000  0.000000e+000  0.000000e+000  0.000000e+000  0.000000e+000  0.000000e+000  0.000000e+000  0.000000e+000  0.000000e+000  
0.000000e+000  0.000000e+000  0.000000e+000  0.000000e+000  0.000000e+000  0.000000e+000  0.000000e+000  0.000000e+000  0.000000e+000  0.000000e+000  0.000000e+000  0.000000e+000  0.000000e+000  0.000000e+000  0.000000e+000  0.000000e+000  
0.000000e+000  0.000000e+000  0.000000e+000  0.000000e+000  0.000000e+000  0.000000e+000  0.000000e+000  0.000000e+000  0.000000e+000  0.000000e+000  0.000000e+000  0.000000e+000  0.000000e+000  0.000000e+000  0.000000e+000  0.000000e+000  
0.000000e+000  0.000000e+000  0.000000e+000  0.000000e+000  0.000000e+000  0.000000e+000  0.000000e+000  0.000000e+000  0.000000e+000  0.000000e+000  0.000000e+000  0.000000e+000  0.000000e+000  0.000000e+000  0.000000e+000  0.000000e+000  
0.000000e+000  0.000000e+000  0.000000e+000  0.000000e+000  0.000000e+000  0.000000e+000  0.000000e+000  0.000000e+000  0.000000e+000  0.000000e+000  0.000000e+000  0.000000e+000  0.000000e+000  0.000000e+000  0.000000e+000  0.000000e+000  
0.000000e+000  0.000000e+000  0.000000e+000  0.000000e+000  0.000000e+000  0.000000e+000  0.000000e+000  0.000000e+000  0.000000e+000  0.000000e+000  0.000000e+000  0.000000e+000  0.000000e+000  0.000000e+000  0.000000e+000  0.000000e+000  
0.000000e+000  0.000000e+000  0.000000e+000  0.000000e+000  0.000000e+000  0.000000e+000  0.000000e+000  0.000000e+000  0.000000e+000  0.000000e+000  0.000000e+000  0.000000e+000  0.000000e+000  0.000000e+000  0.000000e+000  0.000000e+000  
0.000000e+000  0.000000e+000  0.000000e+000  0.000000e+000  0.000000e+000  0.000000e+000  0.000000e+000  0.000000e+000  0.000000e+000  0.000000e+000  0.000000e+000  0.000000e+000  0.000000e+000  0.000000e+000  0.000000e+000  0.000000e+000  

0.000000e+000  0.000000e+000  0.000000e+000  0.000000e+000  0.000000e+000  0.000000e+000  0.000000e+000  0.000000e+000  0.000000e+000  0.000000e+000  0.000000e+000  0.000000e+000  0.000000e+000  0.000000e+000  0.000000e+000  0.000000e+000  
0.000000e+000  0.000000e+000  0.000000e+000  0.000000e+000  0.000000e+000  0.000000e+000  0.000000e+000  0.000000e+000  0.000000e+000  0.000000e+000  0.000000e+000  0.000000e+000  0.000000e+000  0.000000e+000  0.000000e+000  0.000000e+000  
0.000000e+000  0.000000e+000  0.000000e+000  0.000000e+000  0.000000e+000  0.000000e+000  0.000000e+000  0.000000e+000  0.000000e+000  0.000000e+000  0.000000e+000  0.000000e+000  0.000000e+000  0.000000e+000  0.000000e+000  0.000000e+000  
0.000000e+000  0.000000e+000  0.000000e+000  0.000000e+000  0.000000e+000  0.000000e+000  0.000000e+000  0.000000e+000  0.000000e+000  0.000000e+000  0.000000e+000  0.000000e+000  0.000000e+000  0.000000e+000  0.000000e+000  0.000000e+000  
0.000000e+000  0.000000e+000  0.000000e+000  0.000000e+000  0.000000e+000  0.000000e+000  0.000000e+000  0.000000e+000  0.000000e+000  0.000000e+000  0.000000e+000  0.000000e+000  0.000000e+000  0.000000e+000  0.000000e+000  0.000000e+000  
0.000000e+000  0.000000e+000  0.000000e+000  0.000000e+000  0.000000e+000  0.000000e+000  0.000000e+000  0.000000e+000  0.000000e+000  0.000000e+000  0.000000e+000  0.000000e+000  0.000000e+000  0.000000e+000  0.000000e+000  0.000000e+000  
0.000000e+000  0.000000e+000  0.000000e+000  0.000000e+000  0.000000e+000  0.000000e+000  0.000000e+000  0.000000e+000  0.000000e+000  0.000000e+000  0.000000e+000  0.000000e+000  0.000000e+000  0.000000e+000  0.000000e+000  0.000000e+000  
0.000000e+000  0.000000e+000  0.000000e+000  0.000000e+000  0.000000e+000  0.000000e+000  0.000000e+000  0.000000e+000  0.000000e+000  0.000000e+000  0.000000e+000  0.000000e+000  0.000000e+000  0.000000e+000  0.000000e+000  0.000000e+000  
0.000000e+000  0.000000e+000  0.000000e+000  0.000000e+000  0.000000e+000  0.000000e+000  0.000000e+000  0.000000e+000  0.000000e+000  0.000000e+000  0.000000e+000  0.000000e+000  0.000000e+000  0.000000e+000  0.000000e+000  0.000000e+000  
0.000000e+000  0.000000e+000  0.000000e+000  0.000000e+000  0.000000e+000  0.000000e+000  0.000000e+000  0.000000e+000  0.000000e+000  0.000000e+000  0.000000e+000  0.000000e+000  0.000000e+000  0.000000e+000  0.000000e+000  0.000000e+000  
0.000000e+000  0.000000e+000  0.000000e+000  0.000000e+000  0.000000e+000  0.000000e+000  0.000000e+000  0.000000e+000  0.000000e+000  0.000000e+000  0.000000e+000  0.000000e+000  0.000000e+000  0.000000e+000  0.000000e+000  0.000000e+000  
0.000000e+000  0.000000e+000  0.000000e+000  0.000000e+000  0.000000e+000  0.000000e+000  0.000000e+000  0.000000e+000  0.000000e+000  0.000000e+000  0.000000e+000  0.000000e+000  0.000000e+000  0.000000e+000  0.000000e+000  0.000000e+000  
0.000000e+000  0.000000e+000  0.000000e+000  0.000000e+000  0.000000e+000  0.000000e+000  0.000000e+000  0.000000e+000  0.000000e+000  0.000000e+000  0.000000e+000  0.000000e+000  0.000000e+000  0.000000e+000  0.000000e+000  0.000000e+000  
0.000000e+000  0.000000e+000  0.000000e+000  0.000000e+000  0.000000e+000  0.000000e+000  0.000000e+000  0.000000e+000  0.000000e+000  0.000000e+000  0.000000e+000  0.000000e+000  0.000000e+000  0.000000e+000  0.000000e+000  0.000000e+000  
0.000000e+000  0.000000e+000  0.000000e+000  0.000000e+000  0.000000e+000  0.000000e+000  0.000000e+000  0.000000e+000  0.000000e+000  0.000000e+000  0.000000e+000  0.000000e+000  0.000000e+000  0.000000e+000  0.000000e+000  0.000000e+000  
0.000000e+000  0.000000e+000  0.000000e+000  0.000000e+000  0.000000e+000  0.000000e+000  0.000000e+000  0.000000e+000  0.000000e+000  0.000000e+000  0.000000e+000  0.000000e+000  0.000000e+000  0.000000e+000  0.000000e+000  0.000000e+000  
0.000000e+000  0.000000e+000  0.000000e+000  0.000000e+000  0.000000e+000  0.000000e+000  0.000000e+000  0.000000e+000  0.000000e+000  0.000000e+000  0.000000e+000  0.000000e+000  0.000000e+000  0.000000e+000  0.000000e+000  0.000000e+000  
0.000000e+000  0.000000e+000  0.000000e+000  0.000000e+000  0.000000e+000  0.000000e+000  0.000000e+000  0.000000e+000  0.000000e+000  0.000000e+000  0.000000e+000  0.000000e+000  0.000000e+000  0.000000e+000  0.000000e+000  0.000000e+000  
0.000000e+000  0.000000e+000  0.000000e+000  0.000000e+000  0.000000e+000  0.000000e+000  0.000000e+000  0.000000e+000  0.000000e+000  0.000000e+000  0.000000e+000  0.000000e+000  0.000000e+000  0.000000e+000  0.000000e+000  0.000000e+000  
0.000000e+000  0.000000e+000  0.000000e+000  0.000000e+000  0.000000e+000  0.000000e+000  0.000000e+000  0.000000e+000  0.000000e+000  0.000000e+000  0.000000e+000  0.000000e+000  0.000000e+000  0.000000e+000  0.000000e+000  0.000000e+000  
0.000000e+000  0.000000e+000  0.000000e+000  0.000000e+000  0.000000e+000  0.000000e+000  0.000000e+000  0.000000e+000  0.000000e+000  0.000000e+000  0.000000e+000  0.000000e+000  0.000000e+000  0.000000e+000  0.000000e+000  0.000000e+000  
0.000000e+000  0.000000e+000  0.000000e+000  0.000000e+000  0.000000e+000  0.000000e+000  0.000000e+000  0.000000e+000  0.000000e+000  0.000000e+000  0.000000e+000  0.000000e+000  0.000000e+000  0.000000e+000  0.000000e+000  0.000000e+000  
0.000000e+000  0.000000e+000  0.000000e+000  0.000000e+000  0.000000e+000  0.000000e+000  0.000000e+000  0.000000e+000  0.000000e+000  0.000000e+000  0.000000e+000  0.000000e+000  0.000000e+000  0.000000e+000  0.000000e+000  0.000000e+000  
0.000000e+000  0.000000e+000  0.000000e+000  0.000000e+000  0.000000e+000  0.000000e+000  0.000000e+000  0.000000e+000  0.000000e+000  0.000000e+000  0.000000e+000  0.000000e+000  0.000000e+000  0.000000e+000  0.000000e+000  0.000000e+000  
0.000000e+000  0.000000e+000  0.000000e+000  0.000000e+000  0.000000e+000  0.000000e+000  0.000000e+000  0.000000e+000  0.000000e+000  0.000000e+000  0.000000e+000  0.000000e+000  0.000000e+000  0.000000e+000  0.000000e+000  0.000000e+000  
0.000000e+000  0.000000e+000  0.000000e+000  0.000000e+000  0.000000e+000  0.000000e+000  0.000000e+000  0.000000e+000  0.000000e+000  0.000000e+000  0.000000e+000  0.000000e+000  0.000000e+000  0.000000e+000  0.000000e+000  0.000000e+000  
0.000000e+000  0.000000e+000  0.000000e+000  0.000000e+000  0.000000e+000  0.000000e+000  0.000000e+000  0.000000e+000  0.000000e+000  0.000000e+000  0.000000e+000  0.000000e+000  0.000000e+000  0.000000e+000  0.000000e+000  0.000000e+000  
0.000000e+000  0.000000e+000  0.000000e+000  0.000000e+000  0.000000e+000  0.000000e+000  0.000000e+000  0.000000e+000  0.000000e+000  0.000000e+000  0.000000e+000  0.000000e+000  0.000000e+000  0.000000e+000  0.000000e+000  0.000000e+000  
0.000000e+000  0.000000e+000  0.000000e+000  0.000000e+000  0.000000e+000  0.000000e+000  0.000000e+000  0.000000e+000  0.000000e+000  0.000000e+000  0.000000e+000  0.000000e+000  0.000000e+000  0.000000e+000  0.000000e+000  0.000000e+000  
0.000000e+000  0.000000e+000  0.000000e+000  0.000000e+000  0.000000e+000  0.000000e+000  0.000000e+000  0.000000e+000  0.000000e+000  0.000000e+000  0.000000e+000  0.000000e+000  0.000000e+000  0.000000e+000  0.000000e+000  0.000000e+000  
0.000000e+000  0.000000e+000  0.000000e+000  0.000000e+000  0.000000e+000  0.000000e+000  0.000000e+000  0.000000e+000  0.000000e+000  0.000000e+000  0.000000e+000  0.000000e+000  0.000000e+000  0.000000e+000  0.000000e+000  0.000000e+000  
0.000000e+000  0.000000e+000  0.000000e+000  0.000000e+000  0.000000e+000  0.000000e+000  0.000000e+000  0.000000e+000  0.000000e+000  0.000000e+000  0.000000e+000  0.000000e+000  0.000000e+000  0.000000e+000  0.000000e+000  0.000000e+000  
0.000000e+000  0.000000e+000  0.000000e+000  0.000000e+000  0.000000e+000  0.000000e+000  0.000000e+000  0.000000e+000  0.000000e+000  0.000000e+000  0.000000e+000  0.000000e+000  0.000000e+000  0.000000e+000  0.000000e+000  0.000000e+000  
0.000000e+000  0.000000e+000  0.000000e+000  0.000000e+000  0.000000e+000  0.000000e+000  0.000000e+000  0.000000e+000  0.000000e+000  0.000000e+000  0.000000e+000  0.000000e+000  0.000000e+000  0.000000e+000  0.000000e+000  0.000000e+000  
0.000000e+000  0.000000e+000  0.000000e+000  0.000000e+000  0.000000e+000  0.000000e+000  0.000000e+000  0.000000e+000  0.000000e+000  0.000000e+000  0.000000e+000  0.000000e+000  0.000000e+000  0.000000e+000  0.000000e+000  0.000000e+000  
0.000000e+000  0.000000e+000  0.000000e+000  0.000000e+000  0.000000e+000  0.000000e+000  0.000000e+000  0.000000e+000  0.000000e+000  0.000000e+000  0.000000e+000  0.000000e+000  0.000000e+000  0.000000e+000  0.000000e+000  0.000000e+000  
0.000000e+000  0.000000e+000  0.000000e+000  0.000000e+000  0.000000e+000  0.000000e+000  0.000000e+000  0.000000e+000  0.000000e+000  0.000000e+000  0.000000e+000  0.000000e+000  0.000000e+000  0.000000e+000  0.000000e+000  0.000000e+000  
0.000000e+000  0.000000e+000  0.000000e+000  0.000000e+000  0.000000e+000  0.000000e+000  0.000000e+000  0.000000e+000  0.000000e+000  0.000000e+000  0.000000e+000  0.000000e+000  0.000000e+000  0.000000e+000  0.000000e+000  0.000000e+000  
0.000000e+000  0.000000e+000  0.000000e+000  0.000000e+000  0.000000e+000  0.000000e+000  0.000000e+000  0.000000e+000  0.000000e+000  0.000000e+000  0.000000e+000  0.000000e+000  0.000000e+000  0.000000e+000  0.000000e+000  0.000000e+000  
0.000000e+000  0.000000e+000  0.000000e+000  0.000000e+000  0.000000e+000  0.000000e+000  0.000000e+000  0.000000e+000  0.000000e+000  0.000000e+000  0.000000e+000  0.000000e+000  0.000000e+000  0.000000e+000  0.000000e+000  0.000000e+000  
0.000000e+000  0.000000e+000  0.000000e+000  0.000000e+000  0.000000e+000  0.000000e+000  0.000000e+000  0.000000e+000  0.000000e+000  0.000000e+000  0.000000e+000  0.000000e+000  0.000000e+000  0.000000e+000  0.000000e+000  0.000000e+000  
0.000000e+000  0.000000e+000  0.000000e+000  0.000000e+000  0.000000e+000  0.000000e+000  0.000000e+000  0.000000e+000  0.000000e+000  0.000000e+000  0.000000e+000  0.000000e+000  0.000000e+000  0.000000e+000  0.000000e+000  0.000000e+000  
0.000000e+000  0.000000e+000  0.000000e+000  0.000000e+000  0.000000e+000  0.000000e+000  0.000000e+000  0.000000e+000  0.000000e+000  0.000000e+000  0.000000e+000  0.000000e+000  0.000000e+000  0.000000e+000  0.000000e+000  0.000000e+000  
0.000000e+000  0.000000e+000  0.000000e+000  0.000000e+000  0.000000e+000  0.000000e+000  0.000000e+000  0.000000e+000  0.000000e+000  0.000000e+000  0.000000e+000  0.000000e+000  0.000000e+000  0.000000e+000  0.000000e+000  0.000000e+000  
0.000000e+000  0.000000e+000  0.000000e+000  0.000000e+000  0.000000e+000  0.000000e+000  0.000000e+000  0.000000e+000  0.000000e+000  0.000000e+000  0.000000e+000  0.000000e+000  0.000000e+000  0.000000e+000  0.000000e+000  0.000000e+000  
0.000000e+000  0.000000e+000  0.000000e+000  0.000000e+000  0.000000e+000  0.000000e+000  0.000000e+000  0.000000e+000  0.000000e+000  0.000000e+000  0.000000e+000  0.000000e+000  0.000000e+000  0.000000e+000  0.000000e+000  0.000000e+000  
0.000000e+000  0.000000e+000  0.000000e+000  0.000000e+000  0.000000e+000  0.000000e+000  0.000000e+000  0.000000e+000  0.000000e+000  0.000000e+000  0.000000e+000  0.000000e+000  0.000000e+000  0.000000e+000  0.000000e+000  0.000000e+000  
0.000000e+000  0.000000e+000  0.000000e+000  0.000000e+000  0.000000e+000  0.000000e+000  0.000000e+000  0.000000e+000  0.000000e+000  0.000000e+000  0.000000e+000  0.000000e+000  0.000000e+000  0.000000e+000  0.000000e+000  0.000000e+000  
0.000000e+000  0.000000e+000  0.000000e+000  0.000000e+000  0.000000e+000  0.000000e+000  0.000000e+000  0.000000e+000  0.000000e+000  0.000000e+000  0.000000e+000  0.000000e+000  0.000000e+000  0.000000e+000  0.000000e+000  0.000000e+000  

0.000000e+000  0.000000e+000  0.000000e+000  0.000000e+000  0.000000e+000  0.000000e+000  0.000000e+000  0.000000e+000  0.000000e+000  0.000000e+000  0.000000e+000  0.000000e+000  0.000000e+000  0.000000e+000  0.000000e+000  0.000000e+000  
0.000000e+000  0.000000e+000  0.000000e+000  0.000000e+000  0.000000e+000  0.000000e+000  0.000000e+000  0.000000e+000  0.000000e+000  0.000000e+000  0.000000e+000  0.000000e+000  0.000000e+000  0.000000e+000  0.000000e+000  0.000000e+000  
0.000000e+000  0.000000e+000  0.000000e+000  0.000000e+000  0.000000e+000  0.000000e+000  0.000000e+000  0.000000e+000  0.000000e+000  0.000000e+000  0.000000e+000  0.000000e+000  0.000000e+000  0.000000e+000  0.000000e+000  0.000000e+000  
0.000000e+000  0.000000e+000  0.000000e+000  0.000000e+000  0.000000e+000  0.000000e+000  0.000000e+000  0.000000e+000  0.000000e+000  0.000000e+000  0.000000e+000  0.000000e+000  0.000000e+000  0.000000e+000  0.000000e+000  0.000000e+000  
0.000000e+000  0.000000e+000  0.000000e+000  0.000000e+000  0.000000e+000  0.000000e+000  0.000000e+000  0.000000e+000  0.000000e+000  0.000000e+000  0.000000e+000  0.000000e+000  0.000000e+000  0.000000e+000  0.000000e+000  0.000000e+000  
0.000000e+000  0.000000e+000  0.000000e+000  0.000000e+000  0.000000e+000  0.000000e+000  0.000000e+000  0.000000e+000  0.000000e+000  0.000000e+000  0.000000e+000  0.000000e+000  0.000000e+000  0.000000e+000  0.000000e+000  0.000000e+000  
0.000000e+000  0.000000e+000  0.000000e+000  0.000000e+000  0.000000e+000  0.000000e+000  0.000000e+000  0.000000e+000  0.000000e+000  0.000000e+000  0.000000e+000  0.000000e+000  0.000000e+000  0.000000e+000  0.000000e+000  0.000000e+000  
0.000000e+000  0.000000e+000  0.000000e+000  0.000000e+000  0.000000e+000  0.000000e+000  0.000000e+000  0.000000e+000  0.000000e+000  0.000000e+000  0.000000e+000  0.000000e+000  0.000000e+000  0.000000e+000  0.000000e+000  0.000000e+000  
0.000000e+000  0.000000e+000  0.000000e+000  0.000000e+000  0.000000e+000  0.000000e+000  0.000000e+000  0.000000e+000  0.000000e+000  0.000000e+000  0.000000e+000  0.000000e+000  0.000000e+000  0.000000e+000  0.000000e+000  0.000000e+000  
0.000000e+000  0.000000e+000  0.000000e+000  0.000000e+000  0.000000e+000  0.000000e+000  0.000000e+000  0.000000e+000  0.000000e+000  0.000000e+000  0.000000e+000  0.000000e+000  0.000000e+000  0.000000e+000  0.000000e+000  0.000000e+000  
0.000000e+000  0.000000e+000  0.000000e+000  0.000000e+000  0.000000e+000  0.000000e+000  0.000000e+000  0.000000e+000  0.000000e+000  0.000000e+000  0.000000e+000  0.000000e+000  0.000000e+000  0.000000e+000  0.000000e+000  0.000000e+000  
0.000000e+000  0.000000e+000  0.000000e+000  0.000000e+000  0.000000e+000  0.000000e+000  0.000000e+000  0.000000e+000  0.000000e+000  0.000000e+000  0.000000e+000  0.000000e+000  0.000000e+000  0.000000e+000  0.000000e+000  0.000000e+000  
0.000000e+000  0.000000e+000  0.000000e+000  0.000000e+000  0.000000e+000  0.000000e+000  0.000000e+000  0.000000e+000  0.000000e+000  0.000000e+000  0.000000e+000  0.000000e+000  0.000000e+000  0.000000e+000  0.000000e+000  0.000000e+000  
0.000000e+000  0.000000e+000  0.000000e+000  0.000000e+000  0.000000e+000  0.000000e+000  0.000000e+000  0.000000e+000  0.000000e+000  0.000000e+000  0.000000e+000  0.000000e+000  0.000000e+000  0.000000e+000  0.000000e+000  0.000000e+000  
0.000000e+000  0.000000e+000  0.000000e+000  0.000000e+000  0.000000e+000  0.000000e+000  0.000000e+000  0.000000e+000  0.000000e+000  0.000000e+000  0.000000e+000  0.000000e+000  0.000000e+000  0.000000e+000  0.000000e+000  0.000000e+000  
0.000000e+000  0.000000e+000  0.000000e+000  0.000000e+000  0.000000e+000  0.000000e+000  0.000000e+000  0.000000e+000  0.000000e+000  0.000000e+000  0.000000e+000  0.000000e+000  0.000000e+000  0.000000e+000  0.000000e+000  0.000000e+000  
0.000000e+000  0.000000e+000  0.000000e+000  0.000000e+000  0.000000e+000  0.000000e+000  0.000000e+000  0.000000e+000  0.000000e+000  0.000000e+000  0.000000e+000  0.000000e+000  0.000000e+000  0.000000e+000  0.000000e+000  0.000000e+000  
0.000000e+000  0.000000e+000  0.000000e+000  0.000000e+000  0.000000e+000  0.000000e+000  0.000000e+000  0.000000e+000  0.000000e+000  0.000000e+000  0.000000e+000  0.000000e+000  0.000000e+000  0.000000e+000  0.000000e+000  0.000000e+000  
0.000000e+000  0.000000e+000  0.000000e+000  0.000000e+000  0.000000e+000  0.000000e+000  0.000000e+000  0.000000e+000  0.000000e+000  0.000000e+000  0.000000e+000  0.000000e+000  0.000000e+000  0.000000e+000  0.000000e+000  0.000000e+000  
0.000000e+000  0.000000e+000  0.000000e+000  0.000000e+000  0.000000e+000  0.000000e+000  0.000000e+000  0.000000e+000  0.000000e+000  0.000000e+000  0.000000e+000  0.000000e+000  0.000000e+000  0.000000e+000  0.000000e+000  0.000000e+000  
0.000000e+000  0.000000e+000  0.000000e+000  0.000000e+000  0.000000e+000  0.000000e+000  0.000000e+000  0.000000e+000  0.000000e+000  0.000000e+000  0.000000e+000  0.000000e+000  0.000000e+000  0.000000e+000  0.000000e+000  0.000000e+000  
0.000000e+000  0.000000e+000  0.000000e+000  0.000000e+000  0.000000e+000  0.000000e+000  0.000000e+000  0.000000e+000  0.000000e+000  0.000000e+000  0.000000e+000  0.000000e+000  0.000000e+000  0.000000e+000  0.000000e+000  0.000000e+000  
0.000000e+000  0.000000e+000  0.000000e+000  0.000000e+000  0.000000e+000  0.000000e+000  0.000000e+000  0.000000e+000  0.000000e+000  0.000000e+000  0.000000e+000  0.000000e+000  0.000000e+000  0.000000e+000  0.000000e+000  0.000000e+000  
0.000000e+000  0.000000e+000  0.000000e+000  0.000000e+000  0.000000e+000  0.000000e+000  0.000000e+000  0.000000e+000  0.000000e+000  0.000000e+000  0.000000e+000  0.000000e+000  0.000000e+000  0.000000e+000  0.000000e+000  0.000000e+000  
0.000000e+000  0.000000e+000  0.000000e+000  0.000000e+000  0.000000e+000  0.000000e+000  0.000000e+000  0.000000e+000  0.000000e+000  0.000000e+000  0.000000e+000  0.000000e+000  0.000000e+000  0.000000e+000  0.000000e+000  0.000000e+000  
0.000000e+000  0.000000e+000  0.000000e+000  0.000000e+000  0.000000e+000  0.000000e+000  0.000000e+000  0.000000e+000  0.000000e+000  0.000000e+000  0.000000e+000  0.000000e+000  0.000000e+000  0.000000e+000  0.000000e+000  0.000000e+000  
0.000000e+000  0.000000e+000  0.000000e+000  0.000000e+000  0.000000e+000  0.000000e+000  0.000000e+000  0.000000e+000  0.000000e+000  0.000000e+000  0.000000e+000  0.000000e+000  0.000000e+000  0.000000e+000  0.000000e+000  0.000000e+000  
0.000000e+000  0.000000e+000  0.000000e+000  0.000000e+000  0.000000e+000  0.000000e+000  0.000000e+000  0.000000e+000  0.000000e+000  0.000000e+000  0.000000e+000  0.000000e+000  0.000000e+000  0.000000e+000  0.000000e+000  0.000000e+000  
0.000000e+000  0.000000e+000  0.000000e+000  0.000000e+000  0.000000e+000  0.000000e+000  0.000000e+000  0.000000e+000  0.000000e+000  0.000000e+000  0.000000e+000  0.000000e+000  0.000000e+000  0.000000e+000  0.000000e+000  0.000000e+000  
0.000000e+000  0.000000e+000  0.000000e+000  0.000000e+000  0.000000e+000  0.000000e+000  0.000000e+000  0.000000e+000  0.000000e+000  0.000000e+000  0.000000e+000  0.000000e+000  0.000000e+000  0.000000e+000  0.000000e+000  0.000000e+000  
0.000000e+000  0.000000e+000  0.000000e+000  0.000000e+000  0.000000e+000  0.000000e+000  0.000000e+000  0.000000e+000  0.000000e+000  0.000000e+000  0.000000e+000  0.000000e+000  0.000000e+000  0.000000e+000  0.000000e+000  0.000000e+000  
0.000000e+000  0.000000e+000  0.000000e+000  0.000000e+000  0.000000e+000  0.000000e+000  0.000000e+000  0.000000e+000  0.000000e+000  0.000000e+000  0.000000e+000  0.000000e+000  0.000000e+000  0.000000e+000  0.000000e+000  0.000000e+000  
0.000000e+000  0.000000e+000  0.000000e+000  0.000000e+000  0.000000e+000  0.000000e+000  0.000000e+000  0.000000e+000  0.000000e+000  0.000000e+000  0.000000e+000  0.000000e+000  0.000000e+000  0.000000e+000  0.000000e+000  0.000000e+000  
0.000000e+000  0.000000e+000  0.000000e+000  0.000000e+000  0.000000e+000  0.000000e+000  0.000000e+000  0.000000e+000  0.000000e+000  0.000000e+000  0.000000e+000  0.000000e+000  0.000000e+000  0.000000e+000  0.000000e+000  0.000000e+000  
0.000000e+000  0.000000e+000  0.000000e+000  0.000000e+000  0.000000e+000  0.000000e+000  0.000000e+000  0.000000e+000  0.000000e+000  0.000000e+000  0.000000e+000  0.000000e+000  0.000000e+000  0.000000e+000  0.000000e+000  0.000000e+000  
0.000000e+000  0.000000e+000  0.000000e+000  0.000000e+000  0.000000e+000  0.000000e+000  0.000000e+000  0.000000e+000  0.000000e+000  0.000000e+000  0.000000e+000  0.000000e+000  0.000000e+000  0.000000e+000  0.000000e+000  0.000000e+000  
0.000000e+000  0.000000e+000  0.000000e+000  0.000000e+000  0.000000e+000  0.000000e+000  0.000000e+000  0.000000e+000  0.000000e+000  0.000000e+000  0.000000e+000  0.000000e+000  0.000000e+000  0.000000e+000  0.000000e+000  0.000000e+000  
0.000000e+000  0.000000e+000  0.000000e+000  0.000000e+000  0.000000e+000  0.000000e+000  0.000000e+000  0.000000e+000  0.000000e+000  0.000000e+000  0.000000e+000  0.000000e+000  0.000000e+000  0.000000e+000  0.000000e+000  0.000000e+000  
0.000000e+000  0.000000e+000  0.000000e+000  0.000000e+000  0.000000e+000  0.000000e+000  0.000000e+000  0.000000e+000  0.000000e+000  0.000000e+000  0.000000e+000  0.000000e+000  0.000000e+000  0.000000e+000  0.000000e+000  0.000000e+000  
0.000000e+000  0.000000e+000  0.000000e+000  0.000000e+000  0.000000e+000  0.000000e+000  0.000000e+000  0.000000e+000  0.000000e+000  0.000000e+000  0.000000e+000  0.000000e+000  0.000000e+000  0.000000e+000  0.000000e+000  0.000000e+000  
0.000000e+000  0.000000e+000  0.000000e+000  0.000000e+000  0.000000e+000  0.000000e+000  0.000000e+000  0.000000e+000  0.000000e+000  0.000000e+000  0.000000e+000  0.000000e+000  0.000000e+000  0.000000e+000  0.000000e+000  0.000000e+000  
0.000000e+000  0.000000e+000  0.000000e+000  0.000000e+000  0.000000e+000  0.000000e+000  0.000000e+000  0.000000e+000  0.000000e+000  0.000000e+000  0.000000e+000  0.000000e+000  0.000000e+000  0.000000e+000  0.000000e+000  0.000000e+000  
0.000000e+000  0.000000e+000  0.000000e+000  0.000000e+000  0.000000e+000  0.000000e+000  0.000000e+000  0.000000e+000  0.000000e+000  0.000000e+000  0.000000e+000  0.000000e+000  0.000000e+000  0.000000e+000  0.000000e+000  0.000000e+000  
0.000000e+000  0.000000e+000  0.000000e+000  0.000000e+000  0.000000e+000  0.000000e+000  0.000000e+000  0.000000e+000  0.000000e+000  0.000000e+000  0.000000e+000  0.000000e+000  0.000000e+000  0.000000e+000  0.000000e+000  0.000000e+000  
0.000000e+000  0.000000e+000  0.000000e+000  0.000000e+000  0.000000e+000  0.000000e+000  0.000000e+000  0.000000e+000  0.000000e+000  0.000000e+000  0.000000e+000  0.000000e+000  0.000000e+000  0.000000e+000  0.000000e+000  0.000000e+000  
0.000000e+000  0.000000e+000  0.000000e+000  0.000000e+000  0.000000e+000  0.000000e+000  0.000000e+000  0.000000e+000  0.000000e+000  0.000000e+000  0.000000e+000  0.000000e+000  0.000000e+000  0.000000e+000  0.000000e+000  0.000000e+000  
0.000000e+000  0.000000e+000  0.000000e+000  0.000000e+000  0.000000e+000  0.000000e+000  0.000000e+000  0.000000e+000  0.000000e+000  0.000000e+000  0.000000e+000  0.000000e+000  0.000000e+000  0.000000e+000  0.000000e+000  0.000000e+000  
0.000000e+000  0.000000e+000  0.000000e+000  0.000000e+000  0.000000e+000  0.000000e+000  0.000000e+000  0.000000e+000  0.000000e+000  0.000000e+000  0.000000e+000  0.000000e+000  0.000000e+000  0.000000e+000  0.000000e+000  0.000000e+000  
0.000000e+000  0.000000e+000  0.000000e+000  0.000000e+000  0.000000e+000  0.000000e+000  0.000000e+000  0.000000e+000  0.000000e+000  0.000000e+000  0.000000e+000  0.000000e+000  0.000000e+000  0.000000e+000  0.000000e+000  0.000000e+000  

0.000000e+000  0.000000e+000  0.000000e+000  0.000000e+000  0.000000e+000  0.000000e+000  0.000000e+000  0.000000e+000  0.000000e+000  0.000000e+000  0.000000e+000  0.000000e+000  0.000000e+000  0.000000e+000  0.000000e+000  0.000000e+000  
6.745183e+001  7.838731e+001  1.113062e+002  1.421388e+002  1.657968e+002  1.860210e+002  1.937244e+002  2.003730e+002  2.083842e+002  2.129835e+002  1.974148e+002  1.688197e+002  1.501104e+002  1.304354e+002  7.354427e+001  5.701759e+001  
1.333825e+002  1.552214e+002  2.217729e+002  2.847498e+002  3.322180e+002  3.719646e+002  3.870352e+002  4.002501e+002  4.163867e+002  4.260402e+002  3.959198e+002  3.385605e+002  3.003067e+002  2.598557e+002  1.455013e+002  1.127428e+002  
1.962783e+002  2.289061e+002  3.304883e+002  4.284330e+002  4.999236e+002  5.577430e+002  5.795126e+002  5.991308e+002  6.236173e+002  6.392277e+002  5.966528e+002  5.103641e+002  4.507930e+002  3.870645e+002  2.142571e+002  1.659069e+002  
2.546469e+002  2.977578e+002  4.363759e+002  5.740759e+002  6.696403e+002  7.432477e+002  7.707248e+002  7.965065e+002  8.296686e+002  8.525699e+002  8.008365e+002  6.858679e+002  6.020962e+002  5.104368e+002  2.781475e+002  2.152920e+002  
3.070444e+002  3.599594e+002  5.380528e+002  7.230880e+002  8.421786e+002  9.283343e+002  9.602218e+002  9.918559e+002  1.034108e+003  1.066036e+003  1.009789e+003  8.675924e+002  7.555285e+002  6.275048e+002  3.354453e+002  2.597653e+002  
3.521255e+002  4.135144e+002  6.335979e+002  8.777739e+002  1.018422e+003  1.112806e+003  1.147530e+003  1.184643e+003  1.236470e+003  1.279514e+003  1.224883e+003  1.059471e+003  9.143265e+002  7.341854e+002  3.843691e+002  2.983235e+002  
3.887278e+002  4.562055e+002  7.201599e+002  1.041956e+003  1.199259e+003  1.296390e+003  1.332149e+003  1.374312e+003  1.436248e+003  1.492779e+003  1.447406e+003  1.267428e+003  1.086588e+003  8.232352e+002  4.231408e+002  3.301494e+002  
4.160067e+002  4.855737e+002  7.932818e+002  1.222033e+003  1.385409e+003  1.478715e+003  1.513544e+003  1.560290e+003  1.632893e+003  1.705462e+003  1.678270e+003  1.499405e+003  1.293037e+003  8.809732e+002  4.501484e+002  3.546821e+002  
4.388368e+002  4.996371e+002  7.041639e+002  1.030075e+003  1.201237e+003  1.321207e+003  1.369019e+003  1.414937e+003  1.472730e+003  1.514303e+003  1.438027e+003  1.237818e+003  1.051863e+003  7.926090e+002  4.666240e+002  3.773746e+002  
4.423092e+002  4.909186e+002  6.295268e+002  8.812978e+002  1.040834e+003  1.173972e+003  1.230584e+003  1.275014e+003  1.320005e+003  1.337114e+003  1.231069e+003  1.038862e+003  8.885758e+002  7.065234e+002  4.619728e+002  3.840062e+002  
4.298347e+002  4.670185e+002  5.625799e+002  7.594236e+002  9.004649e+002  1.036640e+003  1.098278e+003  1.140617e+003  1.174780e+003  1.173456e+003  1.052678e+003  8.805604e+002  7.609308e+002  6.251178e+002  4.417679e+002  3.763277e+002  
4.046911e+002  4.325066e+002  4.994530e+002  6.548126e+002  7.761831e+002  9.084889e+002  9.719696e+002  1.011706e+003  1.036898e+003  1.022381e+003  8.975003e+002  7.484801e+002  6.527885e+002  5.479625e+002  4.099636e+002  3.563604e+002  
3.696424e+002  3.902668e+002  4.379614e+002  5.615551e+002  6.644899e+002  7.886020e+002  8.513846e+002  8.881180e+002  9.060199e+002  8.826642e+002  7.606674e+002  6.337856e+002  5.566278e+002  4.740325e+002  3.693743e+002  3.260795e+002  
3.268915e+002  3.422125e+002  3.768958e+002  4.759119e+002  5.625083e+002  6.759882e+002  7.361414e+002  7.695806e+002  7.816729e+002  7.529625e+002  6.381332e+002  5.310002e+002  4.683329e+002  4.023523e+002  3.220309e+002  2.872718e+002  
2.781498e+002  2.896749e+002  3.156107e+002  3.954495e+002  4.679564e+002  5.696560e+002  6.257790e+002  6.557343e+002  6.632856e+002  6.319276e+002  5.266688e+002  4.365983e+002  3.853940e+002  3.321509e+002  2.694267e+002  2.414873e+002  
2.247358e+002  2.336206e+002  2.537866e+002  3.185450e+002  3.790552e+002  4.686571e+002  5.197816e+002  5.461485e+002  5.502235e+002  5.182680e+002  4.237419e+002  3.482137e+002  3.061749e+002  2.628647e+002  2.126850e+002  1.900403e+002  
1.676667e+002  1.747781e+002  1.912907e+002  2.440921e+002  2.944258e+002  3.721073e+002  4.175989e+002  4.403383e+002  4.418133e+002  4.107797e+002  3.273743e+002  2.641976e+002  2.295628e+002  1.941009e+002  1.526710e+002  1.340332e+002  
1.077350e+002  1.137144e+002  1.280965e+002  1.713209e+002  2.129960e+002  2.791925e+002  3.186597e+002  3.377778e+002  3.373621e+002  3.083565e+002  2.360137e+002  1.833650e+002  1.547791e+002  1.255965e+002  9.006875e+001  7.438802e+001  
4.556734e+001  5.088397e+001  6.423638e+001  9.968432e+001  1.339249e+002  1.891662e+002  2.223824e+002  2.379116e+002  2.361694e+002  2.099869e+002  1.484287e+002  1.048401e+002  8.126707e+001  5.718258e+001  2.543319e+001  1.187941e+001  
-1.833002e+001  -1.333821e+001  -2.251627e-001  2.878439e+001  5.654120e+001  1.013416e+002  1.281805e+002  1.401627e+002  1.375343e+002  1.147443e+002  6.362612e+001  2.795824e+001  8.621054e+000  -1.124203e+001  -4.077250e+001  -5.283458e+001  
-8.353703e+001  -7.863383e+001  -6.520688e+001  -4.167680e+001  -1.970307e+001  1.508155e+001  3.546630e+001  4.393824e+001  4.075932e+001  2.177265e+001  -1.921412e+001  -4.779950e+001  -6.346146e+001  -7.973145e+001  -1.081502e+002  -1.191850e+002  
-1.496933e+002  -1.447236e+002  -1.306189e+002  -1.119307e+002  -9.526971e+001  -7.021267e+001  -5.634865e+001  -5.136634e+001  -5.484993e+001  -6.972899e+001  -1.007895e+002  -1.228529e+002  -1.352128e+002  -1.483073e+002  -1.763467e+002  -1.866680e+002  
-2.164772e+002  -2.113534e+002  -1.963667e+002  -1.821660e+002  -1.705632e+002  -1.551136e+002  -1.478543e+002  -1.463659e+002  -1.499862e+002  -1.605235e+002  -1.817157e+002  -1.975567e+002  -2.068192e+002  -2.169697e+002  -2.450374e+002  -2.548236e+002  
-2.835886e+002  -2.782828e+002  -2.623528e+002  -2.525465e+002  -2.459543e+002  -2.401792e+002  -2.396442e+002  -2.416845e+002  -2.453444e+002  -2.513522e+002  -2.625604e+002  -2.722275e+002  -2.784399e+002  -2.857052e+002  -3.139137e+002  -3.232165e+002  
-3.507333e+002  -3.452747e+002  -3.284766e+002  -3.232251e+002  -3.218008e+002  -3.259650e+002  -3.323184e+002  -3.379562e+002  -3.416261e+002  -3.429523e+002  -3.438732e+002  -3.471666e+002  -3.502223e+002  -3.544938e+002  -3.826705e+002  -3.914183e+002  
-4.176089e+002  -4.120850e+002  -3.946344e+002  -3.943569e+002  -3.984666e+002  -4.130359e+002  -4.264870e+002  -4.358251e+002  -4.395444e+002  -4.360737e+002  -4.262138e+002  -4.226807e+002  -4.223164e+002  -4.233151e+002  -4.509955e+002  -4.589904e+002  
-4.838897e+002  -4.784524e+002  -4.607188e+002  -4.661120e+002  -4.763413e+002  -5.019782e+002  -5.227729e+002  -5.359461e+002  -5.398294e+002  -5.314965e+002  -5.101808e+002  -4.991036e+002  -4.948897e+002  -4.921538e+002  -5.185575e+002  -5.254661e+002  
-5.492103e+002  -5.440877e+002  -5.266191e+002  -5.386912e+002  -5.558624e+002  -5.934129e+002  -6.218156e+002  -6.389856e+002  -6.432326e+002  -6.300492e+002  -5.964431e+002  -5.768205e+002  -5.681436e+002  -5.610080e+002  -5.849939e+002  -5.903315e+002  
-6.131463e+002  -6.086601e+002  -5.922233e+002  -6.123455e+002  -6.375407e+002  -6.880077e+002  -7.242726e+002  -7.456201e+002  -7.505310e+002  -7.326265e+002  -6.857769e+002  -6.562973e+002  -6.423343e+002  -6.298978e+002  -6.498959e+002  -6.530044e+002  
-6.751897e+002  -6.717818e+002  -6.574227e+002  -6.874025e+002  -7.219936e+002  -7.864913e+002  -8.308212e+002  -8.565342e+002  -8.625292e+002  -8.402086e+002  -7.791113e+002  -7.381191e+002  -7.178003e+002  -6.988786e+002  -7.127905e+002  -7.128096e+002  
-7.347181e+002  -7.329875e+002  -7.221216e+002  -7.643051e+002  -8.099863e+002  -8.896660e+002  -9.421574e+002  -9.724169e+002  -9.800595e+002  -9.538792e+002  -8.775848e+002  -8.230423e+002  -7.950003e+002  -7.680587e+002  -7.731172e+002  -7.689509e+002  
-7.909534e+002  -7.917071e+002  -7.862551e+002  -8.436673e+002  -9.024857e+002  -9.984206e+002  -1.058993e+003  -1.093955e+003  -1.103979e+003  -1.074843e+003  -9.826188e+002  -9.120694e+002  -8.745677e+002  -8.376236e+002  -8.301962e+002  -8.204772e+002  
-8.429077e+002  -8.472264e+002  -8.498213e+002  -9.263579e+002  -1.000730e+003  -1.113741e+003  -1.182048e+003  -1.221823e+003  -1.235161e+003  -1.204438e+003  -1.096012e+003  -1.006560e+003  -9.573925e+002  -9.078701e+002  -8.831856e+002  -8.662449e+002  
-8.893111e+002  -8.986296e+002  -9.129368e+002  -1.013630e+003  -1.106318e+003  -1.236713e+003  -1.312043e+003  -1.356673e+003  -1.374485e+003  -1.344143e+003  -1.220059e+003  -1.108401e+003  -1.044749e+003  -9.792509e+002  -9.310189e+002  -9.048762e+002  
-9.285185e+002  -9.447083e+002  -9.759330e+002  -1.107326e+003  -1.221312e+003  -1.368521e+003  -1.449680e+003  -1.499118e+003  -1.522814e+003  -1.495570e+003  -1.357697e+003  -1.220293e+003  -1.138507e+003  -1.052430e+003  -9.723153e+002  -9.347166e+002  
-9.583959e+002  -9.838127e+002  -1.039523e+003  -1.210203e+003  -1.348365e+003  -1.510426e+003  -1.595622e+003  -1.649710e+003  -1.680969e+003  -1.660436e+003  -1.512669e+003  -1.346231e+003  -1.241523e+003  -1.128339e+003  -1.005247e+003  -9.538001e+002  
-9.761944e+002  -1.013596e+003  -1.105087e+003  -1.326489e+003  -1.490821e+003  -1.663725e+003  -1.750469e+003  -1.808925e+003  -1.849693e+003  -1.840496e+003  -1.689665e+003  -1.492367e+003  -1.358430e+003  -1.208204e+003  -1.027339e+003  -9.598377e+002  
-9.784516e+002  -1.030558e+003  -1.175176e+003  -1.462829e+003  -1.652760e+003  -1.829665e+003  -1.914720e+003  -1.977136e+003  -2.029609e+003  -2.037437e+003  -1.894344e+003  -1.668539e+003  -1.497552e+003  -1.293427e+003  -1.035179e+003  -9.502586e+002  
-9.610203e+002  -1.029210e+003  -1.254378e+003  -1.629979e+003  -1.838822e+003  -2.009327e+003  -2.088737e+003  -2.154593e+003  -2.221168e+003  -2.252697e+003  -2.132997e+003  -1.890711e+003  -1.676344e+003  -1.384980e+003  -1.023984e+003  -9.223562e+002  
-9.194668e+002  -1.000491e+003  -1.350846e+003  -1.845930e+003  -2.053503e+003  -2.203447e+003  -2.272713e+003  -2.341403e+003  -2.424607e+003  -2.487235e+003  -2.411360e+003  -2.183279e+003  -1.939448e+003  -1.481178e+003  -9.870038e+002  -8.736309e+002  
-8.594286e+002  -9.388463e+002  -1.232911e+003  -1.582406e+003  -1.779439e+003  -1.935934e+003  -2.007121e+003  -2.069812e+003  -2.138580e+003  -2.178956e+003  -2.076966e+003  -1.850093e+003  -1.648573e+003  -1.381384e+003  -9.245825e+002  -8.114890e+002  
-7.782488e+002  -8.495358e+002  -1.088132e+003  -1.342567e+003  -1.513784e+003  -1.664764e+003  -1.733790e+003  -1.789508e+003  -1.845262e+003  -1.868850e+003  -1.757290e+003  -1.555785e+003  -1.402884e+003  -1.227859e+003  -8.369211e+002  -7.319120e+002  
-6.780639e+002  -7.381822e+002  -9.261480e+002  -1.113709e+003  -1.254582e+003  -1.390875e+003  -1.454069e+003  -1.501929e+003  -1.546033e+003  -1.557822e+003  -1.449661e+003  -1.282621e+003  -1.168973e+003  -1.046769e+003  -7.279873e+002  -6.362337e+002  
-5.617632e+002  -6.096229e+002  -7.525122e+002  -8.895459e+002  -9.998582e+002  -1.114942e+003  -1.169195e+003  -1.208429e+003  -1.242115e+003  -1.246385e+003  -1.151014e+003  -1.020115e+003  -9.370688e+002  -8.501356e+002  -6.019051e+002  -5.265002e+002  
-4.325436e+002  -4.680267e+002  -5.707608e+002  -6.670453e+002  -7.480191e+002  -8.374811e+002  -8.803095e+002  -9.102919e+002  -9.346002e+002  -9.348027e+002  -8.586475e+002  -7.627312e+002  -7.044272e+002  -6.441081e+002  -4.625747e+002  -4.052009e+002  
-2.936807e+002  -3.170558e+002  -3.834329e+002  -4.448577e+002  -4.979122e+002  -5.589188e+002  -5.884804e+002  -6.087347e+002  -6.244772e+002  -6.231912e+002  -5.704071e+002  -5.076967e+002  -4.705143e+002  -4.322494e+002  -3.136040e+002  -2.750828e+002  
-1.484296e+002  -1.600180e+002  -1.925753e+002  -2.225152e+002  -2.487510e+002  -2.796375e+002  -2.947188e+002  -3.049259e+002  -3.126568e+002  -3.115896e+002  -2.846309e+002  -2.536680e+002  -2.355442e+002  -2.169354e+002  -1.583509e+002  -1.390314e+002  
0.000000e+000  0.000000e+000  0.000000e+000  0.000000e+000  0.000000e+000  0.000000e+000  0.000000e+000  0.000000e+000  0.000000e+000  0.000000e+000  0.000000e+000  0.000000e+000  0.000000e+000  0.000000e+000  0.000000e+000  0.000000e+000  

