Port monitor named: Port1_h1.prt

nx        = 16
ny        = 49
nz        = 3

nu        = 16
nv        = 49
iu        = 1
iv        = 1

idir      = 2
dcut      = 1.200000e-002
icut      = 3
type      = 1
frequency = 6.000000e+010

fcutoff   = 0.000000e+000
alpha     = 0.000000e+000
beta      = 1.720444e+003
accuracy  = 5.610788e-014

type          = QTEM
wave imp.     = 2.358469e+002
wave imp.sig. = 2.202782e+000
line imp.     = 2.144782e+002

ref. port     = 0

2.467479e+001  2.438891e+001  2.361407e+001  2.288068e+001  2.214974e+001  2.099139e+001  2.057892e+001  2.102943e+001  2.238790e+001  2.465562e+001  2.772891e+001  2.940613e+001  3.022933e+001  3.102060e+001  3.339159e+001  3.425958e+001  
2.465411e+001  2.436370e+001  2.357458e+001  2.282809e+001  2.208786e+001  2.092268e+001  2.050789e+001  2.095613e+001  2.231146e+001  2.457687e+001  2.765509e+001  2.934347e+001  3.017440e+001  3.097395e+001  3.336808e+001  3.424228e+001  
2.461336e+001  2.431396e+001  2.349592e+001  2.272262e+001  2.196379e+001  2.078528e+001  2.036601e+001  2.080971e+001  2.215872e+001  2.441935e+001  2.750699e+001  2.921764e+001  3.006443e+001  3.088110e+001  3.332171e+001  3.420816e+001  
2.455375e+001  2.424105e+001  2.337875e+001  2.256358e+001  2.177695e+001  2.057927e+001  2.015358e+001  2.059057e+001  2.192999e+001  2.418302e+001  2.728364e+001  2.902753e+001  2.989910e+001  3.074307e+001  3.325380e+001  3.415814e+001  
2.447710e+001  2.414705e+001  2.322417e+001  2.234978e+001  2.152640e+001  2.030476e+001  1.987112e+001  2.029928e+001  2.162575e+001  2.386786e+001  2.698357e+001  2.877116e+001  2.967768e+001  3.056163e+001  3.316632e+001  3.409362e+001  
2.438573e+001  2.403490e+001  2.303384e+001  2.207921e+001  2.121089e+001  1.996194e+001  1.951928e+001  1.993662e+001  2.124662e+001  2.347385e+001  2.660478e+001  2.844524e+001  2.939844e+001  3.033985e+001  3.306199e+001  3.401634e+001  
2.428246e+001  2.390844e+001  2.281026e+001  2.174857e+001  2.082882e+001  1.955107e+001  1.909892e+001  1.950359e+001  2.079344e+001  2.300108e+001  2.614479e+001  2.804451e+001  2.905722e+001  3.008300e+001  3.294421e+001  3.392838e+001  
2.417042e+001  2.377256e+001  2.255720e+001  2.135243e+001  2.037832e+001  1.907258e+001  1.861109e+001  1.900137e+001  2.026722e+001  2.244971e+001  2.560074e+001  2.756104e+001  2.864376e+001  2.980051e+001  3.281709e+001  3.383205e+001  
2.402346e+001  2.359865e+001  2.227196e+001  2.098217e+001  1.997432e+001  1.865439e+001  1.818851e+001  1.856720e+001  1.981095e+001  2.196691e+001  2.511123e+001  2.710740e+001  2.823458e+001  2.947192e+001  3.265237e+001  3.370416e+001  
2.384300e+001  2.339537e+001  2.201750e+001  2.073328e+001  1.971637e+001  1.839157e+001  1.792395e+001  1.829577e+001  1.952584e+001  2.166496e+001  2.480217e+001  2.680916e+001  2.794110e+001  2.916560e+001  3.245509e+001  3.354368e+001  
2.366577e+001  2.320255e+001  2.179324e+001  2.050800e+001  1.948533e+001  1.815540e+001  1.768511e+001  1.805050e+001  1.926909e+001  2.139514e+001  2.452823e+001  2.654223e+001  2.767692e+001  2.890153e+001  3.226495e+001  3.338286e+001  
2.349708e+001  2.302342e+001  2.159456e+001  2.030653e+001  1.927967e+001  1.794470e+001  1.747118e+001  1.783065e+001  1.903968e+001  2.115570e+001  2.428672e+001  2.630596e+001  2.744354e+001  2.867141e+001  3.208645e+001  3.322716e+001  
2.334072e+001  2.286016e+001  2.141913e+001  2.012835e+001  1.909822e+001  1.775843e+001  1.728139e+001  1.763547e+001  1.883663e+001  2.094510e+001  2.407551e+001  2.609913e+001  2.723957e+001  2.847101e+001  3.192278e+001  3.308099e+001  
2.319944e+001  2.271437e+001  2.126579e+001  1.997280e+001  1.894003e+001  1.759569e+001  1.711505e+001  1.746428e+001  1.865903e+001  2.076199e+001  2.389292e+001  2.592039e+001  2.706343e+001  2.829799e+001  3.177631e+001  3.294787e+001  
2.307524e+001  2.258721e+001  2.113394e+001  1.983932e+001  1.880436e+001  1.745574e+001  1.697149e+001  1.731642e+001  1.850607e+001  2.060520e+001  2.373755e+001  2.576851e+001  2.691382e+001  2.815095e+001  3.164883e+001  3.283059e+001  
2.296958e+001  2.247960e+001  2.102333e+001  1.972747e+001  1.869060e+001  1.733790e+001  1.685013e+001  1.719130e+001  1.837698e+001  2.047372e+001  2.360826e+001  2.564249e+001  2.678979e+001  2.802905e+001  3.154175e+001  3.273137e+001  
2.288357e+001  2.239222e+001  2.093387e+001  1.963691e+001  1.859829e+001  1.724162e+001  1.675047e+001  1.708839e+001  1.827112e+001  2.036668e+001  2.350413e+001  2.554152e+001  2.669064e+001  2.793179e+001  3.145616e+001  3.265197e+001  
2.281803e+001  2.232562e+001  2.086554e+001  1.956743e+001  1.852705e+001  1.716647e+001  1.667206e+001  1.700722e+001  1.818790e+001  2.028336e+001  2.342441e+001  2.546500e+001  2.661591e+001  2.785885e+001  3.139294e+001  3.259378e+001  
2.277359e+001  2.228025e+001  2.081839e+001  1.951888e+001  1.847661e+001  1.711205e+001  1.661452e+001  1.694739e+001  1.812684e+001  2.022316e+001  2.336852e+001  2.541249e+001  2.656523e+001  2.781002e+001  3.135278e+001  3.255788e+001  
2.275075e+001  2.225646e+001  2.079248e+001  1.949115e+001  1.844677e+001  1.707809e+001  1.657756e+001  1.690857e+001  1.808754e+001  2.018562e+001  2.333601e+001  2.538366e+001  2.653840e+001  2.778521e+001  3.133624e+001  3.254514e+001  
2.274988e+001  2.225453e+001  2.078790e+001  1.948420e+001  1.843739e+001  1.706437e+001  1.656093e+001  1.689051e+001  1.806970e+001  2.017035e+001  2.332655e+001  2.537827e+001  2.653524e+001  2.778437e+001  3.134375e+001  3.255622e+001  
2.277130e+001  2.227471e+001  2.080472e+001  1.949802e+001  1.844838e+001  1.707073e+001  1.656448e+001  1.689303e+001  1.807309e+001  2.017710e+001  2.333990e+001  2.539618e+001  2.655568e+001  2.780746e+001  3.137567e+001  3.259163e+001  
2.281523e+001  2.231717e+001  2.084304e+001  1.953262e+001  1.847971e+001  1.709709e+001  1.658811e+001  1.691601e+001  1.809757e+001  2.020568e+001  2.337592e+001  2.543729e+001  2.659966e+001  2.785451e+001  3.143223e+001  3.265175e+001  
2.288188e+001  2.238208e+001  2.090294e+001  1.958805e+001  1.853138e+001  1.714342e+001  1.663179e+001  1.695943e+001  1.814308e+001  2.025602e+001  2.343453e+001  2.550158e+001  2.666718e+001  2.792554e+001  3.151363e+001  3.273683e+001  
2.297137e+001  2.246957e+001  2.098451e+001  1.966436e+001  1.860343e+001  1.720977e+001  1.669557e+001  1.702332e+001  1.820965e+001  2.032812e+001  2.351572e+001  2.558904e+001  2.675827e+001  2.802059e+001  3.161998e+001  3.284700e+001  
2.308382e+001  2.257974e+001  2.108785e+001  1.976164e+001  1.869595e+001  1.729621e+001  1.677955e+001  1.710781e+001  1.829739e+001  2.042207e+001  2.361958e+001  2.569976e+001  2.687297e+001  2.813971e+001  3.175132e+001  3.298231e+001  
2.321929e+001  2.271265e+001  2.121303e+001  1.987999e+001  1.880906e+001  1.740291e+001  1.688391e+001  1.721308e+001  1.840650e+001  2.053804e+001  2.374622e+001  2.583381e+001  2.701139e+001  2.828297e+001  3.190762e+001  3.314268e+001  
2.337780e+001  2.286835e+001  2.136016e+001  2.001954e+001  1.894289e+001  1.753007e+001  1.700892e+001  1.733943e+001  1.853726e+001  2.067632e+001  2.389586e+001  2.599137e+001  2.717363e+001  2.845045e+001  3.208880e+001  3.332795e+001  
2.355933e+001  2.304686e+001  2.152931e+001  2.018041e+001  1.909765e+001  1.767798e+001  1.715488e+001  1.748721e+001  1.869006e+001  2.083726e+001  2.406877e+001  2.617263e+001  2.735985e+001  2.864224e+001  3.229468e+001  3.353780e+001  
2.376379e+001  2.324814e+001  2.172057e+001  2.036278e+001  1.927356e+001  1.784695e+001  1.732221e+001  1.765685e+001  1.886536e+001  2.102131e+001  2.426533e+001  2.637785e+001  2.757025e+001  2.885847e+001  3.252500e+001  3.377178e+001  
2.399102e+001  2.347213e+001  2.193404e+001  2.056683e+001  1.947089e+001  1.803741e+001  1.751139e+001  1.784890e+001  1.906374e+001  2.122906e+001  2.448597e+001  2.660738e+001  2.780508e+001  2.909929e+001  3.277939e+001  3.402927e+001  
2.424077e+001  2.371869e+001  2.216982e+001  2.079277e+001  1.968994e+001  1.824983e+001  1.772298e+001  1.806397e+001  1.928587e+001  2.146118e+001  2.473126e+001  2.686164e+001  2.806468e+001  2.936493e+001  3.305739e+001  3.430943e+001  
2.451264e+001  2.398761e+001  2.242802e+001  2.104085e+001  1.993109e+001  1.848478e+001  1.795764e+001  1.830278e+001  1.953253e+001  2.171850e+001  2.500188e+001  2.714118e+001  2.834950e+001  2.965568e+001  3.335837e+001  3.461116e+001  
2.480608e+001  2.427863e+001  2.270883e+001  2.131137e+001  2.019475e+001  1.874291e+001  1.821611e+001  1.856613e+001  1.980464e+001  2.200196e+001  2.529861e+001  2.744665e+001  2.866011e+001  2.997201e+001  3.368153e+001  3.493303e+001  
2.512025e+001  2.459132e+001  2.301249e+001  2.160463e+001  2.048137e+001  1.902499e+001  1.849925e+001  1.885494e+001  2.010320e+001  2.231269e+001  2.562242e+001  2.777888e+001  2.899731e+001  3.031462e+001  3.402585e+001  3.527318e+001  
2.545394e+001  2.492514e+001  2.333947e+001  2.192099e+001  2.079149e+001  1.933188e+001  1.880798e+001  1.917021e+001  2.042938e+001  2.265199e+001  2.597439e+001  2.813880e+001  2.936213e+001  3.068462e+001  3.439002e+001  3.562920e+001  
2.580542e+001  2.527935e+001  2.369059e+001  2.226071e+001  2.112569e+001  1.966462e+001  1.914337e+001  1.951305e+001  2.078445e+001  2.302135e+001  2.635579e+001  2.852738e+001  2.975587e+001  3.108388e+001  3.477235e+001  3.599797e+001  
2.617210e+001  2.565296e+001  2.406741e+001  2.262383e+001  2.148462e+001  2.002439e+001  1.950659e+001  1.988464e+001  2.116984e+001  2.342254e+001  2.676809e+001  2.894527e+001  3.017987e+001  3.151568e+001  3.517061e+001  3.637545e+001  
2.655014e+001  2.604457e+001  2.447300e+001  2.300954e+001  2.186909e+001  2.041262e+001  1.989890e+001  2.028627e+001  2.158711e+001  2.385759e+001  2.721309e+001  2.939208e+001  3.063433e+001  3.198627e+001  3.558174e+001  3.675640e+001  
2.693379e+001  2.645209e+001  2.491342e+001  2.341486e+001  2.228025e+001  2.083095e+001  2.032168e+001  2.071930e+001  2.203793e+001  2.432889e+001  2.769325e+001  2.986526e+001  3.111271e+001  3.250864e+001  3.600131e+001  3.713410e+001  
2.729322e+001  2.684883e+001  2.546572e+001  2.410087e+001  2.302140e+001  2.160574e+001  2.111152e+001  2.153050e+001  2.288153e+001  2.520524e+001  2.856604e+001  3.067970e+001  3.185997e+001  3.313117e+001  3.639896e+001  3.747964e+001  
2.761931e+001  2.721740e+001  2.603466e+001  2.490208e+001  2.392119e+001  2.257154e+001  2.210552e+001  2.255351e+001  2.394151e+001  2.629392e+001  2.961914e+001  3.162303e+001  3.268752e+001  3.375914e+001  3.676195e+001  3.778760e+001  
2.792245e+001  2.756209e+001  2.653934e+001  2.557211e+001  2.468343e+001  2.340196e+001  2.296453e+001  2.343842e+001  2.485655e+001  2.722769e+001  3.050691e+001  3.240487e+001  3.337656e+001  3.432865e+001  3.709909e+001  3.807016e+001  
2.819218e+001  2.786835e+001  2.697003e+001  2.612269e+001  2.531269e+001  2.409557e+001  2.368520e+001  2.418143e+001  2.562348e+001  2.800593e+001  3.123665e+001  3.304303e+001  3.394543e+001  3.481860e+001  3.739789e+001  3.831937e+001  
2.841927e+001  2.812516e+001  2.732050e+001  2.655970e+001  2.581253e+001  2.465140e+001  2.426482e+001  2.477945e+001  2.623983e+001  2.862845e+001  3.181426e+001  3.354730e+001  3.439942e+001  3.521827e+001  3.764828e+001  3.852799e+001  
2.859620e+001  2.832438e+001  2.758654e+001  2.688606e+001  2.618551e+001  2.506878e+001  2.470130e+001  2.523004e+001  2.670367e+001  2.909524e+001  3.224411e+001  3.392278e+001  3.473989e+001  3.552175e+001  3.784254e+001  3.868998e+001  
2.871729e+001  2.846025e+001  2.776535e+001  2.710316e+001  2.643332e+001  2.534727e+001  2.499312e+001  2.553141e+001  2.701364e+001  2.940636e+001  3.252916e+001  3.417209e+001  3.496699e+001  3.572564e+001  3.797507e+001  3.880063e+001  
2.877878e+001  2.852908e+001  2.785518e+001  2.721159e+001  2.655699e+001  2.548657e+001  2.513927e+001  2.568239e+001  2.716885e+001  2.956189e+001  3.267125e+001  3.429648e+001  3.508059e+001  3.582802e+001  3.804222e+001  3.885675e+001  
-0.000000e+000  -0.000000e+000  -0.000000e+000  -0.000000e+000  -0.000000e+000  -0.000000e+000  -0.000000e+000  -0.000000e+000  -0.000000e+000  -0.000000e+000  -0.000000e+000  -0.000000e+000  -0.000000e+000  -0.000000e+000  -0.000000e+000  -0.000000e+000  

-0.000000e+000  -0.000000e+000  -0.000000e+000  -0.000000e+000  -0.000000e+000  -0.000000e+000  -0.000000e+000  -0.000000e+000  -0.000000e+000  -0.000000e+000  -0.000000e+000  -0.000000e+000  -0.000000e+000  -0.000000e+000  -0.000000e+000  -0.000000e+000  
7.606119e-003  2.060825e-002  2.380652e-002  2.083391e-002  1.317910e-002  6.049085e-003  1.838149e-003  -1.568644e-003  -6.376972e-003  -1.499851e-002  -2.468228e-002  -2.779765e-002  -2.845439e-002  -2.606312e-002  -9.056357e-003  -0.000000e+000  
1.533298e-002  4.175358e-002  4.819349e-002  4.185691e-002  2.624260e-002  1.200325e-002  3.649758e-003  -3.094769e-003  -1.263344e-002  -2.984356e-002  -4.956392e-002  -5.616292e-002  -5.760221e-002  -5.253332e-002  -1.813089e-002  -0.000000e+000  
2.329012e-002  6.399473e-002  7.378765e-002  6.323676e-002  3.906334e-002  1.776648e-002  5.408329e-003  -4.536204e-003  -1.864793e-002  -4.436806e-002  -7.481536e-002  -8.571536e-002  -8.824705e-002  -7.981470e-002  -2.722933e-002  -0.000000e+000  
3.156123e-002  8.793411e-002  1.013181e-001  8.509033e-002  5.149102e-002  2.324079e-002  7.087489e-003  -5.851511e-003  -2.429732e-002  -5.837787e-002  -1.005363e-001  -1.171762e-001  -1.214607e-001  -1.082995e-001  -3.633138e-002  -0.000000e+000  
4.018202e-002  1.142397e-001  1.316946e-001  1.074351e-001  6.334129e-002  2.832593e-002  8.661158e-003  -7.000472e-003  -2.945686e-002  -7.163947e-002  -1.266850e-001  -1.513954e-001  -1.588688e-001  -1.383446e-001  -4.537477e-002  -0.000000e+000  
4.910509e-002  1.436660e-001  1.661279e-001  1.301049e-001  7.438627e-002  3.291991e-002  1.010383e-002  -7.944683e-003  -3.400110e-002  -8.387028e-002  -1.529607e-001  -1.892685e-001  -2.032399e-001  -1.702155e-001  -5.423636e-002  -0.000000e+000  
5.814396e-002  1.770694e-001  2.063232e-001  1.526021e-001  8.434937e-002  3.692055e-002  1.139096e-002  -8.648286e-003  -3.780613e-002  -9.473568e-002  -1.786256e-001  -2.312572e-001  -2.597997e-001  -2.039623e-001  -6.271005e-002  -0.000000e+000  
6.688503e-002  2.154113e-001  2.548017e-001  1.738370e-001  9.290918e-002  4.022846e-002  1.249954e-002  -9.078820e-003  -4.075328e-002  -1.038588e-001  -2.022989e-001  -2.756260e-001  -3.393460e-001  -2.391444e-001  -7.048375e-002  -0.000000e+000  
7.798068e-002  2.613901e-001  3.111115e-001  2.001433e-001  1.029157e-001  4.390950e-002  1.384791e-002  -9.202968e-003  -4.355589e-002  -1.140421e-001  -2.312065e-001  -3.299464e-001  -4.259377e-001  -2.819977e-001  -8.001661e-002  -0.000000e+000  
8.481527e-002  2.834529e-001  3.354020e-001  2.157851e-001  1.089568e-001  4.597302e-002  1.481851e-002  -8.660881e-003  -4.429016e-002  -1.193645e-001  -2.477366e-001  -3.555414e-001  -4.528827e-001  -3.041474e-001  -8.581969e-002  -0.000000e+000  
8.713443e-002  2.875488e-001  3.380260e-001  2.202687e-001  1.105072e-001  4.624776e-002  1.537406e-002  -7.397205e-003  -4.275230e-002  -1.192021e-001  -2.508078e-001  -3.572159e-001  -4.477228e-001  -3.080764e-001  -8.748815e-002  -0.000000e+000  
8.532861e-002  2.779814e-001  3.250386e-001  2.145672e-001  1.074091e-001  4.463762e-002  1.549027e-002  -5.379306e-003  -3.883251e-002  -1.133707e-001  -2.414380e-001  -3.408802e-001  -4.222770e-001  -2.968586e-001  -8.509854e-002  -0.000000e+000  
7.999070e-002  2.578774e-001  3.002629e-001  2.000436e-001  9.977296e-002  4.112068e-002  1.515668e-002  -2.598394e-003  -3.251429e-002  -1.020201e-001  -2.213184e-001  -3.109293e-001  -3.825605e-001  -2.733093e-001  -7.898346e-002  -0.000000e+000  
7.172334e-002  2.295403e-001  2.662944e-001  1.780495e-001  8.788187e-002  3.574009e-002  1.437615e-002  9.312355e-004  -2.386353e-002  -8.551719e-002  -1.921770e-001  -2.704442e-001  -3.321210e-001  -2.397953e-001  -6.958599e-002  -0.000000e+000  
6.106618e-002  1.946995e-001  2.250088e-001  1.497988e-001  7.211902e-002  2.859178e-002  1.316340e-002  5.174292e-003  -1.301318e-002  -6.435230e-002  -1.555614e-001  -2.216401e-001  -2.733118e-001  -1.982498e-001  -5.737545e-002  -0.000000e+000  
4.847755e-002  1.546830e-001  1.778328e-001  1.163457e-001  5.291790e-002  1.981200e-002  1.154310e-002  1.007732e-002  -1.476218e-004  -3.907606e-002  -1.127997e-001  -1.661836e-001  -2.078383e-001  -1.502441e-001  -4.280333e-002  -0.000000e+000  
3.433871e-002  1.105348e-001  1.258975e-001  7.859954e-002  3.073108e-002  9.566342e-003  9.547966e-003  1.557175e-002  1.451127e-002  -1.025967e-002  -6.502270e-002  -1.053865e-001  -1.370210e-001  -9.706318e-002  -2.628389e-002  -0.000000e+000  
1.896589e-002  6.309657e-002  7.013018e-002  3.734984e-002  6.012063e-003  -1.959241e-003  7.216842e-003  2.157687e-002  3.071535e-002  2.152738e-002  -1.320186e-002  -4.032379e-002  -6.193420e-002  -3.977287e-002  -8.188682e-003  -0.000000e+000  
2.623795e-003  1.306500e-002  1.131460e-002  -6.709074e-003  -2.079400e-002  -1.456508e-002  4.593201e-003  2.800245e-002  4.819883e-002  5.572818e-002  4.181383e-002  2.809216e-002  1.651303e-002  2.072627e-002  1.115154e-002  -0.000000e+000  
-1.446215e-002  -3.896709e-002  -4.986818e-002  -5.295569e-002  -4.925381e-002  -2.804254e-002  1.723910e-003  3.475099e-002  6.668423e-002  9.180217e-002  9.926674e-002  9.906203e-002  9.752499e-002  8.365583e-002  3.144122e-002  -0.000000e+000  
-3.209517e-002  -9.247985e-002  -1.128096e-001  -1.008221e-001  -7.894569e-002  -4.217701e-002  -1.341650e-003  4.171947e-002  8.588647e-002  1.292244e-001  1.584650e-001  1.718646e-001  1.803841e-001  1.483252e-001  5.241300e-002  -0.000000e+000  
-5.009826e-002  -1.470026e-001  -1.769500e-001  -1.497776e-001  -1.094569e-001  -5.674964e-002  -4.552173e-003  4.880082e-002  1.055152e-001  1.674823e-001  2.187613e-001  2.458303e-001  2.644241e-001  2.141037e-001  7.382024e-002  -0.000000e+000  
-6.830657e-002  -2.020944e-001  -2.417592e-001  -1.993134e-001  -1.403798e-001  -7.153793e-002  -7.854772e-003  5.588495e-002  1.252758e-001  2.060704e-001  2.795354e-001  3.203206e-001  3.490096e-001  2.803977e-001  9.542965e-002  -0.000000e+000  
-8.656078e-002  -2.573274e-001  -3.067189e-001  -2.489294e-001  -1.713064e-001  -8.631586e-002  -1.119517e-002  6.285966e-002  1.448702e-001  2.444849e-001  3.401779e-001  3.947094e-001  4.335169e-001  3.466299e-001  1.170141e-001  -0.000000e+000  
-1.047009e-001  -3.122709e-001  -3.713071e-001  -2.981210e-001  -2.018237e-001  -1.008534e-001  -1.451778e-002  6.961134e-002  1.639962e-001  2.822174e-001  4.000760e-001  4.683667e-001  5.173182e-001  4.122209e-001  1.383457e-001  -0.000000e+000  
-1.225599e-001  -3.664768e-001  -4.349816e-001  -3.463659e-001  -2.315071e-001  -1.149163e-001  -1.776582e-002  7.602567e-002  1.823478e-001  3.187483e-001  4.585987e-001  5.406424e-001  5.997649e-001  4.765706e-001  1.591883e-001  -0.000000e+000  
-1.399575e-001  -4.194626e-001  -4.971632e-001  -3.931110e-001  -2.599158e-001  -1.282653e-001  -2.088141e-002  8.198847e-002  1.996148e-001  3.535403e-001  5.150824e-001  6.108498e-001  6.801703e-001  5.390392e-001  1.792906e-001  -0.000000e+000  
-1.566928e-001  -4.706936e-001  -5.572170e-001  -4.377570e-001  -2.865867e-001  -1.406572e-001  -2.380596e-002  8.738661e-002  2.154839e-001  3.860330e-001  5.688141e-001  6.782461e-001  7.577907e-001  5.989257e-001  1.983782e-001  -0.000000e+000  
-1.725355e-001  -5.195609e-001  -6.144306e-001  -4.796425e-001  -3.110308e-001  -1.518453e-001  -2.648068e-002  9.210940e-002  2.296398e-001  4.156371e-001  6.190131e-001  7.420111e-001  8.318031e-001  6.554431e-001  2.161454e-001  -0.000000e+000  
-1.872157e-001  -5.653544e-001  -6.679872e-001  -5.180250e-001  -3.327298e-001  -1.615819e-001  -2.884750e-002  9.605019e-002  2.417681e-001  4.417310e-001  6.648088e-001  8.012195e-001  9.012772e-001  7.076883e-001  2.322464e-001  -0.000000e+000  
-2.004115e-001  -6.072282e-001  -7.169319e-001  -5.520592e-001  -3.511356e-001  -1.696225e-001  -3.085035e-002  9.910869e-002  2.515607e-001  4.636597e-001  7.052139e-001  8.548054e-001  9.651393e-001  7.546050e-001  2.462866e-001  -0.000000e+000  
-2.117333e-001  -6.441539e-001  -7.601266e-001  -5.807705e-001  -3.656740e-001  -1.757317e-001  -3.243696e-002  1.011937e-001  2.587227e-001  4.807375e-001  7.390903e-001  9.015138e-001  1.022121e+000  7.949365e-001  2.578142e-001  -0.000000e+000  
-2.207068e-001  -6.748574e-001  -7.961869e-001  -6.030256e-001  -3.757542e-001  -1.796919e-001  -3.356105e-002  1.022264e-001  2.629828e-001  4.922588e-001  7.651082e-001  9.398295e-001  1.070686e+000  8.271655e-001  2.663153e-001  -0.000000e+000  
-2.267537e-001  -6.977311e-001  -8.233902e-001  -6.174992e-001  -3.807881e-001  -1.813152e-001  -3.418508e-002  1.021446e-001  2.641076e-001  4.975197e-001  7.816980e-001  9.678693e-001  1.108907e+000  8.494391e-001  2.712141e-001  -0.000000e+000  
-2.291774e-001  -7.107093e-001  -8.395323e-001  -6.226454e-001  -3.802240e-001  -1.804580e-001  -3.428319e-002  1.009061e-001  2.619189e-001  4.958574e-001  7.870035e-001  9.832074e-001  1.134259e+000  8.594757e-001  2.718861e-001  -0.000000e+000  
-2.271628e-001  -7.110892e-001  -8.416894e-001  -6.166895e-001  -3.736021e-001  -1.770385e-001  -3.384425e-002  9.849390e-002  2.563148e-001  4.867171e-001  7.788651e-001  9.825855e-001  1.143214e+000  8.544617e-001  2.676934e-001  -0.000000e+000  
-2.198170e-001  -6.952739e-001  -8.257986e-001  -5.976881e-001  -3.606379e-001  -1.710557e-001  -3.287444e-002  9.491863e-002  2.472924e-001  4.697544e-001  7.549085e-001  9.614352e-001  1.130385e+000  8.309612e-001  2.580592e-001  -0.000000e+000  
-2.063027e-001  -6.584069e-001  -7.858692e-001  -5.637746e-001  -3.413414e-001  -1.626064e-001  -3.139876e-002  9.022109e-002  2.349683e-001  4.449817e-001  7.129282e-001  9.132133e-001  1.086486e+000  7.849216e-001  2.426058e-001  -0.000000e+000  
-1.861726e-001  -5.938676e-001  -7.124231e-001  -5.138688e-001  -3.161687e-001  -1.518960e-001  -2.946081e-002  8.447163e-002  2.195898e-001  4.129471e-001  6.519538e-001  8.292252e-001  9.928600e-001  7.120190e-001  2.213872e-001  -0.000000e+000  
-1.601137e-001  -4.926337e-001  -5.892733e-001  -4.495158e-001  -2.861672e-001  -1.392333e-001  -2.711994e-002  7.776654e-002  2.015293e-001  3.748813e-001  5.745673e-001  7.034002e-001  8.048704e-001  6.090827e-001  1.952441e-001  -0.000000e+000  
-1.348074e-001  -3.923152e-001  -4.652747e-001  -3.857948e-001  -2.557541e-001  -1.261375e-001  -2.465743e-002  7.080875e-002  1.828548e-001  3.361358e-001  4.976130e-001  5.784093e-001  6.117463e-001  5.076402e-001  1.696120e-001  -0.000000e+000  
-1.102985e-001  -3.097494e-001  -3.674374e-001  -3.219305e-001  -2.221400e-001  -1.111396e-001  -2.179771e-002  6.274438e-002  1.614007e-001  2.929611e-001  4.186208e-001  4.672862e-001  4.785887e-001  4.151044e-001  1.433651e-001  -0.000000e+000  
-8.769080e-002  -2.407603e-001  -2.868629e-001  -2.609097e-001  -1.865338e-001  -9.462030e-002  -1.861236e-002  5.372797e-002  1.376656e-001  2.468185e-001  3.416575e-001  3.709678e-001  3.744377e-001  3.316715e-001  1.174724e-001  -0.000000e+000  
-6.720577e-002  -1.819459e-001  -2.180547e-001  -2.034962e-001  -1.498112e-001  -7.693096e-002  -1.517024e-002  4.392046e-002  1.121258e-001  1.988184e-001  2.680750e-001  2.858389e-001  2.863412e-001  2.561055e-001  9.239890e-002  -0.000000e+000  
-4.863328e-002  -1.305557e-001  -1.573496e-001  -1.494494e-001  -1.125438e-001  -5.837980e-002  -1.153461e-002  3.348431e-002  8.521724e-002  1.497312e-001  1.978445e-001  2.085082e-001  2.079661e-001  1.867803e-001  6.826797e-002  -0.000000e+000  
-3.156802e-002  -8.433479e-002  -1.021021e-001  -9.809448e-002  -7.506380e-002  -3.922992e-002  -7.761901e-003  2.258051e-002  5.733113e-002  1.000533e-001  1.303371e-001  1.363754e-001  1.356664e-001  1.220359e-001  4.498602e-002  -0.000000e+000  
-1.552658e-002  -4.137793e-002  -5.023929e-002  -4.858207e-002  -3.753180e-002  -1.970498e-002  -3.902057e-003  1.136723e-002  2.881833e-002  5.008443e-002  6.469756e-002  6.742913e-002  6.698315e-002  6.028138e-002  2.232886e-002  -0.000000e+000  
-0.000000e+000  -0.000000e+000  -0.000000e+000  -0.000000e+000  -0.000000e+000  -0.000000e+000  -0.000000e+000  -0.000000e+000  -0.000000e+000  -0.000000e+000  -0.000000e+000  -0.000000e+000  -0.000000e+000  -0.000000e+000  -0.000000e+000  -0.000000e+000  

0.000000e+000  0.000000e+000  0.000000e+000  0.000000e+000  0.000000e+000  0.000000e+000  0.000000e+000  0.000000e+000  0.000000e+000  0.000000e+000  0.000000e+000  0.000000e+000  0.000000e+000  0.000000e+000  0.000000e+000  0.000000e+000  
0.000000e+000  0.000000e+000  0.000000e+000  0.000000e+000  0.000000e+000  0.000000e+000  0.000000e+000  0.000000e+000  0.000000e+000  0.000000e+000  0.000000e+000  0.000000e+000  0.000000e+000  0.000000e+000  0.000000e+000  0.000000e+000  
0.000000e+000  0.000000e+000  0.000000e+000  0.000000e+000  0.000000e+000  0.000000e+000  0.000000e+000  0.000000e+000  0.000000e+000  0.000000e+000  0.000000e+000  0.000000e+000  0.000000e+000  0.000000e+000  0.000000e+000  0.000000e+000  
0.000000e+000  0.000000e+000  0.000000e+000  0.000000e+000  0.000000e+000  0.000000e+000  0.000000e+000  0.000000e+000  0.000000e+000  0.000000e+000  0.000000e+000  0.000000e+000  0.000000e+000  0.000000e+000  0.000000e+000  0.000000e+000  
0.000000e+000  0.000000e+000  0.000000e+000  0.000000e+000  0.000000e+000  0.000000e+000  0.000000e+000  0.000000e+000  0.000000e+000  0.000000e+000  0.000000e+000  0.000000e+000  0.000000e+000  0.000000e+000  0.000000e+000  0.000000e+000  
0.000000e+000  0.000000e+000  0.000000e+000  0.000000e+000  0.000000e+000  0.000000e+000  0.000000e+000  0.000000e+000  0.000000e+000  0.000000e+000  0.000000e+000  0.000000e+000  0.000000e+000  0.000000e+000  0.000000e+000  0.000000e+000  
0.000000e+000  0.000000e+000  0.000000e+000  0.000000e+000  0.000000e+000  0.000000e+000  0.000000e+000  0.000000e+000  0.000000e+000  0.000000e+000  0.000000e+000  0.000000e+000  0.000000e+000  0.000000e+000  0.000000e+000  0.000000e+000  
0.000000e+000  0.000000e+000  0.000000e+000  0.000000e+000  0.000000e+000  0.000000e+000  0.000000e+000  0.000000e+000  0.000000e+000  0.000000e+000  0.000000e+000  0.000000e+000  0.000000e+000  0.000000e+000  0.000000e+000  0.000000e+000  
0.000000e+000  0.000000e+000  0.000000e+000  0.000000e+000  0.000000e+000  0.000000e+000  0.000000e+000  0.000000e+000  0.000000e+000  0.000000e+000  0.000000e+000  0.000000e+000  0.000000e+000  0.000000e+000  0.000000e+000  0.000000e+000  
0.000000e+000  0.000000e+000  0.000000e+000  0.000000e+000  0.000000e+000  0.000000e+000  0.000000e+000  0.000000e+000  0.000000e+000  0.000000e+000  0.000000e+000  0.000000e+000  0.000000e+000  0.000000e+000  0.000000e+000  0.000000e+000  
0.000000e+000  0.000000e+000  0.000000e+000  0.000000e+000  0.000000e+000  0.000000e+000  0.000000e+000  0.000000e+000  0.000000e+000  0.000000e+000  0.000000e+000  0.000000e+000  0.000000e+000  0.000000e+000  0.000000e+000  0.000000e+000  
0.000000e+000  0.000000e+000  0.000000e+000  0.000000e+000  0.000000e+000  0.000000e+000  0.000000e+000  0.000000e+000  0.000000e+000  0.000000e+000  0.000000e+000  0.000000e+000  0.000000e+000  0.000000e+000  0.000000e+000  0.000000e+000  
0.000000e+000  0.000000e+000  0.000000e+000  0.000000e+000  0.000000e+000  0.000000e+000  0.000000e+000  0.000000e+000  0.000000e+000  0.000000e+000  0.000000e+000  0.000000e+000  0.000000e+000  0.000000e+000  0.000000e+000  0.000000e+000  
0.000000e+000  0.000000e+000  0.000000e+000  0.000000e+000  0.000000e+000  0.000000e+000  0.000000e+000  0.000000e+000  0.000000e+000  0.000000e+000  0.000000e+000  0.000000e+000  0.000000e+000  0.000000e+000  0.000000e+000  0.000000e+000  
0.000000e+000  0.000000e+000  0.000000e+000  0.000000e+000  0.000000e+000  0.000000e+000  0.000000e+000  0.000000e+000  0.000000e+000  0.000000e+000  0.000000e+000  0.000000e+000  0.000000e+000  0.000000e+000  0.000000e+000  0.000000e+000  
0.000000e+000  0.000000e+000  0.000000e+000  0.000000e+000  0.000000e+000  0.000000e+000  0.000000e+000  0.000000e+000  0.000000e+000  0.000000e+000  0.000000e+000  0.000000e+000  0.000000e+000  0.000000e+000  0.000000e+000  0.000000e+000  
0.000000e+000  0.000000e+000  0.000000e+000  0.000000e+000  0.000000e+000  0.000000e+000  0.000000e+000  0.000000e+000  0.000000e+000  0.000000e+000  0.000000e+000  0.000000e+000  0.000000e+000  0.000000e+000  0.000000e+000  0.000000e+000  
0.000000e+000  0.000000e+000  0.000000e+000  0.000000e+000  0.000000e+000  0.000000e+000  0.000000e+000  0.000000e+000  0.000000e+000  0.000000e+000  0.000000e+000  0.000000e+000  0.000000e+000  0.000000e+000  0.000000e+000  0.000000e+000  
0.000000e+000  0.000000e+000  0.000000e+000  0.000000e+000  0.000000e+000  0.000000e+000  0.000000e+000  0.000000e+000  0.000000e+000  0.000000e+000  0.000000e+000  0.000000e+000  0.000000e+000  0.000000e+000  0.000000e+000  0.000000e+000  
0.000000e+000  0.000000e+000  0.000000e+000  0.000000e+000  0.000000e+000  0.000000e+000  0.000000e+000  0.000000e+000  0.000000e+000  0.000000e+000  0.000000e+000  0.000000e+000  0.000000e+000  0.000000e+000  0.000000e+000  0.000000e+000  
0.000000e+000  0.000000e+000  0.000000e+000  0.000000e+000  0.000000e+000  0.000000e+000  0.000000e+000  0.000000e+000  0.000000e+000  0.000000e+000  0.000000e+000  0.000000e+000  0.000000e+000  0.000000e+000  0.000000e+000  0.000000e+000  
0.000000e+000  0.000000e+000  0.000000e+000  0.000000e+000  0.000000e+000  0.000000e+000  0.000000e+000  0.000000e+000  0.000000e+000  0.000000e+000  0.000000e+000  0.000000e+000  0.000000e+000  0.000000e+000  0.000000e+000  0.000000e+000  
0.000000e+000  0.000000e+000  0.000000e+000  0.000000e+000  0.000000e+000  0.000000e+000  0.000000e+000  0.000000e+000  0.000000e+000  0.000000e+000  0.000000e+000  0.000000e+000  0.000000e+000  0.000000e+000  0.000000e+000  0.000000e+000  
0.000000e+000  0.000000e+000  0.000000e+000  0.000000e+000  0.000000e+000  0.000000e+000  0.000000e+000  0.000000e+000  0.000000e+000  0.000000e+000  0.000000e+000  0.000000e+000  0.000000e+000  0.000000e+000  0.000000e+000  0.000000e+000  
0.000000e+000  0.000000e+000  0.000000e+000  0.000000e+000  0.000000e+000  0.000000e+000  0.000000e+000  0.000000e+000  0.000000e+000  0.000000e+000  0.000000e+000  0.000000e+000  0.000000e+000  0.000000e+000  0.000000e+000  0.000000e+000  
0.000000e+000  0.000000e+000  0.000000e+000  0.000000e+000  0.000000e+000  0.000000e+000  0.000000e+000  0.000000e+000  0.000000e+000  0.000000e+000  0.000000e+000  0.000000e+000  0.000000e+000  0.000000e+000  0.000000e+000  0.000000e+000  
0.000000e+000  0.000000e+000  0.000000e+000  0.000000e+000  0.000000e+000  0.000000e+000  0.000000e+000  0.000000e+000  0.000000e+000  0.000000e+000  0.000000e+000  0.000000e+000  0.000000e+000  0.000000e+000  0.000000e+000  0.000000e+000  
0.000000e+000  0.000000e+000  0.000000e+000  0.000000e+000  0.000000e+000  0.000000e+000  0.000000e+000  0.000000e+000  0.000000e+000  0.000000e+000  0.000000e+000  0.000000e+000  0.000000e+000  0.000000e+000  0.000000e+000  0.000000e+000  
0.000000e+000  0.000000e+000  0.000000e+000  0.000000e+000  0.000000e+000  0.000000e+000  0.000000e+000  0.000000e+000  0.000000e+000  0.000000e+000  0.000000e+000  0.000000e+000  0.000000e+000  0.000000e+000  0.000000e+000  0.000000e+000  
0.000000e+000  0.000000e+000  0.000000e+000  0.000000e+000  0.000000e+000  0.000000e+000  0.000000e+000  0.000000e+000  0.000000e+000  0.000000e+000  0.000000e+000  0.000000e+000  0.000000e+000  0.000000e+000  0.000000e+000  0.000000e+000  
0.000000e+000  0.000000e+000  0.000000e+000  0.000000e+000  0.000000e+000  0.000000e+000  0.000000e+000  0.000000e+000  0.000000e+000  0.000000e+000  0.000000e+000  0.000000e+000  0.000000e+000  0.000000e+000  0.000000e+000  0.000000e+000  
0.000000e+000  0.000000e+000  0.000000e+000  0.000000e+000  0.000000e+000  0.000000e+000  0.000000e+000  0.000000e+000  0.000000e+000  0.000000e+000  0.000000e+000  0.000000e+000  0.000000e+000  0.000000e+000  0.000000e+000  0.000000e+000  
0.000000e+000  0.000000e+000  0.000000e+000  0.000000e+000  0.000000e+000  0.000000e+000  0.000000e+000  0.000000e+000  0.000000e+000  0.000000e+000  0.000000e+000  0.000000e+000  0.000000e+000  0.000000e+000  0.000000e+000  0.000000e+000  
0.000000e+000  0.000000e+000  0.000000e+000  0.000000e+000  0.000000e+000  0.000000e+000  0.000000e+000  0.000000e+000  0.000000e+000  0.000000e+000  0.000000e+000  0.000000e+000  0.000000e+000  0.000000e+000  0.000000e+000  0.000000e+000  
0.000000e+000  0.000000e+000  0.000000e+000  0.000000e+000  0.000000e+000  0.000000e+000  0.000000e+000  0.000000e+000  0.000000e+000  0.000000e+000  0.000000e+000  0.000000e+000  0.000000e+000  0.000000e+000  0.000000e+000  0.000000e+000  
0.000000e+000  0.000000e+000  0.000000e+000  0.000000e+000  0.000000e+000  0.000000e+000  0.000000e+000  0.000000e+000  0.000000e+000  0.000000e+000  0.000000e+000  0.000000e+000  0.000000e+000  0.000000e+000  0.000000e+000  0.000000e+000  
0.000000e+000  0.000000e+000  0.000000e+000  0.000000e+000  0.000000e+000  0.000000e+000  0.000000e+000  0.000000e+000  0.000000e+000  0.000000e+000  0.000000e+000  0.000000e+000  0.000000e+000  0.000000e+000  0.000000e+000  0.000000e+000  
0.000000e+000  0.000000e+000  0.000000e+000  0.000000e+000  0.000000e+000  0.000000e+000  0.000000e+000  0.000000e+000  0.000000e+000  0.000000e+000  0.000000e+000  0.000000e+000  0.000000e+000  0.000000e+000  0.000000e+000  0.000000e+000  
0.000000e+000  0.000000e+000  0.000000e+000  0.000000e+000  0.000000e+000  0.000000e+000  0.000000e+000  0.000000e+000  0.000000e+000  0.000000e+000  0.000000e+000  0.000000e+000  0.000000e+000  0.000000e+000  0.000000e+000  0.000000e+000  
0.000000e+000  0.000000e+000  0.000000e+000  0.000000e+000  0.000000e+000  0.000000e+000  0.000000e+000  0.000000e+000  0.000000e+000  0.000000e+000  0.000000e+000  0.000000e+000  0.000000e+000  0.000000e+000  0.000000e+000  0.000000e+000  
0.000000e+000  0.000000e+000  0.000000e+000  0.000000e+000  0.000000e+000  0.000000e+000  0.000000e+000  0.000000e+000  0.000000e+000  0.000000e+000  0.000000e+000  0.000000e+000  0.000000e+000  0.000000e+000  0.000000e+000  0.000000e+000  
0.000000e+000  0.000000e+000  0.000000e+000  0.000000e+000  0.000000e+000  0.000000e+000  0.000000e+000  0.000000e+000  0.000000e+000  0.000000e+000  0.000000e+000  0.000000e+000  0.000000e+000  0.000000e+000  0.000000e+000  0.000000e+000  
0.000000e+000  0.000000e+000  0.000000e+000  0.000000e+000  0.000000e+000  0.000000e+000  0.000000e+000  0.000000e+000  0.000000e+000  0.000000e+000  0.000000e+000  0.000000e+000  0.000000e+000  0.000000e+000  0.000000e+000  0.000000e+000  
0.000000e+000  0.000000e+000  0.000000e+000  0.000000e+000  0.000000e+000  0.000000e+000  0.000000e+000  0.000000e+000  0.000000e+000  0.000000e+000  0.000000e+000  0.000000e+000  0.000000e+000  0.000000e+000  0.000000e+000  0.000000e+000  
0.000000e+000  0.000000e+000  0.000000e+000  0.000000e+000  0.000000e+000  0.000000e+000  0.000000e+000  0.000000e+000  0.000000e+000  0.000000e+000  0.000000e+000  0.000000e+000  0.000000e+000  0.000000e+000  0.000000e+000  0.000000e+000  
0.000000e+000  0.000000e+000  0.000000e+000  0.000000e+000  0.000000e+000  0.000000e+000  0.000000e+000  0.000000e+000  0.000000e+000  0.000000e+000  0.000000e+000  0.000000e+000  0.000000e+000  0.000000e+000  0.000000e+000  0.000000e+000  
0.000000e+000  0.000000e+000  0.000000e+000  0.000000e+000  0.000000e+000  0.000000e+000  0.000000e+000  0.000000e+000  0.000000e+000  0.000000e+000  0.000000e+000  0.000000e+000  0.000000e+000  0.000000e+000  0.000000e+000  0.000000e+000  
0.000000e+000  0.000000e+000  0.000000e+000  0.000000e+000  0.000000e+000  0.000000e+000  0.000000e+000  0.000000e+000  0.000000e+000  0.000000e+000  0.000000e+000  0.000000e+000  0.000000e+000  0.000000e+000  0.000000e+000  0.000000e+000  
0.000000e+000  0.000000e+000  0.000000e+000  0.000000e+000  0.000000e+000  0.000000e+000  0.000000e+000  0.000000e+000  0.000000e+000  0.000000e+000  0.000000e+000  0.000000e+000  0.000000e+000  0.000000e+000  0.000000e+000  0.000000e+000  

0.000000e+000  0.000000e+000  0.000000e+000  0.000000e+000  0.000000e+000  0.000000e+000  0.000000e+000  0.000000e+000  0.000000e+000  0.000000e+000  0.000000e+000  0.000000e+000  0.000000e+000  0.000000e+000  0.000000e+000  0.000000e+000  
0.000000e+000  0.000000e+000  0.000000e+000  0.000000e+000  0.000000e+000  0.000000e+000  0.000000e+000  0.000000e+000  0.000000e+000  0.000000e+000  0.000000e+000  0.000000e+000  0.000000e+000  0.000000e+000  0.000000e+000  0.000000e+000  
0.000000e+000  0.000000e+000  0.000000e+000  0.000000e+000  0.000000e+000  0.000000e+000  0.000000e+000  0.000000e+000  0.000000e+000  0.000000e+000  0.000000e+000  0.000000e+000  0.000000e+000  0.000000e+000  0.000000e+000  0.000000e+000  
0.000000e+000  0.000000e+000  0.000000e+000  0.000000e+000  0.000000e+000  0.000000e+000  0.000000e+000  0.000000e+000  0.000000e+000  0.000000e+000  0.000000e+000  0.000000e+000  0.000000e+000  0.000000e+000  0.000000e+000  0.000000e+000  
0.000000e+000  0.000000e+000  0.000000e+000  0.000000e+000  0.000000e+000  0.000000e+000  0.000000e+000  0.000000e+000  0.000000e+000  0.000000e+000  0.000000e+000  0.000000e+000  0.000000e+000  0.000000e+000  0.000000e+000  0.000000e+000  
0.000000e+000  0.000000e+000  0.000000e+000  0.000000e+000  0.000000e+000  0.000000e+000  0.000000e+000  0.000000e+000  0.000000e+000  0.000000e+000  0.000000e+000  0.000000e+000  0.000000e+000  0.000000e+000  0.000000e+000  0.000000e+000  
0.000000e+000  0.000000e+000  0.000000e+000  0.000000e+000  0.000000e+000  0.000000e+000  0.000000e+000  0.000000e+000  0.000000e+000  0.000000e+000  0.000000e+000  0.000000e+000  0.000000e+000  0.000000e+000  0.000000e+000  0.000000e+000  
0.000000e+000  0.000000e+000  0.000000e+000  0.000000e+000  0.000000e+000  0.000000e+000  0.000000e+000  0.000000e+000  0.000000e+000  0.000000e+000  0.000000e+000  0.000000e+000  0.000000e+000  0.000000e+000  0.000000e+000  0.000000e+000  
0.000000e+000  0.000000e+000  0.000000e+000  0.000000e+000  0.000000e+000  0.000000e+000  0.000000e+000  0.000000e+000  0.000000e+000  0.000000e+000  0.000000e+000  0.000000e+000  0.000000e+000  0.000000e+000  0.000000e+000  0.000000e+000  
0.000000e+000  0.000000e+000  0.000000e+000  0.000000e+000  0.000000e+000  0.000000e+000  0.000000e+000  0.000000e+000  0.000000e+000  0.000000e+000  0.000000e+000  0.000000e+000  0.000000e+000  0.000000e+000  0.000000e+000  0.000000e+000  
0.000000e+000  0.000000e+000  0.000000e+000  0.000000e+000  0.000000e+000  0.000000e+000  0.000000e+000  0.000000e+000  0.000000e+000  0.000000e+000  0.000000e+000  0.000000e+000  0.000000e+000  0.000000e+000  0.000000e+000  0.000000e+000  
0.000000e+000  0.000000e+000  0.000000e+000  0.000000e+000  0.000000e+000  0.000000e+000  0.000000e+000  0.000000e+000  0.000000e+000  0.000000e+000  0.000000e+000  0.000000e+000  0.000000e+000  0.000000e+000  0.000000e+000  0.000000e+000  
0.000000e+000  0.000000e+000  0.000000e+000  0.000000e+000  0.000000e+000  0.000000e+000  0.000000e+000  0.000000e+000  0.000000e+000  0.000000e+000  0.000000e+000  0.000000e+000  0.000000e+000  0.000000e+000  0.000000e+000  0.000000e+000  
0.000000e+000  0.000000e+000  0.000000e+000  0.000000e+000  0.000000e+000  0.000000e+000  0.000000e+000  0.000000e+000  0.000000e+000  0.000000e+000  0.000000e+000  0.000000e+000  0.000000e+000  0.000000e+000  0.000000e+000  0.000000e+000  
0.000000e+000  0.000000e+000  0.000000e+000  0.000000e+000  0.000000e+000  0.000000e+000  0.000000e+000  0.000000e+000  0.000000e+000  0.000000e+000  0.000000e+000  0.000000e+000  0.000000e+000  0.000000e+000  0.000000e+000  0.000000e+000  
0.000000e+000  0.000000e+000  0.000000e+000  0.000000e+000  0.000000e+000  0.000000e+000  0.000000e+000  0.000000e+000  0.000000e+000  0.000000e+000  0.000000e+000  0.000000e+000  0.000000e+000  0.000000e+000  0.000000e+000  0.000000e+000  
0.000000e+000  0.000000e+000  0.000000e+000  0.000000e+000  0.000000e+000  0.000000e+000  0.000000e+000  0.000000e+000  0.000000e+000  0.000000e+000  0.000000e+000  0.000000e+000  0.000000e+000  0.000000e+000  0.000000e+000  0.000000e+000  
0.000000e+000  0.000000e+000  0.000000e+000  0.000000e+000  0.000000e+000  0.000000e+000  0.000000e+000  0.000000e+000  0.000000e+000  0.000000e+000  0.000000e+000  0.000000e+000  0.000000e+000  0.000000e+000  0.000000e+000  0.000000e+000  
0.000000e+000  0.000000e+000  0.000000e+000  0.000000e+000  0.000000e+000  0.000000e+000  0.000000e+000  0.000000e+000  0.000000e+000  0.000000e+000  0.000000e+000  0.000000e+000  0.000000e+000  0.000000e+000  0.000000e+000  0.000000e+000  
0.000000e+000  0.000000e+000  0.000000e+000  0.000000e+000  0.000000e+000  0.000000e+000  0.000000e+000  0.000000e+000  0.000000e+000  0.000000e+000  0.000000e+000  0.000000e+000  0.000000e+000  0.000000e+000  0.000000e+000  0.000000e+000  
0.000000e+000  0.000000e+000  0.000000e+000  0.000000e+000  0.000000e+000  0.000000e+000  0.000000e+000  0.000000e+000  0.000000e+000  0.000000e+000  0.000000e+000  0.000000e+000  0.000000e+000  0.000000e+000  0.000000e+000  0.000000e+000  
0.000000e+000  0.000000e+000  0.000000e+000  0.000000e+000  0.000000e+000  0.000000e+000  0.000000e+000  0.000000e+000  0.000000e+000  0.000000e+000  0.000000e+000  0.000000e+000  0.000000e+000  0.000000e+000  0.000000e+000  0.000000e+000  
0.000000e+000  0.000000e+000  0.000000e+000  0.000000e+000  0.000000e+000  0.000000e+000  0.000000e+000  0.000000e+000  0.000000e+000  0.000000e+000  0.000000e+000  0.000000e+000  0.000000e+000  0.000000e+000  0.000000e+000  0.000000e+000  
0.000000e+000  0.000000e+000  0.000000e+000  0.000000e+000  0.000000e+000  0.000000e+000  0.000000e+000  0.000000e+000  0.000000e+000  0.000000e+000  0.000000e+000  0.000000e+000  0.000000e+000  0.000000e+000  0.000000e+000  0.000000e+000  
0.000000e+000  0.000000e+000  0.000000e+000  0.000000e+000  0.000000e+000  0.000000e+000  0.000000e+000  0.000000e+000  0.000000e+000  0.000000e+000  0.000000e+000  0.000000e+000  0.000000e+000  0.000000e+000  0.000000e+000  0.000000e+000  
0.000000e+000  0.000000e+000  0.000000e+000  0.000000e+000  0.000000e+000  0.000000e+000  0.000000e+000  0.000000e+000  0.000000e+000  0.000000e+000  0.000000e+000  0.000000e+000  0.000000e+000  0.000000e+000  0.000000e+000  0.000000e+000  
0.000000e+000  0.000000e+000  0.000000e+000  0.000000e+000  0.000000e+000  0.000000e+000  0.000000e+000  0.000000e+000  0.000000e+000  0.000000e+000  0.000000e+000  0.000000e+000  0.000000e+000  0.000000e+000  0.000000e+000  0.000000e+000  
0.000000e+000  0.000000e+000  0.000000e+000  0.000000e+000  0.000000e+000  0.000000e+000  0.000000e+000  0.000000e+000  0.000000e+000  0.000000e+000  0.000000e+000  0.000000e+000  0.000000e+000  0.000000e+000  0.000000e+000  0.000000e+000  
0.000000e+000  0.000000e+000  0.000000e+000  0.000000e+000  0.000000e+000  0.000000e+000  0.000000e+000  0.000000e+000  0.000000e+000  0.000000e+000  0.000000e+000  0.000000e+000  0.000000e+000  0.000000e+000  0.000000e+000  0.000000e+000  
0.000000e+000  0.000000e+000  0.000000e+000  0.000000e+000  0.000000e+000  0.000000e+000  0.000000e+000  0.000000e+000  0.000000e+000  0.000000e+000  0.000000e+000  0.000000e+000  0.000000e+000  0.000000e+000  0.000000e+000  0.000000e+000  
0.000000e+000  0.000000e+000  0.000000e+000  0.000000e+000  0.000000e+000  0.000000e+000  0.000000e+000  0.000000e+000  0.000000e+000  0.000000e+000  0.000000e+000  0.000000e+000  0.000000e+000  0.000000e+000  0.000000e+000  0.000000e+000  
0.000000e+000  0.000000e+000  0.000000e+000  0.000000e+000  0.000000e+000  0.000000e+000  0.000000e+000  0.000000e+000  0.000000e+000  0.000000e+000  0.000000e+000  0.000000e+000  0.000000e+000  0.000000e+000  0.000000e+000  0.000000e+000  
0.000000e+000  0.000000e+000  0.000000e+000  0.000000e+000  0.000000e+000  0.000000e+000  0.000000e+000  0.000000e+000  0.000000e+000  0.000000e+000  0.000000e+000  0.000000e+000  0.000000e+000  0.000000e+000  0.000000e+000  0.000000e+000  
0.000000e+000  0.000000e+000  0.000000e+000  0.000000e+000  0.000000e+000  0.000000e+000  0.000000e+000  0.000000e+000  0.000000e+000  0.000000e+000  0.000000e+000  0.000000e+000  0.000000e+000  0.000000e+000  0.000000e+000  0.000000e+000  
0.000000e+000  0.000000e+000  0.000000e+000  0.000000e+000  0.000000e+000  0.000000e+000  0.000000e+000  0.000000e+000  0.000000e+000  0.000000e+000  0.000000e+000  0.000000e+000  0.000000e+000  0.000000e+000  0.000000e+000  0.000000e+000  
0.000000e+000  0.000000e+000  0.000000e+000  0.000000e+000  0.000000e+000  0.000000e+000  0.000000e+000  0.000000e+000  0.000000e+000  0.000000e+000  0.000000e+000  0.000000e+000  0.000000e+000  0.000000e+000  0.000000e+000  0.000000e+000  
0.000000e+000  0.000000e+000  0.000000e+000  0.000000e+000  0.000000e+000  0.000000e+000  0.000000e+000  0.000000e+000  0.000000e+000  0.000000e+000  0.000000e+000  0.000000e+000  0.000000e+000  0.000000e+000  0.000000e+000  0.000000e+000  
0.000000e+000  0.000000e+000  0.000000e+000  0.000000e+000  0.000000e+000  0.000000e+000  0.000000e+000  0.000000e+000  0.000000e+000  0.000000e+000  0.000000e+000  0.000000e+000  0.000000e+000  0.000000e+000  0.000000e+000  0.000000e+000  
0.000000e+000  0.000000e+000  0.000000e+000  0.000000e+000  0.000000e+000  0.000000e+000  0.000000e+000  0.000000e+000  0.000000e+000  0.000000e+000  0.000000e+000  0.000000e+000  0.000000e+000  0.000000e+000  0.000000e+000  0.000000e+000  
0.000000e+000  0.000000e+000  0.000000e+000  0.000000e+000  0.000000e+000  0.000000e+000  0.000000e+000  0.000000e+000  0.000000e+000  0.000000e+000  0.000000e+000  0.000000e+000  0.000000e+000  0.000000e+000  0.000000e+000  0.000000e+000  
0.000000e+000  0.000000e+000  0.000000e+000  0.000000e+000  0.000000e+000  0.000000e+000  0.000000e+000  0.000000e+000  0.000000e+000  0.000000e+000  0.000000e+000  0.000000e+000  0.000000e+000  0.000000e+000  0.000000e+000  0.000000e+000  
0.000000e+000  0.000000e+000  0.000000e+000  0.000000e+000  0.000000e+000  0.000000e+000  0.000000e+000  0.000000e+000  0.000000e+000  0.000000e+000  0.000000e+000  0.000000e+000  0.000000e+000  0.000000e+000  0.000000e+000  0.000000e+000  
0.000000e+000  0.000000e+000  0.000000e+000  0.000000e+000  0.000000e+000  0.000000e+000  0.000000e+000  0.000000e+000  0.000000e+000  0.000000e+000  0.000000e+000  0.000000e+000  0.000000e+000  0.000000e+000  0.000000e+000  0.000000e+000  
0.000000e+000  0.000000e+000  0.000000e+000  0.000000e+000  0.000000e+000  0.000000e+000  0.000000e+000  0.000000e+000  0.000000e+000  0.000000e+000  0.000000e+000  0.000000e+000  0.000000e+000  0.000000e+000  0.000000e+000  0.000000e+000  
0.000000e+000  0.000000e+000  0.000000e+000  0.000000e+000  0.000000e+000  0.000000e+000  0.000000e+000  0.000000e+000  0.000000e+000  0.000000e+000  0.000000e+000  0.000000e+000  0.000000e+000  0.000000e+000  0.000000e+000  0.000000e+000  
0.000000e+000  0.000000e+000  0.000000e+000  0.000000e+000  0.000000e+000  0.000000e+000  0.000000e+000  0.000000e+000  0.000000e+000  0.000000e+000  0.000000e+000  0.000000e+000  0.000000e+000  0.000000e+000  0.000000e+000  0.000000e+000  
0.000000e+000  0.000000e+000  0.000000e+000  0.000000e+000  0.000000e+000  0.000000e+000  0.000000e+000  0.000000e+000  0.000000e+000  0.000000e+000  0.000000e+000  0.000000e+000  0.000000e+000  0.000000e+000  0.000000e+000  0.000000e+000  
0.000000e+000  0.000000e+000  0.000000e+000  0.000000e+000  0.000000e+000  0.000000e+000  0.000000e+000  0.000000e+000  0.000000e+000  0.000000e+000  0.000000e+000  0.000000e+000  0.000000e+000  0.000000e+000  0.000000e+000  0.000000e+000  
0.000000e+000  0.000000e+000  0.000000e+000  0.000000e+000  0.000000e+000  0.000000e+000  0.000000e+000  0.000000e+000  0.000000e+000  0.000000e+000  0.000000e+000  0.000000e+000  0.000000e+000  0.000000e+000  0.000000e+000  0.000000e+000  

0.000000e+000  0.000000e+000  0.000000e+000  0.000000e+000  0.000000e+000  0.000000e+000  0.000000e+000  0.000000e+000  0.000000e+000  0.000000e+000  0.000000e+000  0.000000e+000  0.000000e+000  0.000000e+000  0.000000e+000  0.000000e+000  
0.000000e+000  0.000000e+000  0.000000e+000  0.000000e+000  0.000000e+000  0.000000e+000  0.000000e+000  0.000000e+000  0.000000e+000  0.000000e+000  0.000000e+000  0.000000e+000  0.000000e+000  0.000000e+000  0.000000e+000  0.000000e+000  
0.000000e+000  0.000000e+000  0.000000e+000  0.000000e+000  0.000000e+000  0.000000e+000  0.000000e+000  0.000000e+000  0.000000e+000  0.000000e+000  0.000000e+000  0.000000e+000  0.000000e+000  0.000000e+000  0.000000e+000  0.000000e+000  
0.000000e+000  0.000000e+000  0.000000e+000  0.000000e+000  0.000000e+000  0.000000e+000  0.000000e+000  0.000000e+000  0.000000e+000  0.000000e+000  0.000000e+000  0.000000e+000  0.000000e+000  0.000000e+000  0.000000e+000  0.000000e+000  
0.000000e+000  0.000000e+000  0.000000e+000  0.000000e+000  0.000000e+000  0.000000e+000  0.000000e+000  0.000000e+000  0.000000e+000  0.000000e+000  0.000000e+000  0.000000e+000  0.000000e+000  0.000000e+000  0.000000e+000  0.000000e+000  
0.000000e+000  0.000000e+000  0.000000e+000  0.000000e+000  0.000000e+000  0.000000e+000  0.000000e+000  0.000000e+000  0.000000e+000  0.000000e+000  0.000000e+000  0.000000e+000  0.000000e+000  0.000000e+000  0.000000e+000  0.000000e+000  
0.000000e+000  0.000000e+000  0.000000e+000  0.000000e+000  0.000000e+000  0.000000e+000  0.000000e+000  0.000000e+000  0.000000e+000  0.000000e+000  0.000000e+000  0.000000e+000  0.000000e+000  0.000000e+000  0.000000e+000  0.000000e+000  
0.000000e+000  0.000000e+000  0.000000e+000  0.000000e+000  0.000000e+000  0.000000e+000  0.000000e+000  0.000000e+000  0.000000e+000  0.000000e+000  0.000000e+000  0.000000e+000  0.000000e+000  0.000000e+000  0.000000e+000  0.000000e+000  
0.000000e+000  0.000000e+000  0.000000e+000  0.000000e+000  0.000000e+000  0.000000e+000  0.000000e+000  0.000000e+000  0.000000e+000  0.000000e+000  0.000000e+000  0.000000e+000  0.000000e+000  0.000000e+000  0.000000e+000  0.000000e+000  
0.000000e+000  0.000000e+000  0.000000e+000  0.000000e+000  0.000000e+000  0.000000e+000  0.000000e+000  0.000000e+000  0.000000e+000  0.000000e+000  0.000000e+000  0.000000e+000  0.000000e+000  0.000000e+000  0.000000e+000  0.000000e+000  
0.000000e+000  0.000000e+000  0.000000e+000  0.000000e+000  0.000000e+000  0.000000e+000  0.000000e+000  0.000000e+000  0.000000e+000  0.000000e+000  0.000000e+000  0.000000e+000  0.000000e+000  0.000000e+000  0.000000e+000  0.000000e+000  
0.000000e+000  0.000000e+000  0.000000e+000  0.000000e+000  0.000000e+000  0.000000e+000  0.000000e+000  0.000000e+000  0.000000e+000  0.000000e+000  0.000000e+000  0.000000e+000  0.000000e+000  0.000000e+000  0.000000e+000  0.000000e+000  
0.000000e+000  0.000000e+000  0.000000e+000  0.000000e+000  0.000000e+000  0.000000e+000  0.000000e+000  0.000000e+000  0.000000e+000  0.000000e+000  0.000000e+000  0.000000e+000  0.000000e+000  0.000000e+000  0.000000e+000  0.000000e+000  
0.000000e+000  0.000000e+000  0.000000e+000  0.000000e+000  0.000000e+000  0.000000e+000  0.000000e+000  0.000000e+000  0.000000e+000  0.000000e+000  0.000000e+000  0.000000e+000  0.000000e+000  0.000000e+000  0.000000e+000  0.000000e+000  
0.000000e+000  0.000000e+000  0.000000e+000  0.000000e+000  0.000000e+000  0.000000e+000  0.000000e+000  0.000000e+000  0.000000e+000  0.000000e+000  0.000000e+000  0.000000e+000  0.000000e+000  0.000000e+000  0.000000e+000  0.000000e+000  
0.000000e+000  0.000000e+000  0.000000e+000  0.000000e+000  0.000000e+000  0.000000e+000  0.000000e+000  0.000000e+000  0.000000e+000  0.000000e+000  0.000000e+000  0.000000e+000  0.000000e+000  0.000000e+000  0.000000e+000  0.000000e+000  
0.000000e+000  0.000000e+000  0.000000e+000  0.000000e+000  0.000000e+000  0.000000e+000  0.000000e+000  0.000000e+000  0.000000e+000  0.000000e+000  0.000000e+000  0.000000e+000  0.000000e+000  0.000000e+000  0.000000e+000  0.000000e+000  
0.000000e+000  0.000000e+000  0.000000e+000  0.000000e+000  0.000000e+000  0.000000e+000  0.000000e+000  0.000000e+000  0.000000e+000  0.000000e+000  0.000000e+000  0.000000e+000  0.000000e+000  0.000000e+000  0.000000e+000  0.000000e+000  
0.000000e+000  0.000000e+000  0.000000e+000  0.000000e+000  0.000000e+000  0.000000e+000  0.000000e+000  0.000000e+000  0.000000e+000  0.000000e+000  0.000000e+000  0.000000e+000  0.000000e+000  0.000000e+000  0.000000e+000  0.000000e+000  
0.000000e+000  0.000000e+000  0.000000e+000  0.000000e+000  0.000000e+000  0.000000e+000  0.000000e+000  0.000000e+000  0.000000e+000  0.000000e+000  0.000000e+000  0.000000e+000  0.000000e+000  0.000000e+000  0.000000e+000  0.000000e+000  
0.000000e+000  0.000000e+000  0.000000e+000  0.000000e+000  0.000000e+000  0.000000e+000  0.000000e+000  0.000000e+000  0.000000e+000  0.000000e+000  0.000000e+000  0.000000e+000  0.000000e+000  0.000000e+000  0.000000e+000  0.000000e+000  
0.000000e+000  0.000000e+000  0.000000e+000  0.000000e+000  0.000000e+000  0.000000e+000  0.000000e+000  0.000000e+000  0.000000e+000  0.000000e+000  0.000000e+000  0.000000e+000  0.000000e+000  0.000000e+000  0.000000e+000  0.000000e+000  
0.000000e+000  0.000000e+000  0.000000e+000  0.000000e+000  0.000000e+000  0.000000e+000  0.000000e+000  0.000000e+000  0.000000e+000  0.000000e+000  0.000000e+000  0.000000e+000  0.000000e+000  0.000000e+000  0.000000e+000  0.000000e+000  
0.000000e+000  0.000000e+000  0.000000e+000  0.000000e+000  0.000000e+000  0.000000e+000  0.000000e+000  0.000000e+000  0.000000e+000  0.000000e+000  0.000000e+000  0.000000e+000  0.000000e+000  0.000000e+000  0.000000e+000  0.000000e+000  
0.000000e+000  0.000000e+000  0.000000e+000  0.000000e+000  0.000000e+000  0.000000e+000  0.000000e+000  0.000000e+000  0.000000e+000  0.000000e+000  0.000000e+000  0.000000e+000  0.000000e+000  0.000000e+000  0.000000e+000  0.000000e+000  
0.000000e+000  0.000000e+000  0.000000e+000  0.000000e+000  0.000000e+000  0.000000e+000  0.000000e+000  0.000000e+000  0.000000e+000  0.000000e+000  0.000000e+000  0.000000e+000  0.000000e+000  0.000000e+000  0.000000e+000  0.000000e+000  
0.000000e+000  0.000000e+000  0.000000e+000  0.000000e+000  0.000000e+000  0.000000e+000  0.000000e+000  0.000000e+000  0.000000e+000  0.000000e+000  0.000000e+000  0.000000e+000  0.000000e+000  0.000000e+000  0.000000e+000  0.000000e+000  
0.000000e+000  0.000000e+000  0.000000e+000  0.000000e+000  0.000000e+000  0.000000e+000  0.000000e+000  0.000000e+000  0.000000e+000  0.000000e+000  0.000000e+000  0.000000e+000  0.000000e+000  0.000000e+000  0.000000e+000  0.000000e+000  
0.000000e+000  0.000000e+000  0.000000e+000  0.000000e+000  0.000000e+000  0.000000e+000  0.000000e+000  0.000000e+000  0.000000e+000  0.000000e+000  0.000000e+000  0.000000e+000  0.000000e+000  0.000000e+000  0.000000e+000  0.000000e+000  
0.000000e+000  0.000000e+000  0.000000e+000  0.000000e+000  0.000000e+000  0.000000e+000  0.000000e+000  0.000000e+000  0.000000e+000  0.000000e+000  0.000000e+000  0.000000e+000  0.000000e+000  0.000000e+000  0.000000e+000  0.000000e+000  
0.000000e+000  0.000000e+000  0.000000e+000  0.000000e+000  0.000000e+000  0.000000e+000  0.000000e+000  0.000000e+000  0.000000e+000  0.000000e+000  0.000000e+000  0.000000e+000  0.000000e+000  0.000000e+000  0.000000e+000  0.000000e+000  
0.000000e+000  0.000000e+000  0.000000e+000  0.000000e+000  0.000000e+000  0.000000e+000  0.000000e+000  0.000000e+000  0.000000e+000  0.000000e+000  0.000000e+000  0.000000e+000  0.000000e+000  0.000000e+000  0.000000e+000  0.000000e+000  
0.000000e+000  0.000000e+000  0.000000e+000  0.000000e+000  0.000000e+000  0.000000e+000  0.000000e+000  0.000000e+000  0.000000e+000  0.000000e+000  0.000000e+000  0.000000e+000  0.000000e+000  0.000000e+000  0.000000e+000  0.000000e+000  
0.000000e+000  0.000000e+000  0.000000e+000  0.000000e+000  0.000000e+000  0.000000e+000  0.000000e+000  0.000000e+000  0.000000e+000  0.000000e+000  0.000000e+000  0.000000e+000  0.000000e+000  0.000000e+000  0.000000e+000  0.000000e+000  
0.000000e+000  0.000000e+000  0.000000e+000  0.000000e+000  0.000000e+000  0.000000e+000  0.000000e+000  0.000000e+000  0.000000e+000  0.000000e+000  0.000000e+000  0.000000e+000  0.000000e+000  0.000000e+000  0.000000e+000  0.000000e+000  
0.000000e+000  0.000000e+000  0.000000e+000  0.000000e+000  0.000000e+000  0.000000e+000  0.000000e+000  0.000000e+000  0.000000e+000  0.000000e+000  0.000000e+000  0.000000e+000  0.000000e+000  0.000000e+000  0.000000e+000  0.000000e+000  
0.000000e+000  0.000000e+000  0.000000e+000  0.000000e+000  0.000000e+000  0.000000e+000  0.000000e+000  0.000000e+000  0.000000e+000  0.000000e+000  0.000000e+000  0.000000e+000  0.000000e+000  0.000000e+000  0.000000e+000  0.000000e+000  
0.000000e+000  0.000000e+000  0.000000e+000  0.000000e+000  0.000000e+000  0.000000e+000  0.000000e+000  0.000000e+000  0.000000e+000  0.000000e+000  0.000000e+000  0.000000e+000  0.000000e+000  0.000000e+000  0.000000e+000  0.000000e+000  
0.000000e+000  0.000000e+000  0.000000e+000  0.000000e+000  0.000000e+000  0.000000e+000  0.000000e+000  0.000000e+000  0.000000e+000  0.000000e+000  0.000000e+000  0.000000e+000  0.000000e+000  0.000000e+000  0.000000e+000  0.000000e+000  
0.000000e+000  0.000000e+000  0.000000e+000  0.000000e+000  0.000000e+000  0.000000e+000  0.000000e+000  0.000000e+000  0.000000e+000  0.000000e+000  0.000000e+000  0.000000e+000  0.000000e+000  0.000000e+000  0.000000e+000  0.000000e+000  
0.000000e+000  0.000000e+000  0.000000e+000  0.000000e+000  0.000000e+000  0.000000e+000  0.000000e+000  0.000000e+000  0.000000e+000  0.000000e+000  0.000000e+000  0.000000e+000  0.000000e+000  0.000000e+000  0.000000e+000  0.000000e+000  
0.000000e+000  0.000000e+000  0.000000e+000  0.000000e+000  0.000000e+000  0.000000e+000  0.000000e+000  0.000000e+000  0.000000e+000  0.000000e+000  0.000000e+000  0.000000e+000  0.000000e+000  0.000000e+000  0.000000e+000  0.000000e+000  
0.000000e+000  0.000000e+000  0.000000e+000  0.000000e+000  0.000000e+000  0.000000e+000  0.000000e+000  0.000000e+000  0.000000e+000  0.000000e+000  0.000000e+000  0.000000e+000  0.000000e+000  0.000000e+000  0.000000e+000  0.000000e+000  
0.000000e+000  0.000000e+000  0.000000e+000  0.000000e+000  0.000000e+000  0.000000e+000  0.000000e+000  0.000000e+000  0.000000e+000  0.000000e+000  0.000000e+000  0.000000e+000  0.000000e+000  0.000000e+000  0.000000e+000  0.000000e+000  
0.000000e+000  0.000000e+000  0.000000e+000  0.000000e+000  0.000000e+000  0.000000e+000  0.000000e+000  0.000000e+000  0.000000e+000  0.000000e+000  0.000000e+000  0.000000e+000  0.000000e+000  0.000000e+000  0.000000e+000  0.000000e+000  
0.000000e+000  0.000000e+000  0.000000e+000  0.000000e+000  0.000000e+000  0.000000e+000  0.000000e+000  0.000000e+000  0.000000e+000  0.000000e+000  0.000000e+000  0.000000e+000  0.000000e+000  0.000000e+000  0.000000e+000  0.000000e+000  
0.000000e+000  0.000000e+000  0.000000e+000  0.000000e+000  0.000000e+000  0.000000e+000  0.000000e+000  0.000000e+000  0.000000e+000  0.000000e+000  0.000000e+000  0.000000e+000  0.000000e+000  0.000000e+000  0.000000e+000  0.000000e+000  
0.000000e+000  0.000000e+000  0.000000e+000  0.000000e+000  0.000000e+000  0.000000e+000  0.000000e+000  0.000000e+000  0.000000e+000  0.000000e+000  0.000000e+000  0.000000e+000  0.000000e+000  0.000000e+000  0.000000e+000  0.000000e+000  
0.000000e+000  0.000000e+000  0.000000e+000  0.000000e+000  0.000000e+000  0.000000e+000  0.000000e+000  0.000000e+000  0.000000e+000  0.000000e+000  0.000000e+000  0.000000e+000  0.000000e+000  0.000000e+000  0.000000e+000  0.000000e+000  

-9.898889e-001  -2.683027e+000  -3.420154e+000  -3.453565e+000  -2.788112e+000  -9.717861e-001  1.192305e+000  3.485050e+000  5.759382e+000  7.706780e+000  8.283023e+000  8.075401e+000  7.735325e+000  6.486669e+000  2.382220e+000  -0.000000e+000  
-1.005541e+000  -2.730062e+000  -3.478824e+000  -3.498674e+000  -2.807544e+000  -9.792243e-001  1.186005e+000  3.477593e+000  5.755295e+000  7.721911e+000  8.337528e+000  8.146565e+000  7.810134e+000  6.547611e+000  2.399976e+000  -0.000000e+000  
-1.036803e+000  -2.825155e+000  -3.598645e+000  -3.589183e+000  -2.845747e+000  -9.937822e-001  1.173483e+000  3.462571e+000  5.746690e+000  7.751214e+000  8.446861e+000  8.292045e+000  7.963907e+000  6.670112e+000  2.435178e+000  -0.000000e+000  
-1.083523e+000  -2.970310e+000  -3.784954e+000  -3.725505e+000  -2.901351e+000  -1.014826e+000  1.154895e+000  3.439769e+000  5.732712e+000  7.792711e+000  8.611347e+000  8.518533e+000  8.206079e+000  6.855247e+000  2.487151e+000  -0.000000e+000  
-1.145283e+000  -3.168410e+000  -4.046801e+000  -3.907751e+000  -2.972201e+000  -1.041416e+000  1.130467e+000  3.408879e+000  5.712098e+000  7.843293e+000  8.830533e+000  8.836913e+000  8.554198e+000  7.104142e+000  2.554749e+000  -0.000000e+000  
-1.221138e+000  -3.422968e+000  -4.398501e+000  -4.134912e+000  -3.055238e+000  -1.072323e+000  1.100495e+000  3.369505e+000  5.683201e+000  7.898577e+000  9.101712e+000  9.262629e+000  9.040044e+000  7.417158e+000  2.636197e+000  -0.000000e+000  
-1.309229e+000  -3.737634e+000  -4.862339e+000  -4.403308e+000  -3.146382e+000  -1.106052e+000  1.065335e+000  3.321186e+000  5.644042e+000  7.952779e+000  9.417362e+000  9.813773e+000  9.722954e+000  7.792235e+000  2.728894e+000  -0.000000e+000  
-1.406205e+000  -4.115193e+000  -5.473178e+000  -4.703738e+000  -3.240456e+000  -1.140893e+000  1.025393e+000  3.263413e+000  5.592370e+000  7.998685e+000  9.761240e+000  1.050030e+001  1.071999e+001  8.221549e+000  2.829219e+000  -0.000000e+000  
-1.531486e+000  -4.665772e+000  -6.081973e+000  -4.935351e+000  -3.306386e+000  -1.165476e+000  9.921978e-001  3.211719e+000  5.540548e+000  8.017529e+000  1.001475e+001  1.108621e+001  1.189092e+001  8.800275e+000  2.958234e+000  -0.000000e+000  
-1.663916e+000  -5.111205e+000  -6.384111e+000  -5.092371e+000  -3.359937e+000  -1.186688e+000  9.705498e-001  3.183273e+000  5.518420e+000  8.049386e+000  1.019855e+001  1.143212e+001  1.237472e+001  9.331120e+000  3.103720e+000  -0.000000e+000  
-1.770987e+000  -5.418727e+000  -6.613232e+000  -5.237408e+000  -3.419604e+000  -1.212075e+000  9.496675e-001  3.161060e+000  5.508125e+000  8.095442e+000  1.037384e+001  1.170767e+001  1.270752e+001  9.734278e+000  3.231660e+000  -0.000000e+000  
-1.854075e+000  -5.635641e+000  -6.788951e+000  -5.364301e+000  -3.480674e+000  -1.239888e+000  9.298246e-001  3.144156e+000  5.506840e+000  8.148651e+000  1.052951e+001  1.192367e+001  1.295084e+001  1.004080e+001  3.339867e+000  -0.000000e+000  
-1.917299e+000  -5.791670e+000  -6.925012e+000  -5.472370e+000  -3.540006e+000  -1.268666e+000  9.112488e-001  3.131694e+000  5.512131e+000  8.204114e+000  1.066318e+001  1.209397e+001  1.313518e+001  1.027495e+001  3.429215e+000  -0.000000e+000  
-1.965068e+000  -5.906011e+000  -7.031374e+000  -5.563208e+000  -3.595709e+000  -1.297265e+000  8.941147e-001  3.122894e+000  5.521994e+000  8.258689e+000  1.077630e+001  1.222965e+001  1.327819e+001  1.045510e+001  3.501925e+000  -0.000000e+000  
-2.001207e+000  -5.991393e+000  -7.115425e+000  -5.639189e+000  -3.646790e+000  -1.324831e+000  8.785434e-001  3.117071e+000  5.534844e+000  8.310531e+000  1.087156e+001  1.233905e+001  1.339123e+001  1.059495e+001  3.560629e+000  -0.000000e+000  
-2.028770e+000  -6.056466e+000  -7.182734e+000  -5.702775e+000  -3.692868e+000  -1.350764e+000  8.646071e-001  3.113641e+000  5.549467e+000  8.358686e+000  1.095193e+001  1.242840e+001  1.348221e+001  1.070475e+001  3.607892e+000  -0.000000e+000  
-2.050094e+000  -6.107237e+000  -7.237539e+000  -5.756230e+000  -3.733943e+000  -1.374669e+000  8.523383e-001  3.112119e+000  5.564960e+000  8.402774e+000  1.102011e+001  1.250247e+001  1.355687e+001  1.079214e+001  3.646001e+000  -0.000000e+000  
-2.066924e+000  -6.147954e+000  -7.283086e+000  -5.801516e+000  -3.770237e+000  -1.396303e+000  8.417391e-001  3.112105e+000  5.580667e+000  8.442766e+000  1.107847e+001  1.256492e+001  1.361950e+001  1.086286e+001  3.676892e+000  -0.000000e+000  
-2.080548e+000  -6.181653e+000  -7.321857e+000  -5.840260e+000  -3.802074e+000  -1.415534e+000  8.327914e-001  3.113279e+000  5.596120e+000  8.478826e+000  1.112894e+001  1.261856e+001  1.367333e+001  1.092120e+001  3.702141e+000  -0.000000e+000  
-2.091905e+000  -6.210520e+000  -7.355734e+000  -5.873779e+000  -3.829806e+000  -1.432302e+000  8.254661e-001  3.115387e+000  5.610992e+000  8.511196e+000  1.117311e+001  1.266557e+001  1.372080e+001  1.097034e+001  3.722996e+000  -0.000000e+000  
-2.101669e+000  -6.236116e+000  -7.386124e+000  -5.903092e+000  -3.853756e+000  -1.446584e+000  8.197319e-001  3.118228e+000  5.625052e+000  8.540128e+000  1.121219e+001  1.270755e+001  1.376373e+001  1.101262e+001  3.740413e+000  -0.000000e+000  
-2.110308e+000  -6.259530e+000  -7.414034e+000  -5.928953e+000  -3.874186e+000  -1.458373e+000  8.155622e-001  3.121650e+000  5.638133e+000  8.565833e+000  1.124706e+001  1.274568e+001  1.380343e+001  1.104971e+001  3.755088e+000  -0.000000e+000  
-2.118131e+000  -6.281476e+000  -7.440139e+000  -5.951867e+000  -3.891273e+000  -1.467655e+000  8.129404e-001  3.125540e+000  5.650106e+000  8.588448e+000  1.127833e+001  1.278074e+001  1.384076e+001  1.108270e+001  3.767497e+000  -0.000000e+000  
-2.125311e+000  -6.302353e+000  -7.464812e+000  -5.972106e+000  -3.905094e+000  -1.474401e+000  8.118644e-001  3.129814e+000  5.660863e+000  8.608015e+000  1.130629e+001  1.281315e+001  1.387618e+001  1.111221e+001  3.777910e+000  -0.000000e+000  
-2.131904e+000  -6.322285e+000  -7.488150e+000  -5.989721e+000  -3.915617e+000  -1.478551e+000  8.123495e-001  3.134423e+000  5.670307e+000  8.624472e+000  1.133100e+001  1.284300e+001  1.390982e+001  1.113842e+001  3.786411e+000  -0.000000e+000  
-2.137855e+000  -6.341128e+000  -7.509980e+000  -6.004540e+000  -3.922694e+000  -1.480015e+000  8.144297e-001  3.139341e+000  5.678342e+000  8.637639e+000  1.135223e+001  1.287003e+001  1.394142e+001  1.116109e+001  3.792900e+000  -0.000000e+000  
-2.142995e+000  -6.358466e+000  -7.529856e+000  -6.016166e+000  -3.926062e+000  -1.478670e+000  8.181583e-001  3.144571e+000  5.684878e+000  8.647224e+000  1.136947e+001  1.289370e+001  1.397039e+001  1.117956e+001  3.797089e+000  -0.000000e+000  
-2.147027e+000  -6.373585e+000  -7.547033e+000  -6.023961e+000  -3.925343e+000  -1.474365e+000  8.236066e-001  3.150150e+000  5.689833e+000  8.652820e+000  1.138194e+001  1.291305e+001  1.399574e+001  1.119269e+001  3.798491e+000  -0.000000e+000  
-2.149506e+000  -6.385421e+000  -7.560438e+000  -6.027035e+000  -3.920046e+000  -1.466929e+000  8.308618e-001  3.156149e+000  5.693151e+000  8.653919e+000  1.138855e+001  1.292679e+001  1.401605e+001  1.119881e+001  3.796392e+000  -0.000000e+000  
-2.149800e+000  -6.392482e+000  -7.568612e+000  -6.024213e+000  -3.909587e+000  -1.456183e+000  8.400227e-001  3.162683e+000  5.694818e+000  8.649930e+000  1.138785e+001  1.293314e+001  1.402942e+001  1.119561e+001  3.789821e+000  -0.000000e+000  
-2.147038e+000  -6.392725e+000  -7.569638e+000  -6.014006e+000  -3.893300e+000  -1.441964e+000  8.511943e-001  3.169920e+000  5.694889e+000  8.640205e+000  1.137805e+001  1.292984e+001  1.403333e+001  1.118000e+001  3.777505e+000  -0.000000e+000  
-2.140036e+000  -6.383371e+000  -7.561031e+000  -5.994574e+000  -3.870479e+000  -1.424149e+000  8.644808e-001  3.178094e+000  5.693529e+000  8.624098e+000  1.135693e+001  1.291396e+001  1.402456e+001  1.114789e+001  3.757819e+000  -0.000000e+000  
-2.127190e+000  -6.360632e+000  -7.539598e+000  -5.963693e+000  -3.840429e+000  -1.402690e+000  8.799768e-001  3.187518e+000  5.691058e+000  8.601034e+000  1.132180e+001  1.288183e+001  1.399895e+001  1.109388e+001  3.728734e+000  -0.000000e+000  
-2.106345e+000  -6.319282e+000  -7.501238e+000  -5.918726e+000  -3.802551e+000  -1.377657e+000  8.977566e-001  3.198595e+000  5.688010e+000  8.570631e+000  1.126951e+001  1.282880e+001  1.395113e+001  1.101085e+001  3.687769e+000  -0.000000e+000  
-2.074629e+000  -6.252004e+000  -7.440670e+000  -5.856645e+000  -3.756467e+000  -1.349291e+000  9.178634e-001  3.211838e+000  5.685197e+000  8.532870e+000  1.119643e+001  1.274893e+001  1.387404e+001  1.088937e+001  3.631983e+000  -0.000000e+000  
-2.028287e+000  -6.148341e+000  -7.351048e+000  -5.774133e+000  -3.702203e+000  -1.318060e+000  9.402977e-001  3.227880e+000  5.683789e+000  8.488345e+000  1.109861e+001  1.263457e+001  1.375816e+001  1.071690e+001  3.558031e+000  -0.000000e+000  
-1.962584e+000  -5.992996e+000  -7.223412e+000  -5.667901e+000  -3.640436e+000  -1.284716e+000  9.650070e-001  3.247481e+000  5.685382e+000  8.438610e+000  1.097225e+001  1.247571e+001  1.359009e+001  1.047669e+001  3.462389e+000  -0.000000e+000  
-1.871984e+000  -5.762996e+000  -7.045855e+000  -5.535425e+000  -3.572826e+000  -1.250352e+000  9.918787e-001  3.271534e+000  5.692067e+000  8.386624e+000  1.081489e+001  1.225918e+001  1.334958e+001  1.014631e+001  3.341854e+000  -0.000000e+000  
-1.751076e+000  -5.422861e+000  -6.802230e+000  -5.376587e+000  -3.502405e+000  -1.216426e+000  1.020738e+000  3.301052e+000  5.706455e+000  8.337276e+000  1.062797e+001  1.196860e+001  1.300251e+001  9.695923e+000  3.194574e+000  -0.000000e+000  
-1.597304e+000  -4.916202e+000  -6.469976e+000  -5.197154e+000  -3.433954e+000  -1.184755e+000  1.051353e+000  3.337151e+000  5.731645e+000  8.297829e+000  1.042232e+001  1.159007e+001  1.248197e+001  9.086815e+000  3.021985e+000  -0.000000e+000  
-1.427808e+000  -4.193311e+000  -5.610180e+000  -4.836448e+000  -3.303538e+000  -1.124502e+000  1.110984e+000  3.409261e+000  5.785768e+000  8.231585e+000  1.002589e+001  1.074303e+001  1.089055e+001  8.317676e+000  2.842742e+000  -0.000000e+000  
-1.272490e+000  -3.623257e+000  -4.714225e+000  -4.325507e+000  -3.095782e+000  -1.029534e+000  1.190534e+000  3.491897e+000  5.827611e+000  8.088180e+000  9.435042e+000  9.707829e+000  9.525350e+000  7.651141e+000  2.675648e+000  -0.000000e+000  
-1.133580e+000  -3.161135e+000  -4.060606e+000  -3.882140e+000  -2.896511e+000  -9.379769e-001  1.261230e+000  3.558644e+000  5.849477e+000  7.934849e+000  8.911366e+000  8.921042e+000  8.627380e+000  7.081625e+000  2.521166e+000  -0.000000e+000  
-1.016685e+000  -2.797230e+000  -3.578025e+000  -3.517534e+000  -2.717286e+000  -8.544925e-001  1.321949e+000  3.611250e+000  5.857713e+000  7.787948e+000  8.477513e+000  8.335119e+000  7.998510e+000  6.617546e+000  2.386552e+000  -0.000000e+000  
-9.237487e-001  -2.520644e+000  -3.225046e+000  -3.232065e+000  -2.566314e+000  -7.830236e-001  1.371722e+000  3.651292e+000  5.857754e+000  7.659308e+000  8.137512e+000  7.906271e+000  7.550200e+000  6.256278e+000  2.276120e+000  -0.000000e+000  
-8.549023e-001  -2.321797e+000  -2.976836e+000  -3.022515e+000  -2.449139e+000  -7.267153e-001  1.409755e+000  3.680103e+000  5.853981e+000  7.557014e+000  7.888309e+000  7.604822e+000  7.238698e+000  5.992104e+000  2.192191e+000  -0.000000e+000  
-8.095709e-001  -2.193322e+000  -2.818409e+000  -2.885209e+000  -2.369313e+000  -6.878999e-001  1.435446e+000  3.698720e+000  5.849663e+000  7.486288e+000  7.725333e+000  7.412417e+000  7.040912e+000  5.819448e+000  2.135881e+000  -0.000000e+000  
-7.871032e-001  -2.130306e+000  -2.741166e+000  -2.817306e+000  -2.328922e+000  -6.681121e-001  1.448393e+000  3.707849e+000  5.846967e+000  7.450215e+000  7.644848e+000  7.318588e+000  6.944678e+000  5.734193e+000  2.107650e+000  -0.000000e+000  
-0.000000e+000  -0.000000e+000  -0.000000e+000  -0.000000e+000  -0.000000e+000  -0.000000e+000  -0.000000e+000  -0.000000e+000  -0.000000e+000  -0.000000e+000  -0.000000e+000  -0.000000e+000  -0.000000e+000  -0.000000e+000  -0.000000e+000  -0.000000e+000  

