Some ports are defined on (and therefore replace) open boundaries. Note that
higher order modes will not be absorbed unless you increase the number of modes
at these ports.

--------------------------------------------------------------------------------
Number of threads used: 2.

--------------------------------------------------------------------------------
Units settings: 

  Dimensions: mm
  Frequency:  GHz
  Time:       ns

--------------------------------------------------------------------------------
Boundary conditions: 

  YZsymmetry: none
  XZsymmetry: none
  XYsymmetry: none

  Xmin: magnetic
  Xmax: magnetic

  Ymin: electric
  Ymax: electric

  Zmin: expanded open
  Zmax: expanded open

--------------------------------------------------------------------------------
Order settings: 

  Solver order   : 2nd (constant)
  Curved elements: up to order 3 (automatic)

--------------------------------------------------------------------------------
  Mesh time                :	4 s

--------------------------------------------------------------------------------

================================================================================
Frequency Domain Solver calculation cycle started

--------------------------------------------------------------------------------
Solver started at: 09:29 PM Thursday, 28. March 2019

  Module:  Frequency Domain: S-Parameter (Win 64)
  Version: 2015.0 Release from 2015-01-16 (change 344899)

--------------------------------------------------------------------------------
  Calculation 1 of 1 (Frequency: 70 GHz)

--------------------------------------------------------------------------------
*** Warning ***

At least one propagating mode is not considered at port 1. 

--------------------------------------------------------------------------------
*** Warning ***

At least one propagating mode is not considered at port 2. 

--------------------------------------------------------------------------------
  ----------------------------------------------------------------------------
  Port   Mode   Type        Z-Wave        Z-Wave-Sigma  Z-Line        F-Cutoff
  1      1      TEM         377           0             377           0.0
  ----------------------------------------------------------------------------

--------------------------------------------------------------------------------
  ----------------------------------------------------------------------------
  Port   Mode   Type        Z-Wave        Z-Wave-Sigma  Z-Line        F-Cutoff
  2      1      TEM         377           0             377           0.0
  ----------------------------------------------------------------------------

--------------------------------------------------------------------------------
Adaptive mesh refinement pass 1

--------------------------------------------------------------------------------
  Matrix setup time        :	1 s
  Degrees of freedom       :	40120
  Number of mesh cells     :	6326

  Stimulation port         :	1
  Mode number              :	1
  Accuracy                 :	8.6067e-005
  Iterations               :	10
  Solver time              :	0 s

--------------------------------------------------------------------------------
71% of all mesh edges seem to be longer than expected. The adaptive mesh
refinement's growth limitation will therefore use 24423 instead of 6204 mesh
cells as a reference.

--------------------------------------------------------------------------------
Adaptive mesh refinement pass 2

--------------------------------------------------------------------------------
  Matrix setup time        :	0 s
  Degrees of freedom       :	49004
  Number of mesh cells     :	7704

  Stimulation port         :	1
  Mode number              :	1
  Accuracy                 :	7.90474e-005
  Iterations               :	7
  Solver time              :	1 s

--------------------------------------------------------------------------------
Delta S (pass 2) = 0.000897139

--------------------------------------------------------------------------------
Adaptive mesh refinement pass 3

--------------------------------------------------------------------------------
  Matrix setup time        :	1 s
  Solver setup             :	1 s
  Degrees of freedom       :	71650
  Number of mesh cells     :	11215

  Stimulation port         :	1
  Mode number              :	1
  Accuracy                 :	8.09385e-005
  Iterations               :	7
  Solver time              :	1 s

--------------------------------------------------------------------------------
Delta S (pass 3) = 0.00082183

--------------------------------------------------------------------------------
Mesh adaptation terminated because the desired accuracy limit is reached.

--------------------------------------------------------------------------------
  Total time               :	11 s

--------------------------------------------------------------------------------

--------------------------------------------------------------------------------
  Calculation 2 (Frequency: 50 GHz)

--------------------------------------------------------------------------------
  ----------------------------------------------------------------------------
  Port   Mode   Type        Z-Wave        Z-Wave-Sigma  Z-Line        F-Cutoff
  1      1      TEM         377           0             377           0.0
  ----------------------------------------------------------------------------

--------------------------------------------------------------------------------
  ----------------------------------------------------------------------------
  Port   Mode   Type        Z-Wave        Z-Wave-Sigma  Z-Line        F-Cutoff
  2      1      TEM         377           0             377           0.0
  ----------------------------------------------------------------------------

--------------------------------------------------------------------------------
  Matrix setup time        :	0 s
  Solver setup             :	1 s
  Degrees of freedom       :	71650
  Number of mesh cells     :	11215

  Stimulation port         :	1
  Mode number              :	1
  Accuracy                 :	6.39849e-005
  Iterations               :	7
  Solver time              :	1 s

--------------------------------------------------------------------------------
  Total time               :	2 s

--------------------------------------------------------------------------------

--------------------------------------------------------------------------------
  Calculation 3 (Frequency: 60 GHz)

--------------------------------------------------------------------------------
  ----------------------------------------------------------------------------
  Port   Mode   Type        Z-Wave        Z-Wave-Sigma  Z-Line        F-Cutoff
  1      1      TEM         377           0             0             0.0
  ----------------------------------------------------------------------------

--------------------------------------------------------------------------------
  ----------------------------------------------------------------------------
  Port   Mode   Type        Z-Wave        Z-Wave-Sigma  Z-Line        F-Cutoff
  2      1      TEM         377           0             0             0.0
  ----------------------------------------------------------------------------

--------------------------------------------------------------------------------
  Matrix setup time        :	1 s
  Degrees of freedom       :	71650
  Number of mesh cells     :	11215

  Stimulation port         :	1
  Mode number              :	1
  Accuracy                 :	9.21137e-005
  Iterations               :	7
  Solver time              :	1 s

--------------------------------------------------------------------------------
  Total time               :	2 s

--------------------------------------------------------------------------------

--------------------------------------------------------------------------------
  Calculation 4 (Frequency: 65 GHz)

--------------------------------------------------------------------------------
  ----------------------------------------------------------------------------
  Port   Mode   Type        Z-Wave        Z-Wave-Sigma  Z-Line        F-Cutoff
  1      1      TEM         377           0             0             0.0
  ----------------------------------------------------------------------------

--------------------------------------------------------------------------------
  ----------------------------------------------------------------------------
  Port   Mode   Type        Z-Wave        Z-Wave-Sigma  Z-Line        F-Cutoff
  2      1      TEM         377           0             0             0.0
  ----------------------------------------------------------------------------

--------------------------------------------------------------------------------
  Matrix setup time        :	1 s
  Solver setup             :	1 s
  Degrees of freedom       :	71650
  Number of mesh cells     :	11215

  Stimulation port         :	1
  Mode number              :	1
  Accuracy                 :	8.78469e-005
  Iterations               :	10
  Solver time              :	0 s

--------------------------------------------------------------------------------
  Total time               :	2 s

--------------------------------------------------------------------------------

--------------------------------------------------------------------------------
  Calculation 5 (Frequency: 54.8 GHz)

--------------------------------------------------------------------------------
  ----------------------------------------------------------------------------
  Port   Mode   Type        Z-Wave        Z-Wave-Sigma  Z-Line        F-Cutoff
  1      1      TEM         377           0             0             0.0
  ----------------------------------------------------------------------------

--------------------------------------------------------------------------------
  ----------------------------------------------------------------------------
  Port   Mode   Type        Z-Wave        Z-Wave-Sigma  Z-Line        F-Cutoff
  2      1      TEM         377           0             0             0.0
  ----------------------------------------------------------------------------

--------------------------------------------------------------------------------
  Matrix setup time        :	0 s
  Solver setup             :	1 s
  Degrees of freedom       :	71650
  Number of mesh cells     :	11215

  Stimulation port         :	1
  Mode number              :	1
  Accuracy                 :	9.68325e-005
  Iterations               :	6
  Solver time              :	0 s

--------------------------------------------------------------------------------
  Generating results       :	1 s

  Total time               :	2 s

--------------------------------------------------------------------------------

--------------------------------------------------------------------------------
  Calculation 6 (Frequency: 68.14 GHz)

--------------------------------------------------------------------------------
  ----------------------------------------------------------------------------
  Port   Mode   Type        Z-Wave        Z-Wave-Sigma  Z-Line        F-Cutoff
  1      1      TEM         377           0             0             0.0
  ----------------------------------------------------------------------------

--------------------------------------------------------------------------------
  ----------------------------------------------------------------------------
  Port   Mode   Type        Z-Wave        Z-Wave-Sigma  Z-Line        F-Cutoff
  2      1      TEM         377           0             0             0.0
  ----------------------------------------------------------------------------

--------------------------------------------------------------------------------
  Matrix setup time        :	0 s
  Solver setup             :	1 s
  Degrees of freedom       :	71650
  Number of mesh cells     :	11215

  Stimulation port         :	1
  Mode number              :	1
  Accuracy                 :	8.51234e-005
  Iterations               :	9
  Solver time              :	1 s

--------------------------------------------------------------------------------
  Total time               :	2 s

--------------------------------------------------------------------------------

--------------------------------------------------------------------------------
The S-parameter convergence criterion has been satisfied after
calculating 6 frequency samples:

  S-parameter error threshold value : 0.01
  Number of error criterion checks  : 2
  Minimum number of samples         : 3
  S-parameters considered for sweep : All

--------------------------------------------------------------------------------
*** Warning ***

Solver has been aborted.

--------------------------------------------------------------------------------
  ----------------------------------------------------------------------------
                      Peak memory used (kB)         Free physical memory (kB) 
                                                    At begin     Minimum      
  ----------------------------------------------------------------------------
  Solver start        16392                         1441636      1441348      
  Eq. system setup    136808                        1441812      1371096      
  Eq. system solve    137016                        1417116      1318164      
  Mesh refinement     105292                        1406984      1404404      
  Solver run total    137016                        1441636      1318164      

  Computer name       LAPTOP-PB2LA5RU
  ----------------------------------------------------------------------------

--------------------------------------------------------------------------------
