Port monitor named: Port2_e1.prt

nx        = 13
ny        = 13
nz        = 50

nu        = 13
nv        = 13
iu        = 1
iv        = 1

idir      = 2
dcut      = 0.000000e+000
icut      = 1
type      = 0
frequency = 6.000000e+010

fcutoff   = 0.000000e+000
alpha     = 0.000000e+000
beta      = 1.723311e+003
accuracy  = 1.980865e-014

type          = QTEM
wave imp.     = 2.323774e+002
wave imp.sig. = 0.000000e+000
line imp.     = 2.144782e+002

ref. port     = 0

0.000000e+000  0.000000e+000  0.000000e+000  0.000000e+000  0.000000e+000  0.000000e+000  0.000000e+000  0.000000e+000  0.000000e+000  0.000000e+000  0.000000e+000  0.000000e+000  0.000000e+000  
-1.648583e+002  -4.894368e+002  -5.811468e+002  -2.250663e+002  -8.970944e+001  -7.099787e+001  -7.744626e+001  -3.232303e+001  1.835803e+002  7.193961e+002  6.286125e+002  1.938430e+002  0.000000e+000  
-3.288605e+002  -1.212288e+003  -1.348333e+003  -3.438497e+002  -1.243146e+002  -1.282320e+002  -1.749972e+002  -1.393730e+002  2.183021e+002  1.693496e+003  1.430864e+003  3.541533e+002  0.000000e+000  
-1.292444e+002  -3.308693e+002  -7.239917e+002  -3.630090e+002  -1.784245e+002  -1.069289e+002  -5.908761e+001  5.504145e+001  3.455499e+002  8.975425e+002  4.809322e+002  1.819223e+002  0.000000e+000  
-4.699844e+001  -1.169203e+002  -3.509358e+002  -2.312867e+002  -1.319873e+002  -6.948755e+001  -1.361919e+001  7.694554e+001  2.356027e+002  4.387550e+002  1.827443e+002  7.686416e+001  0.000000e+000  
-1.507623e+001  -3.859333e+001  -1.302881e+002  -9.547216e+001  -5.802824e+001  -3.029919e+001  -3.804458e+000  3.616583e+001  9.772140e+001  1.629773e+002  6.096645e+001  2.607550e+001  0.000000e+000  
3.149845e+000  8.762414e+000  3.386231e+001  3.100348e+001  2.156684e+001  7.993714e+000  -7.732711e+000  -2.365700e+001  -3.699120e+001  -4.381710e+001  -1.294572e+001  -5.001701e+000  0.000000e+000  
2.266424e+001  5.938621e+001  2.090140e+002  1.662362e+002  1.068144e+002  4.900180e+001  -1.200665e+001  -8.773280e+001  -1.808123e+002  -2.640249e+002  -9.190699e+001  -3.827611e+001  0.000000e+000  
5.968912e+001  1.501457e+002  4.667223e+002  3.297980e+002  1.979608e+002  9.665018e+001  -2.406849e+000  -1.406221e+002  -3.472099e+002  -5.846035e+002  -2.328013e+002  -9.742887e+001  0.000000e+000  
1.569045e+002  4.001376e+002  9.155024e+002  5.114548e+002  2.724957e+002  1.488387e+002  4.618204e+001  -1.350236e+002  -5.072075e+002  -1.133067e+003  -5.829070e+002  -2.238969e+002  0.000000e+000  
4.000791e+002  1.415130e+003  1.665708e+003  5.639741e+002  2.508828e+002  1.904888e+002  1.765662e+002  5.206203e+001  -4.491820e+002  -2.075466e+003  -1.690212e+003  -4.444143e+002  0.000000e+000  
1.828478e+002  5.225540e+002  6.632644e+002  3.485809e+002  1.739451e+002  1.078538e+002  6.485607e+001  -4.274729e+001  -3.209485e+002  -8.167972e+002  -6.938127e+002  -2.306270e+002  0.000000e+000  
0.000000e+000  0.000000e+000  0.000000e+000  0.000000e+000  0.000000e+000  0.000000e+000  0.000000e+000  0.000000e+000  0.000000e+000  0.000000e+000  0.000000e+000  0.000000e+000  0.000000e+000  

5.699778e+003  5.467893e+003  4.796158e+003  3.538502e+003  2.907300e+003  2.670293e+003  2.690527e+003  2.944157e+003  3.505722e+003  4.594534e+003  6.564206e+003  7.994072e+003  8.469630e+003  
5.956301e+003  5.708924e+003  4.755128e+003  3.131416e+003  2.626391e+003  2.458869e+003  2.488966e+003  2.700245e+003  3.143919e+003  4.035979e+003  6.495443e+003  8.240200e+003  8.696670e+003  
6.624675e+003  6.633761e+003  6.839996e+003  6.841192e+003  6.458436e+003  6.275662e+003  6.398312e+003  6.850867e+003  7.631481e+003  8.620092e+003  9.011411e+003  9.079159e+003  9.227110e+003  
6.843859e+003  6.757263e+003  6.475606e+003  6.178810e+003  5.922815e+003  5.828373e+003  5.959276e+003  6.336294e+003  6.946812e+003  7.720409e+003  8.507561e+003  9.241619e+003  9.483250e+003  
6.892817e+003  6.766825e+003  6.381193e+003  5.909948e+003  5.641965e+003  5.565427e+003  5.693011e+003  6.033611e+003  6.587366e+003  7.349850e+003  8.348809e+003  9.271234e+003  9.575176e+003  
6.944824e+003  6.806973e+003  6.393656e+003  5.853242e+003  5.566255e+003  5.489560e+003  5.613902e+003  5.941887e+003  6.482227e+003  7.259452e+003  8.344578e+003  9.325121e+003  9.653090e+003  
7.048991e+003  6.910028e+003  6.492935e+003  5.954545e+003  5.671512e+003  5.598529e+003  5.725760e+003  6.055472e+003  6.595852e+003  7.371431e+003  8.455487e+003  9.442018e+003  9.771439e+003  
7.201802e+003  7.073551e+003  6.678984e+003  6.219047e+003  5.965379e+003  5.900815e+003  6.037609e+003  6.384039e+003  6.937912e+003  7.693084e+003  8.682674e+003  9.618100e+003  9.924214e+003  
7.342548e+003  7.257587e+003  6.973938e+003  6.714428e+003  6.489459e+003  6.416520e+003  6.564217e+003  6.953907e+003  7.566349e+003  8.321081e+003  9.071689e+003  9.803779e+003  1.003992e+004  
7.264911e+003  7.294911e+003  7.562506e+003  7.647236e+003  7.317663e+003  7.162619e+003  7.310241e+003  7.789826e+003  8.584346e+003  9.538106e+003  9.842740e+003  9.815075e+003  9.931986e+003  
6.502754e+003  6.261618e+003  5.375777e+003  3.799540e+003  3.243850e+003  3.053976e+003  3.093161e+003  3.345287e+003  3.862069e+003  4.853724e+003  7.247345e+003  8.894549e+003  9.342123e+003  
6.222453e+003  6.030491e+003  5.489247e+003  4.422817e+003  3.783384e+003  3.517274e+003  3.549771e+003  3.869751e+003  4.536913e+003  5.687002e+003  7.426444e+003  8.652847e+003  9.078215e+003  
0.000000e+000  0.000000e+000  0.000000e+000  0.000000e+000  0.000000e+000  0.000000e+000  0.000000e+000  0.000000e+000  0.000000e+000  0.000000e+000  0.000000e+000  0.000000e+000  0.000000e+000  

0.000000e+000  0.000000e+000  0.000000e+000  0.000000e+000  0.000000e+000  0.000000e+000  0.000000e+000  0.000000e+000  0.000000e+000  0.000000e+000  0.000000e+000  0.000000e+000  0.000000e+000  
0.000000e+000  0.000000e+000  0.000000e+000  0.000000e+000  0.000000e+000  0.000000e+000  0.000000e+000  0.000000e+000  0.000000e+000  0.000000e+000  0.000000e+000  0.000000e+000  0.000000e+000  
0.000000e+000  0.000000e+000  0.000000e+000  0.000000e+000  0.000000e+000  0.000000e+000  0.000000e+000  0.000000e+000  0.000000e+000  0.000000e+000  0.000000e+000  0.000000e+000  0.000000e+000  
0.000000e+000  0.000000e+000  0.000000e+000  0.000000e+000  0.000000e+000  0.000000e+000  0.000000e+000  0.000000e+000  0.000000e+000  0.000000e+000  0.000000e+000  0.000000e+000  0.000000e+000  
0.000000e+000  0.000000e+000  0.000000e+000  0.000000e+000  0.000000e+000  0.000000e+000  0.000000e+000  0.000000e+000  0.000000e+000  0.000000e+000  0.000000e+000  0.000000e+000  0.000000e+000  
0.000000e+000  0.000000e+000  0.000000e+000  0.000000e+000  0.000000e+000  0.000000e+000  0.000000e+000  0.000000e+000  0.000000e+000  0.000000e+000  0.000000e+000  0.000000e+000  0.000000e+000  
0.000000e+000  0.000000e+000  0.000000e+000  0.000000e+000  0.000000e+000  0.000000e+000  0.000000e+000  0.000000e+000  0.000000e+000  0.000000e+000  0.000000e+000  0.000000e+000  0.000000e+000  
0.000000e+000  0.000000e+000  0.000000e+000  0.000000e+000  0.000000e+000  0.000000e+000  0.000000e+000  0.000000e+000  0.000000e+000  0.000000e+000  0.000000e+000  0.000000e+000  0.000000e+000  
0.000000e+000  0.000000e+000  0.000000e+000  0.000000e+000  0.000000e+000  0.000000e+000  0.000000e+000  0.000000e+000  0.000000e+000  0.000000e+000  0.000000e+000  0.000000e+000  0.000000e+000  
0.000000e+000  0.000000e+000  0.000000e+000  0.000000e+000  0.000000e+000  0.000000e+000  0.000000e+000  0.000000e+000  0.000000e+000  0.000000e+000  0.000000e+000  0.000000e+000  0.000000e+000  
0.000000e+000  0.000000e+000  0.000000e+000  0.000000e+000  0.000000e+000  0.000000e+000  0.000000e+000  0.000000e+000  0.000000e+000  0.000000e+000  0.000000e+000  0.000000e+000  0.000000e+000  
0.000000e+000  0.000000e+000  0.000000e+000  0.000000e+000  0.000000e+000  0.000000e+000  0.000000e+000  0.000000e+000  0.000000e+000  0.000000e+000  0.000000e+000  0.000000e+000  0.000000e+000  
0.000000e+000  0.000000e+000  0.000000e+000  0.000000e+000  0.000000e+000  0.000000e+000  0.000000e+000  0.000000e+000  0.000000e+000  0.000000e+000  0.000000e+000  0.000000e+000  0.000000e+000  

0.000000e+000  0.000000e+000  0.000000e+000  0.000000e+000  0.000000e+000  0.000000e+000  0.000000e+000  0.000000e+000  0.000000e+000  0.000000e+000  0.000000e+000  0.000000e+000  0.000000e+000  
0.000000e+000  0.000000e+000  0.000000e+000  0.000000e+000  0.000000e+000  0.000000e+000  0.000000e+000  0.000000e+000  0.000000e+000  0.000000e+000  0.000000e+000  0.000000e+000  0.000000e+000  
0.000000e+000  0.000000e+000  0.000000e+000  0.000000e+000  0.000000e+000  0.000000e+000  0.000000e+000  0.000000e+000  0.000000e+000  0.000000e+000  0.000000e+000  0.000000e+000  0.000000e+000  
0.000000e+000  0.000000e+000  0.000000e+000  0.000000e+000  0.000000e+000  0.000000e+000  0.000000e+000  0.000000e+000  0.000000e+000  0.000000e+000  0.000000e+000  0.000000e+000  0.000000e+000  
0.000000e+000  0.000000e+000  0.000000e+000  0.000000e+000  0.000000e+000  0.000000e+000  0.000000e+000  0.000000e+000  0.000000e+000  0.000000e+000  0.000000e+000  0.000000e+000  0.000000e+000  
0.000000e+000  0.000000e+000  0.000000e+000  0.000000e+000  0.000000e+000  0.000000e+000  0.000000e+000  0.000000e+000  0.000000e+000  0.000000e+000  0.000000e+000  0.000000e+000  0.000000e+000  
0.000000e+000  0.000000e+000  0.000000e+000  0.000000e+000  0.000000e+000  0.000000e+000  0.000000e+000  0.000000e+000  0.000000e+000  0.000000e+000  0.000000e+000  0.000000e+000  0.000000e+000  
0.000000e+000  0.000000e+000  0.000000e+000  0.000000e+000  0.000000e+000  0.000000e+000  0.000000e+000  0.000000e+000  0.000000e+000  0.000000e+000  0.000000e+000  0.000000e+000  0.000000e+000  
0.000000e+000  0.000000e+000  0.000000e+000  0.000000e+000  0.000000e+000  0.000000e+000  0.000000e+000  0.000000e+000  0.000000e+000  0.000000e+000  0.000000e+000  0.000000e+000  0.000000e+000  
0.000000e+000  0.000000e+000  0.000000e+000  0.000000e+000  0.000000e+000  0.000000e+000  0.000000e+000  0.000000e+000  0.000000e+000  0.000000e+000  0.000000e+000  0.000000e+000  0.000000e+000  
0.000000e+000  0.000000e+000  0.000000e+000  0.000000e+000  0.000000e+000  0.000000e+000  0.000000e+000  0.000000e+000  0.000000e+000  0.000000e+000  0.000000e+000  0.000000e+000  0.000000e+000  
0.000000e+000  0.000000e+000  0.000000e+000  0.000000e+000  0.000000e+000  0.000000e+000  0.000000e+000  0.000000e+000  0.000000e+000  0.000000e+000  0.000000e+000  0.000000e+000  0.000000e+000  
0.000000e+000  0.000000e+000  0.000000e+000  0.000000e+000  0.000000e+000  0.000000e+000  0.000000e+000  0.000000e+000  0.000000e+000  0.000000e+000  0.000000e+000  0.000000e+000  0.000000e+000  

0.000000e+000  0.000000e+000  0.000000e+000  0.000000e+000  0.000000e+000  0.000000e+000  0.000000e+000  0.000000e+000  0.000000e+000  0.000000e+000  0.000000e+000  0.000000e+000  0.000000e+000  
0.000000e+000  0.000000e+000  0.000000e+000  0.000000e+000  0.000000e+000  0.000000e+000  0.000000e+000  0.000000e+000  0.000000e+000  0.000000e+000  0.000000e+000  0.000000e+000  0.000000e+000  
0.000000e+000  0.000000e+000  0.000000e+000  0.000000e+000  0.000000e+000  0.000000e+000  0.000000e+000  0.000000e+000  0.000000e+000  0.000000e+000  0.000000e+000  0.000000e+000  0.000000e+000  
0.000000e+000  0.000000e+000  0.000000e+000  0.000000e+000  0.000000e+000  0.000000e+000  0.000000e+000  0.000000e+000  0.000000e+000  0.000000e+000  0.000000e+000  0.000000e+000  0.000000e+000  
0.000000e+000  0.000000e+000  0.000000e+000  0.000000e+000  0.000000e+000  0.000000e+000  0.000000e+000  0.000000e+000  0.000000e+000  0.000000e+000  0.000000e+000  0.000000e+000  0.000000e+000  
0.000000e+000  0.000000e+000  0.000000e+000  0.000000e+000  0.000000e+000  0.000000e+000  0.000000e+000  0.000000e+000  0.000000e+000  0.000000e+000  0.000000e+000  0.000000e+000  0.000000e+000  
0.000000e+000  0.000000e+000  0.000000e+000  0.000000e+000  0.000000e+000  0.000000e+000  0.000000e+000  0.000000e+000  0.000000e+000  0.000000e+000  0.000000e+000  0.000000e+000  0.000000e+000  
0.000000e+000  0.000000e+000  0.000000e+000  0.000000e+000  0.000000e+000  0.000000e+000  0.000000e+000  0.000000e+000  0.000000e+000  0.000000e+000  0.000000e+000  0.000000e+000  0.000000e+000  
0.000000e+000  0.000000e+000  0.000000e+000  0.000000e+000  0.000000e+000  0.000000e+000  0.000000e+000  0.000000e+000  0.000000e+000  0.000000e+000  0.000000e+000  0.000000e+000  0.000000e+000  
0.000000e+000  0.000000e+000  0.000000e+000  0.000000e+000  0.000000e+000  0.000000e+000  0.000000e+000  0.000000e+000  0.000000e+000  0.000000e+000  0.000000e+000  0.000000e+000  0.000000e+000  
0.000000e+000  0.000000e+000  0.000000e+000  0.000000e+000  0.000000e+000  0.000000e+000  0.000000e+000  0.000000e+000  0.000000e+000  0.000000e+000  0.000000e+000  0.000000e+000  0.000000e+000  
0.000000e+000  0.000000e+000  0.000000e+000  0.000000e+000  0.000000e+000  0.000000e+000  0.000000e+000  0.000000e+000  0.000000e+000  0.000000e+000  0.000000e+000  0.000000e+000  0.000000e+000  
0.000000e+000  0.000000e+000  0.000000e+000  0.000000e+000  0.000000e+000  0.000000e+000  0.000000e+000  0.000000e+000  0.000000e+000  0.000000e+000  0.000000e+000  0.000000e+000  0.000000e+000  

0.000000e+000  0.000000e+000  0.000000e+000  0.000000e+000  0.000000e+000  0.000000e+000  0.000000e+000  0.000000e+000  0.000000e+000  0.000000e+000  0.000000e+000  0.000000e+000  0.000000e+000  
2.831531e+002  3.232027e+002  4.425516e+002  6.564873e+002  7.376165e+002  7.696411e+002  7.963730e+002  8.272062e+002  8.428249e+002  7.789043e+002  5.139166e+002  3.092878e+002  2.465196e+002  
4.759112e+002  5.553541e+002  8.503917e+002  1.348129e+003  1.470237e+003  1.513650e+003  1.561967e+003  1.631096e+003  1.690355e+003  1.618850e+003  9.927794e+002  5.275331e+002  4.134613e+002  
4.346916e+002  4.614790e+002  5.256075e+002  7.773126e+002  9.053275e+002  9.691765e+002  1.008898e+003  1.032751e+003  1.016547e+003  8.966990e+002  5.826876e+002  4.485563e+002  3.950651e+002  
2.373654e+002  2.458322e+002  2.643605e+002  3.848244e+002  4.682214e+002  5.169555e+002  5.426155e+002  5.470561e+002  5.178366e+002  4.317424e+002  2.779387e+002  2.308223e+002  2.089481e+002  
-1.748091e+001  -1.256491e+001  1.546941e-001  5.645299e+001  9.869018e+001  1.241465e+002  1.356936e+002  1.334749e+002  1.124008e+002  6.484321e+001  -9.020017e+000  -3.774313e+001  -4.963216e+001  
-2.930190e+002  -2.874922e+002  -2.709031e+002  -2.538891e+002  -2.471231e+002  -2.460267e+002  -2.479243e+002  -2.518687e+002  -2.586505e+002  -2.711924e+002  -2.950834e+002  -3.245263e+002  -3.342460e+002  
-5.694556e+002  -5.637891e+002  -5.445219e+002  -5.718295e+002  -6.046375e+002  -6.304995e+002  -6.469223e+002  -6.520794e+002  -6.421228e+002  -6.149417e+002  -5.823059e+002  -6.097217e+002  -6.161176e+002  
-8.248031e+002  -8.245632e+002  -8.157301e+002  -9.244644e+002  -1.011599e+003  -1.068730e+003  -1.102659e+003  -1.113239e+003  -1.087955e+003  -1.007371e+003  -8.727735e+002  -8.716379e+002  -8.637730e+002  
-1.013752e+003  -1.037213e+003  -1.087293e+003  -1.363681e+003  -1.519671e+003  -1.605287e+003  -1.659253e+003  -1.688515e+003  -1.665563e+003  -1.524623e+003  -1.185010e+003  -1.070760e+003  -1.020853e+003  
-1.014189e+003  -1.105112e+003  -1.432150e+003  -2.019152e+003  -2.204937e+003  -2.286331e+003  -2.357183e+003  -2.434694e+003  -2.478233e+003  -2.347716e+003  -1.618903e+003  -1.100849e+003  -9.680884e+002  
-6.014369e+002  -6.435701e+002  -7.646935e+002  -9.967989e+002  -1.115013e+003  -1.173758e+003  -1.213913e+003  -1.244163e+003  -1.240503e+003  -1.138864e+003  -8.554731e+002  -6.426104e+002  -5.725804e+002  
0.000000e+000  0.000000e+000  0.000000e+000  0.000000e+000  0.000000e+000  0.000000e+000  0.000000e+000  0.000000e+000  0.000000e+000  0.000000e+000  0.000000e+000  0.000000e+000  0.000000e+000  

